{"metadata":{"kernelspec":{"language":"python","display_name":"Python 3","name":"python3"},"language_info":{"name":"python","version":"3.10.13","mimetype":"text/x-python","codemirror_mode":{"name":"ipython","version":3},"pygments_lexer":"ipython3","nbconvert_exporter":"python","file_extension":".py"},"kaggle":{"accelerator":"none","dataSources":[{"sourceId":2157,"sourceType":"datasetVersion","datasetId":18}],"isInternetEnabled":false,"language":"python","sourceType":"notebook","isGpuEnabled":false}},"nbformat_minor":4,"nbformat":4,"cells":[{"cell_type":"code","source":"import pandas as pd\nimport numpy as np\nimport matplotlib.pyplot as plt\nimport seaborn as sns\n\nplt.style.use('ggplot')\n\nimport nltk","metadata":{"_uuid":"8f2839f25d086af736a60e9eeb907d3b93b6e0e5","_cell_guid":"b1076dfc-b9ad-4769-8c92-a6c4dae69d19","execution":{"iopub.status.busy":"2024-06-29T06:14:01.888502Z","iopub.execute_input":"2024-06-29T06:14:01.889514Z","iopub.status.idle":"2024-06-29T06:14:05.664534Z","shell.execute_reply.started":"2024-06-29T06:14:01.889474Z","shell.execute_reply":"2024-06-29T06:14:05.663236Z"},"trusted":true},"execution_count":1,"outputs":[]},{"cell_type":"code","source":"df = pd.read_csv('../input/amazon-fine-food-reviews/Reviews.csv')\nprint(df.shape)\ndf = df.head(500)\nprint(df.shape)","metadata":{"execution":{"iopub.status.busy":"2024-06-29T06:14:05.666639Z","iopub.execute_input":"2024-06-29T06:14:05.667120Z","iopub.status.idle":"2024-06-29T06:14:14.269425Z","shell.execute_reply.started":"2024-06-29T06:14:05.667088Z","shell.execute_reply":"2024-06-29T06:14:14.268180Z"},"trusted":true},"execution_count":2,"outputs":[{"name":"stdout","text":"(568454, 10)\n(500, 10)\n","output_type":"stream"}]},{"cell_type":"code","source":"df.head()","metadata":{"execution":{"iopub.status.busy":"2024-06-29T06:14:14.270760Z","iopub.execute_input":"2024-06-29T06:14:14.271139Z","iopub.status.idle":"2024-06-29T06:14:14.297351Z","shell.execute_reply.started":"2024-06-29T06:14:14.271110Z","shell.execute_reply":"2024-06-29T06:14:14.296147Z"},"trusted":true},"execution_count":3,"outputs":[{"execution_count":3,"output_type":"execute_result","data":{"text/plain":"   Id   ProductId          UserId                      ProfileName  \\\n0   1  B001E4KFG0  A3SGXH7AUHU8GW                       delmartian   \n1   2  B00813GRG4  A1D87F6ZCVE5NK                           dll pa   \n2   3  B000LQOCH0   ABXLMWJIXXAIN  Natalia Corres \"Natalia Corres\"   \n3   4  B000UA0QIQ  A395BORC6FGVXV                             Karl   \n4   5  B006K2ZZ7K  A1UQRSCLF8GW1T    Michael D. Bigham \"M. Wassir\"   \n\n   HelpfulnessNumerator  HelpfulnessDenominator  Score        Time  \\\n0                     1                       1      5  1303862400   \n1                     0                       0      1  1346976000   \n2                     1                       1      4  1219017600   \n3                     3                       3      2  1307923200   \n4                     0                       0      5  1350777600   \n\n                 Summary                                               Text  \n0  Good Quality Dog Food  I have bought several of the Vitality canned d...  \n1      Not as Advertised  Product arrived labeled as Jumbo Salted Peanut...  \n2  \"Delight\" says it all  This is a confection that has been around a fe...  \n3         Cough Medicine  If you are looking for the secret ingredient i...  \n4            Great taffy  Great taffy at a great price.  There was a wid...  ","text/html":"<div>\n<style scoped>\n    .dataframe tbody tr th:only-of-type {\n        vertical-align: middle;\n    }\n\n    .dataframe tbody tr th {\n        vertical-align: top;\n    }\n\n    .dataframe thead th {\n        text-align: right;\n    }\n</style>\n<table border=\"1\" class=\"dataframe\">\n  <thead>\n    <tr style=\"text-align: right;\">\n      <th></th>\n      <th>Id</th>\n      <th>ProductId</th>\n      <th>UserId</th>\n      <th>ProfileName</th>\n      <th>HelpfulnessNumerator</th>\n      <th>HelpfulnessDenominator</th>\n      <th>Score</th>\n      <th>Time</th>\n      <th>Summary</th>\n      <th>Text</th>\n    </tr>\n  </thead>\n  <tbody>\n    <tr>\n      <th>0</th>\n      <td>1</td>\n      <td>B001E4KFG0</td>\n      <td>A3SGXH7AUHU8GW</td>\n      <td>delmartian</td>\n      <td>1</td>\n      <td>1</td>\n      <td>5</td>\n      <td>1303862400</td>\n      <td>Good Quality Dog Food</td>\n      <td>I have bought several of the Vitality canned d...</td>\n    </tr>\n    <tr>\n      <th>1</th>\n      <td>2</td>\n      <td>B00813GRG4</td>\n      <td>A1D87F6ZCVE5NK</td>\n      <td>dll pa</td>\n      <td>0</td>\n      <td>0</td>\n      <td>1</td>\n      <td>1346976000</td>\n      <td>Not as Advertised</td>\n      <td>Product arrived labeled as Jumbo Salted Peanut...</td>\n    </tr>\n    <tr>\n      <th>2</th>\n      <td>3</td>\n      <td>B000LQOCH0</td>\n      <td>ABXLMWJIXXAIN</td>\n      <td>Natalia Corres \"Natalia Corres\"</td>\n      <td>1</td>\n      <td>1</td>\n      <td>4</td>\n      <td>1219017600</td>\n      <td>\"Delight\" says it all</td>\n      <td>This is a confection that has been around a fe...</td>\n    </tr>\n    <tr>\n      <th>3</th>\n      <td>4</td>\n      <td>B000UA0QIQ</td>\n      <td>A395BORC6FGVXV</td>\n      <td>Karl</td>\n      <td>3</td>\n      <td>3</td>\n      <td>2</td>\n      <td>1307923200</td>\n      <td>Cough Medicine</td>\n      <td>If you are looking for the secret ingredient i...</td>\n    </tr>\n    <tr>\n      <th>4</th>\n      <td>5</td>\n      <td>B006K2ZZ7K</td>\n      <td>A1UQRSCLF8GW1T</td>\n      <td>Michael D. Bigham \"M. Wassir\"</td>\n      <td>0</td>\n      <td>0</td>\n      <td>5</td>\n      <td>1350777600</td>\n      <td>Great taffy</td>\n      <td>Great taffy at a great price.  There was a wid...</td>\n    </tr>\n  </tbody>\n</table>\n</div>"},"metadata":{}}]},{"cell_type":"code","source":"ax = df['Score'].value_counts().sort_index() \\\n    .plot(kind='bar',\n          title='Count of Reviews by Stars',\n          figsize=(10, 5))\nax.set_xlabel('Review Stars')\nplt.show()","metadata":{"execution":{"iopub.status.busy":"2024-06-29T06:14:14.298909Z","iopub.execute_input":"2024-06-29T06:14:14.299322Z","iopub.status.idle":"2024-06-29T06:14:14.616575Z","shell.execute_reply.started":"2024-06-29T06:14:14.299285Z","shell.execute_reply":"2024-06-29T06:14:14.615351Z"},"trusted":true},"execution_count":4,"outputs":[{"output_type":"display_data","data":{"text/plain":"<Figure size 1000x500 with 1 Axes>","image/png":"iVBORw0KGgoAAAANSUhEUgAAAz8AAAHWCAYAAABZgTcgAAAAOXRFWHRTb2Z0d2FyZQBNYXRwbG90bGliIHZlcnNpb24zLjcuNSwgaHR0cHM6Ly9tYXRwbG90bGliLm9yZy/xnp5ZAAAACXBIWXMAAA9hAAAPYQGoP6dpAABGvUlEQVR4nO3de1xVdb7/8fcGNvdkg6iAiKBGWipYpokeUXRymjym6dHCyjKtxks1/Zxu3k3HtJxTjXWOR7G0i+nY0bRM7eIl08pLeTc0MW9gkoApohtYvz96sI5bQNkJe4+s1/Px6DGs+2ctP2O8W9+1ls0wDEMAAAAAUMv5eLsAAAAAAPAEwg8AAAAASyD8AAAAALAEwg8AAAAASyD8AAAAALAEwg8AAAAASyD8AAAAALAEwg8AAAAASyD8AAAAALAEwg8AWNDq1auVkpIih8Mhm82m3r17e7sktx06dEg2m00PPvigt0u5arXpXADgXxnhB8A1b9++fRo5cqRatmypsLAw+fv7KyYmRnfeeacyMjJ0/vx5b5d4RW+99ZZsNpveeuutGj/WoUOHdNdddykrK0uDBw/W+PHjdc8991x2m7Vr18pms7n8Y7fbFRMTo7vvvlvr16+v8bpRc0pKSjR79mylpqYqIiJCdrtd9evXV+vWrTVkyBAtW7bMZX1P9isAVCc/bxcAAFdj0qRJmjhxokpLS9WhQwcNGjRIoaGhOnHihNauXashQ4bov/7rv7RlyxZvl/ov47PPPlNRUZFmzJih9PR0t7Zt3LixeXeisLBQW7du1ZIlS7R06VItXLhQ//Ef/1EDFVesYcOG2rt3r8LCwjx2zNqopKREPXv21MqVK+VwOHTnnXcqNjZWFy5c0O7du/Xee+9p37596tWrl7dLBYCrRvgBcM3629/+pvHjx6tRo0b65z//qfbt25db56OPPtKMGTO8UN2/ruPHj0uSYmJi3N42Pj5eEyZMcJn34osv6rnnntPTTz/t0fBjt9vVvHlzjx2vtlqwYIFWrlyppKQkrVu3rlyYLCws1DfffOOl6gCgejHsDcA16dChQ5owYYLsdrtWrFhRYfCRZP4X7UstWrRInTt3VlhYmIKCgtSqVStNnTq1wiFyNptNXbp0qXD/Dz74oGw2mw4dOuRSW9nzG4cOHdI999yjyMhIBQYGqm3btvroo49c9tGlSxc99NBDkqSHHnrIZWjZxfu9nKqcT9nQtfHjx0uSunbtah5n7dq1VTpORR5++GHzvHNzc8stX7Bggbp27SqHw6HAwEC1aNFCkydPdqnt2LFj8vX1VZs2bSo9zh133CGbzaZdu3aZx6vsOZnCwkJNnTpVycnJCgkJUWhoqDp06KAFCxa4rPfDDz/IZrNp4MCBLvOzsrLMa/Pll1+6LHvmmWdks9n0xRdfmPN27Nihe++9V/Hx8QoICFC9evV0880368knn5TT6az0nCqyb98+9e7dWxEREQoJCVGnTp20evVql3VmzZolm82miRMnVriPnJwc2e12tWrV6orH27hxo6Tfermiu2jBwcHq2rWrOV2Vfj1+/LgmTZqkjh07KioqyhyKmp6erj179pQ7xsV/lpmZmRowYIDq168vHx8fszcPHjyoRx55RM2aNVNQUJAiIiLUqlUrPfbYY/rll1+ueJ4AIHHnB8A16s0335TT6dQ999yjli1bXnbdgIAAl+nnn39eU6dOVWRkpNLT0xUaGqpPPvlEzz//vFatWqXVq1fL39//qmv86aef1K5dOzVp0kT333+/Tp06pYULF+quu+7SZ599Zv5C+eCDD8rhcOjDDz/UXXfdpeTkZHMfDofjisep6vnEx8dr/PjxWrt2rdatW6dBgwYpPj5eksz/vVp2u91levDgwXrzzTcVGxurvn37yuFw6Ouvv9bYsWP1+eef69NPP5Wfn58aNmyo7t27a/Xq1dq5c2e5X9qzs7P16aef6pZbbrnin3d+fr7S0tL03Xff6eabb9bgwYNVWlqqVatWKT09Xbt379bkyZMlSTfccIMaNmzoEmQk6fPPP3f5+d/+7d9cpgMDA5WSkiLpt+DTvn172Ww29erVSwkJCTp9+rQOHDigN954Q5MnTy53XSqTlZWlDh06qFWrVnr00UeVnZ2thQsX6o477tB7772nAQMGSJIGDhyop59+WhkZGRozZox8fX1d9jN37lwVFxfr0UcfveIx69atK0nKzMysUo1V6df169frxRdfVNeuXdW3b1+FhoZq//79Wrx4sZYtW6avvvpKSUlJ5fb9448/qn379kpMTNTAgQN17tw51alTR9nZ2br11lt1+vRp/elPf1Lfvn1VVFSkrKwsvf322xoxYoR5HgBwWQYAXIPS0tIMScbs2bPd2m7jxo2GJKNRo0ZGdna2Od/pdBo9e/Y0JBlTpkxx2UaSkZqaWuH+Bg0aZEgysrKyzHlZWVmGJEOSMWHCBJf1V65caUgy7rjjDpf5b775piHJePPNN2v8fMaPH29IMtasWVPl46xZs6bS6/DCCy8YkoyWLVu6zC87pz59+hiFhYUV1vDKK6+Y89577z1DkvH//t//K3eM6dOnG5KM1157zZxXdp0HDRrksm7Zn8m0adNc5p87d87o0aOHYbPZjO+++86cf//99xuSjF27dpnz7rnnHiMyMtJITk42OnXqZM4/deqU4ePjY6SlpZnznnrqKUOSsXTp0nJ1nzp1yigpKSk3/1IX98yoUaNclm3evNnw8/MzHA6HUVBQYM4fPny4IclYvny5y/qlpaVGQkKCERwcbOTn51/x2Nu2bTPsdrths9mM++67z/jggw+MQ4cOXXabK/XriRMnjNOnT5eb//333xshISHGH//4R5f5F5//c889V2671157rVy/lDlz5ky5/gKAyjDsDcA1KTs7W5IUGxvr1nZz586VJI0ZM0ZRUVHmfD8/P82YMUM+Pj6aM2dOtdTYuHFjjRkzxmVejx49FBcXp2+//bZajuHJ85H+b7jhhAkT9PTTTystLU1jx45VnTp1NGvWLJd1X331Vfn5+Wnu3LkKCgpyWTZ27FjVrVtX7777rjmvd+/eCgsL07vvvquSkhKX9efNmye73a577733svX98ssveuedd9S2bVs9/fTTLssCAwM1bdo0GYah9957z5zfrVs3Sa53e7744gulpaWpe/fu+uabb3T27FlJ0po1a1RaWmpuc7FLz1GSwsPD5eNT9X/VhoWFady4cS7z2rZtq4EDByo/P19Lliwx5//5z3+WpHLXffXq1crKytKAAQOq9DKINm3a6J133lGDBg30zjvvqG/fvoqPj1fdunXVp08fLV++vMr1l6lfv76uu+66cvOTkpKUlpamNWvWVDgcsEGDBuawzIpUdI1DQkIqnA8AFWHYGwBL2bZtmyQpLS2t3LLExETFxsYqKytLBQUFV/0WseTk5HLDkSSpUaNG2rRp01Xtu4wnz0f6bSjfpc+ZhIeH64svvnAZ/lRYWKjt27crMjJSr7zySoX7CggI0N69e83poKAg9e/fX7Nnz9aqVav0pz/9SZK0detW7d69W3369FFkZORl69u8ebNKSkpks9nKvZhBkvkL98XHLbt2n3/+uR5//HHt2rVLP//8s7p166ZGjRrp5Zdf1vr163XHHXeYw+Muvt4DBgzQq6++qt69e6tfv37q3r27OnbsqKZNm1621orcfPPNFYaGLl26aN68efruu+80aNAgSdJNN92kzp0765NPPtGRI0fUqFEjSdL//M//SJIee+yxKh+3f//+6tOnj9asWaMNGzbou+++04YNG7R06VItXbpUDzzwgPl666r6+OOP9d///d/asmWLcnNzVVxc7LI8NzdX0dHRLvOSkpLKDVOVpF69eun555/X8OHDtWrVKvXo0UMdO3bUjTfe6FZNAED4AXBNio6O1t69e3Xs2DG3tisoKDC3r2y/hw8fVn5+/lWHhcqe1/Hz81NpaelV7buMJ89HklJTU80H0E+dOqUPPvhAI0aM0L//+79r8+bN5t2nvLw8GYahkydPVvpQfkUefPBBzZ49W/PmzTPDz7x58yTJ/KX/csoefN+8ebM2b95c6Xpnzpwxf27UqJGuv/56rVu3TiUlJeYdoG7duikqKkp2u12ff/657rjjDn3++eeqU6eObr31VnP7du3a6csvv9SUKVO0ePFivf3225J+e55o/PjxV7xbdbEGDRpUOL/supb9eZcZNmyY1q9frzlz5mjixInKycnRsmXLlJycrHbt2lX5uNJvz2vdfvvtuv322yX99grsDz74QIMHD9b8+fPVp0+fKn8M99VXX9WTTz6p8PBw/eEPf1BcXJyCg4Nls9m0dOlSbd++vcKXi1x89/JijRs31rfffqsJEyZo5cqV+t///V9Jv/3ZjRo1So8//rhb5wrAuhj2BuCa1KlTJ0muQ5WqoiwA5OTkVLi8bDjdxUHBZrOV+6/WZfLz8906fnX7PedTXSIiIjR06FD9/e9/19GjRzVs2LBydbVp00aGYVz2n4ulpKTo+uuv17Jly5Sfny+n06kFCxYoMjLSDEOXU3bcv/zlL5c95po1a1y2S0tLU0FBgTZv3qzPP/9cjRs3VtOmTRUSEqJ27drps88+0/Hjx7Vv3z517ty53B29Dh066KOPPlJeXp6++uorjR07VidOnFB6ero+++yzKl/TEydOVDi/7M/30j/Hu+++Ww0aNFBGRoZKSkrcetHBlfj6+qp///76y1/+IknlXgpRmeLiYk2YMEFRUVHavXu3Fi5cqJdeekkTJ07UhAkTKg14ki57F6dFixZauHChfvnlF23ZskUvvviiSktL9cQTTygjI8O9kwNgWYQfANekhx56SHa7XR988EGFr8692MX/hbnsVcoVvdr5wIEDOnr0qBISElzu2oSHh+vIkSPl1i8pKdH333//u+q/VNkv05c+63Ilv+d8qttjjz2mm266SUuWLNFXX30lSQoNDdVNN92k3bt369SpU27tb9CgQSoqKtLChQv18ccfKzc3V+np6VV6Y1q7du3k4+NT7vXUV1L2DM+qVau0fv16l2d6unXrph07dmjhwoUu61YkICBAKSkpmjRpkl577TVJ0ocffljlOrZt26Zff/213PyyP99LXwVut9s1ZMgQHTt2TMuXL9ecOXMUGhpa7tXdV6NsGN7FQfVy/Zqbm6v8/HylpKSUuyN55swZc6jm7+Xn56dbbrlFzzzzjPnq8qVLl17VPgFYB+EHwDWp7GObFy5c0J133qktW7ZUuN7KlSt1xx13mNODBw+WJE2ePFknT54055eUlGjUqFEqLS01v1tTpl27djp8+HC5b61MnjxZP/30U7WcT9lreg8fPuzWdr/nfKqbr6+vObRt9OjR5vynnnpKFy5c0ODBgyu8Q5aXl1fhL8IPPPCAfHx8NH/+fM2fP1+SKvyWT0Xq16+vgQMHasuWLXrhhRcq/OX8xx9/VFZWlsu8sm8evfHGGyooKHAJOGlpaTIMQy+++KI5fbGNGzfq3Llz5Y5TdhcnODi4SrVLvw1rmzRpksu8LVu26N1331VYWJj69OlTbptHHnlEvr6+GjFihLKyspSenl7hc0OVWbBggT799NMKh2Lm5ORo9uzZkqTOnTub8y/Xr/Xr11dwcLC2bt3qMrzQ6XTqiSeeqPBbUFeydevWckP+pN93jQFYG8/8ALhmPf/88youLtbEiRN16623KiUlRW3btlVoaKhOnDih9evXa//+/Wrbtq25TUpKip5++mlNnz5dLVu2VL9+/RQSEqJPPvlEu3btUqdOnfTXv/7V5TijRo3SqlWrdNddd2nAgAGKiIjQxo0blZWVpS5dulzVB0LLdOjQQcHBwXrllVf0yy+/mM8+jBw58rJD1n7P+dSEu+++W8nJyVq3bp35QPrgwYO1detWvfHGG2ratKn5prtTp04pKytL69ev10MPPaT//u//dtlXo0aN1LVrV33++efy8/NTq1atLvvx00vNnDlT+/fv17hx4/T222+rU6dOatCggY4fP669e/dq8+bNWrBggRISEsxtIiMj1bp1a23fvl2Sa8Ap+7P5+eefVa9evXLfIJo+fbq++OIL/du//ZsSEhIUGhqq3bt365NPPlF4eLgeeeSRKtfeuXNnzZkzR9988406duxofuentLRUs2bNUp06dcptExcXpzvvvFPLli2TJLeHvH3zzTd69dVXFRUVpU6dOpnXJSsrSx9//LHOnTunu+66S/369St3TSrr18cff1wvvviiWrVqpbvuuksXLlzQmjVrdOrUKXXt2rXcsMMrefvttzVr1ix16tRJTZs2VXh4uH788UctX75cAQEBevLJJ93aHwAL8/CrtQGg2u3Zs8cYMWKEcdNNNxnXXXedYbfbjaioKOOPf/yjMWfOHKOoqKjcNgsWLDA6duxohIaGGgEBAcaNN95oTJ482Th37lyFx/jwww+NW265xQgICDAiIiKMAQMGGIcOHbrsd34u/f5MmdTUVKOiv34/+eQT47bbbjNCQkLMb55cvN/Lced8qvs7P2WWLVtmSDLatm3rMn/58uXGnXfeadSrV8+w2+1GgwYNjFtvvdUYPXq0sXfv3gr39fbbb5vX4OWXX65wnctd5/Pnzxv/+Mc/jA4dOhh16tQx/P39jUaNGhlpaWnGf/7nfxq5ubnltin7Xs+NN95Ybtntt99uSDL69+9fbtmqVauMBx980GjRooVRp04dIzg42EhMTDRGjhx5xe/lVHQue/bsMXr16mU4HA4jKCjISElJMVauXHnZ7ZcuXVrhta+Kw4cPGzNnzjR69+5tJCYmuvx/6I477jDefvvtCr9VdLl+dTqdxowZM4wWLVoYgYGBRoMGDYz77rvvd/9/5uuvvzYee+wxo3Xr1kZ4eLgRGBhoNG3a1HjwwQeNnTt3un3OAKzLZhiXPG0KAACuKRMmTNDEiRM1Z86cGh/mCADXMsIPAADXsF9//VXXX3+9nE6njhw5wvMvAHAZPPMDAMA16OOPP9a2bdu0fPlynThxQi+//DLBBwCugPADAMA16J///KfmzZunBg0a6LnnnjO/xwMAqBzD3gAAAABYAt/5AQAAAGAJhB8AAAAAlkD4AQAAAGAJhB8AAAAAlnBNv+0tLy9PxcXF3i7jmlKvXj2dPHnS22XAAug1eAq9Bk+h1+Ap9Jp7/Pz8FB4eXrV13dnx6tWrtXr1avMPIzY2Vv369VObNm0k/faF6T179rhs0717dz3yyCPmdG5urmbPnq3du3crMDBQqampSk9Pl6+vrzulSJKKi4vldDrd3s6qbDabpN+uGy/5Q02i1+Ap9Bo8hV6Dp9BrNcut8BMREaH09HRFR0fLMAytW7dO06dP1/Tp09WoUSNJUrdu3TRgwABzG39/f/Pn0tJSTZ06VQ6HQ5MnT1ZeXp5mzpwpX19fpaenV9MpAQAAAEB5bj3z07ZtW918882Kjo5WTEyM7r33XgUGBmr//v3mOgEBAXI4HOY/F39tevv27Tp69KhGjhyp+Ph4tWnTRgMGDNCqVasYvgYAAACgRv3uZ35KS0u1adMmnT9/XomJieb8L7/8Ul9++aUcDoduueUW9e3bVwEBAZKkzMxMxcXFyeFwmOsnJydrzpw5OnLkiBISEio8ltPpdBneZrPZFBQUZP6Mqim7Vlwz1DR6DZ5Cr8FT6DV4Cr1Ws9wOP4cPH9bo0aPldDoVGBioUaNGKTY2VpLUqVMnRUZGKiIiQj/99JPeffddHT9+XKNGjZIk5efnuwQfSQoLCzOXVWbJkiVavHixOZ2QkKBp06apXr167pYPSVFRUd4uARZBr8FT6DV4Cr0GT6HXaobb4ScmJkYvvfSSCgsL9fXXX+v111/XxIkTFRsbq+7du5vrxcXFKTw8XJMmTVJOTs5V/QH26dNHPXv2NKfLkvDJkycZLucGm82mqKgo5eTk8AAdahS9Bk+h1+Ap9Bo8hV5zn5+fX5Vvirgdfvz8/Mwg06RJE/34449asWKFyxvdyjRr1kySzPDjcDh04MABl3UKCgokqdwdoYvZ7XbZ7fYKl9EU7jMMg+sGj6DX4Cn0GjyFXoOn0Gs146o/clpaWlrp66YPHTokSeZ7txMTE3X48GEz8EjSjh07FBQUZA6dAwAAAICa4Nadn/fee0/JycmKjIxUUVGRNmzYoD179mj06NHKycnRhg0bdPPNNys0NFSHDx/WvHnz1KJFCzVu3FiSlJSUpNjYWM2cOVMDBw5Ufn6+3n//ffXo0aPSOzsAAAAAUB3cCj8FBQV6/fXXlZeXp+DgYDVu3FijR49W69atlZubq507d2rFihU6f/686tatq/bt2+vuu+82t/fx8dGzzz6rOXPmaMyYMQoICFBqaqrLd4EAAAAAoCbYjGt4MOHJkycrHXKH8mw2m6Kjo5Wdnc0YUtQoeg2eQq/BU+g1eAq95j673V7lFx5c9TM/AAAAAHAtIPwAAAAAsATCDwAAAABLIPwAAAAAsATCDwAAAABLcOtV1wAAAEBtUDK0l7dLqNQRbxdQCd/Zy7xdwlXjzg8AAAAASyD8AAAAALAEwg8AAAAASyD8AAAAALAEwg8AAAAASyD8AAAAALAEwg8AAAAASyD8AAAAALAEwg8AAAAASyD8AAAAALAEwg8AAAAASyD8AAAAALAEwg8AAAAASyD8AAAAALAEwg8AAAAASyD8AAAAALAEwg8AAAAASyD8AAAAALAEwg8AAAAASyD8AAAAALAEwg8AAAAASyD8AAAAALAEwg8AAAAASyD8AAAAALAEwg8AAAAASyD8AAAAALAEwg8AAAAASyD8AAAAALAEwg8AAAAASyD8AAAAALAEwg8AAAAASyD8AAAAALAEwg8AAAAASyD8AAAAALAEwg8AAAAASyD8AAAAALAEwg8AAAAAS/BzZ+XVq1dr9erVOnnypCQpNjZW/fr1U5s2bSRJFy5c0Pz587Vx40Y5nU4lJSVpyJAhcjgc5j5yc3M1e/Zs7d69W4GBgUpNTVV6erp8fX2r76wAAAAA4BJuhZ+IiAilp6crOjpahmFo3bp1mj59uqZPn65GjRpp3rx52rZtm5566ikFBwcrIyNDM2bM0AsvvCBJKi0t1dSpU+VwODR58mTl5eVp5syZ8vX1VXp6eo2cIAAAAABIbg57a9u2rW6++WZFR0crJiZG9957rwIDA7V//34VFhbqiy++0KBBg9SyZUs1adJEw4YN0w8//KDMzExJ0vbt23X06FGNHDlS8fHxatOmjQYMGKBVq1apuLi4Rk4QAAAAACQ37/xcrLS0VJs2bdL58+eVmJiogwcPqqSkRK1atTLXadiwoSIjI5WZmanExERlZmYqLi7OZRhccnKy5syZoyNHjighIaHCYzmdTjmdTnPaZrMpKCjI/BlVU3atuGaoafQaPIVeg6fQa0Dt6H+3w8/hw4c1evRoOZ1OBQYGatSoUYqNjdWhQ4fk5+enkJAQl/XDwsKUn58vScrPz3cJPmXLy5ZVZsmSJVq8eLE5nZCQoGnTpqlevXrulg9JUVFR3i4BFkGvwVPoNXgKvVZ7HPF2Adeg6Ohob5dw1dwOPzExMXrppZdUWFior7/+Wq+//romTpxYE7WZ+vTpo549e5rTZanz5MmTDJdzg81mU1RUlHJycmQYhrfLQS1Gr8FT6DV4Cr0GSNnZ2d4uoUJ+fn5Vvinidvjx8/Mz/6tHkyZN9OOPP2rFihVKSUlRcXGxzp4963L3p6CgwLzb43A4dODAAZf9FRQUmMsqY7fbZbfbK1zGX0DuMwyD6waPoNfgKfQaPIVeg5XVht6/6u/8lJaWyul0qkmTJvL19dXOnTvNZcePH1dubq4SExMlSYmJiTp8+LAZeCRpx44dCgoKUmxs7NWWAgAAAACVcuvOz3vvvafk5GRFRkaqqKhIGzZs0J49ezR69GgFBwcrLS1N8+fPV2hoqIKDgzV37lwlJiaa4ScpKUmxsbGaOXOmBg4cqPz8fL3//vvq0aNHpXd2AAAAAKA6uBV+CgoK9PrrrysvL0/BwcFq3LixRo8erdatW0uSBg0aJJvNphkzZqi4uNj8yGkZHx8fPfvss5ozZ47GjBmjgIAApaamasCAAdV7VgAAAABwCZtxDQ/eO3nypMsrsHF5NptN0dHRys7OrhVjNvGvi16Dp9Br8BR6rfYpGdrL2yVcc3xnL/N2CRWy2+1VfuHBVT/zAwAAAADXAsIPAAAAAEsg/AAAAACwBMIPAAAAAEsg/AAAAACwBMIPAAAAAEsg/AAAAACwBMIPAAAAAEsg/AAAAACwBMIPAAAAAEsg/AAAAACwBMIPAAAAAEsg/AAAAACwBMIPAAAAAEsg/AAAAACwBMIPAAAAAEsg/AAAAACwBMIPAAAAAEsg/AAAAACwBMIPAAAAAEsg/AAAAACwBMIPAAAAAEsg/AAAAACwBMIPAAAAAEsg/AAAAACwBMIPAAAAAEsg/AAAAACwBMIPAAAAAEsg/AAAAACwBMIPAAAAAEsg/AAAAACwBMIPAAAAAEsg/AAAAACwBMIPAAAAAEsg/AAAAACwBMIPAAAAAEsg/AAAAACwBMIPAAAAAEsg/AAAAACwBMIPAAAAAEsg/AAAAACwBMIPAAAAAEsg/AAAAACwBD93Vl6yZIm+/fZbHTt2TP7+/kpMTNR9992nmJgYc50JEyZoz549Ltt1795djzzyiDmdm5ur2bNna/fu3QoMDFRqaqrS09Pl6+t7lacDAAAAABVzK/zs2bNHPXr0UNOmTVVSUqIFCxZo8uTJ+vvf/67AwEBzvW7dumnAgAHmtL+/v/lzaWmppk6dKofDocmTJysvL08zZ86Ur6+v0tPTq+GUAAAAAKA8t4a9jR49Wl26dFGjRo0UHx+v4cOHKzc3VwcPHnRZLyAgQA6Hw/wnODjYXLZ9+3YdPXpUI0eOVHx8vNq0aaMBAwZo1apVKi4urp6zAgAAAIBLuHXn51KFhYWSpNDQUJf5X375pb788ks5HA7dcsst6tu3rwICAiRJmZmZiouLk8PhMNdPTk7WnDlzdOTIESUkJJQ7jtPplNPpNKdtNpuCgoLMn1E1ZdeKa4aaRq/BU+g1eAq9BtSO/v/d4ae0tFRvvfWWbrjhBsXFxZnzO3XqpMjISEVEROinn37Su+++q+PHj2vUqFGSpPz8fJfgI0lhYWHmsoosWbJEixcvNqcTEhI0bdo01atX7/eWb2lRUVHeLgEWQa/BU+g1eAq9Vnsc8XYB16Do6Ghvl3DVfnf4ycjI0JEjRzRp0iSX+d27dzd/jouLU3h4uCZNmqScnJzf/RdGnz591LNnT3O6LHWePHmSoXJusNlsioqKUk5OjgzD8HY5qMXoNXgKvQZPodcAKTs729slVMjPz6/KN0V+V/jJyMjQtm3bNHHiRNWtW/ey6zZr1kySzPDjcDh04MABl3UKCgokqdwdoTJ2u112u73CZfwF5D7DMLhu8Ah6DZ5Cr8FT6DVYWW3ofbdeeGAYhjIyMvTtt99q3Lhxql+//hW3OXTokCQpPDxckpSYmKjDhw+bgUeSduzYoaCgIMXGxrpTDgAAAABUmVt3fjIyMrRhwwY9/fTTCgoKMp/RCQ4Olr+/v3JycrRhwwbdfPPNCg0N1eHDhzVv3jy1aNFCjRs3liQlJSUpNjZWM2fO1MCBA5Wfn6/3339fPXr0qPTuDgAAAABcLbfCz+rVqyX99iHTiw0bNkxdunSRn5+fdu7cqRUrVuj8+fOqW7eu2rdvr7vvvttc18fHR88++6zmzJmjMWPGKCAgQKmpqS7fBQIAAACA6uZW+Fm0aNFll0dGRmrixIlX3E+9evX03HPPuXNoAAAAALgqbj3zAwAAAADXKsIPAAAAAEsg/AAAAACwBMIPAAAAAEsg/AAAAACwBMIPAAAAAEsg/AAAAACwBMIPAAAAAEsg/AAAAACwBMIPAAAAAEsg/AAAAACwBMIPAAAAAEsg/AAAAACwBMIPAAAAAEsg/AAAAACwBMIPAAAAAEsg/AAAAACwBMIPAAAAAEsg/AAAAACwBMIPAAAAAEsg/AAAAACwBMIPAAAAAEsg/AAAAACwBMIPAAAAAEsg/AAAAACwBMIPAAAAAEsg/AAAAACwBMIPAAAAAEsg/AAAAACwBMIPAAAAAEsg/AAAAACwBMIPAAAAAEsg/AAAAACwBMIPAAAAAEsg/AAAAACwBMIPAAAAAEsg/AAAAACwBMIPAAAAAEsg/AAAAACwBMIPAAAAAEsg/AAAAACwBMIPAAAAAEsg/AAAAACwBMIPAAAAAEvwc2flJUuW6Ntvv9WxY8fk7++vxMRE3XfffYqJiTHXuXDhgubPn6+NGzfK6XQqKSlJQ4YMkcPhMNfJzc3V7NmztXv3bgUGBio1NVXp6eny9fWtthMDAAAAgIu5dednz5496tGjh6ZMmaIxY8aopKREkydPVlFRkbnOvHnztHXrVj311FOaOHGi8vLyNGPGDHN5aWmppk6dquLiYk2ePFnDhw/X2rVrtXDhwuo7KwAAAAC4hFvhZ/To0erSpYsaNWqk+Ph4DR8+XLm5uTp48KAkqbCwUF988YUGDRqkli1bqkmTJho2bJh++OEHZWZmSpK2b9+uo0ePauTIkYqPj1ebNm00YMAArVq1SsXFxdV/hgAAAAAgN4e9XaqwsFCSFBoaKkk6ePCgSkpK1KpVK3Odhg0bKjIyUpmZmUpMTFRmZqbi4uJchsElJydrzpw5OnLkiBISEsodx+l0yul0mtM2m01BQUHmz6iasmvFNUNNo9fgKfQaPIVeA2pH///u8FNaWqq33npLN9xwg+Li4iRJ+fn58vPzU0hIiMu6YWFhys/PN9e5OPiULS9bVpElS5Zo8eLF5nRCQoKmTZumevXq/d7yLS0qKsrbJcAi6DV4Cr0GT6HXao8j3i7gGhQdHe3tEq7a7w4/GRkZOnLkiCZNmlSd9VSoT58+6tmzpzldljpPnjzJUDk32Gw2RUVFKScnR4ZheLsc1GL0GjyFXoOn0GuAlJ2d7e0SKuTn51flmyK/K/xkZGRo27ZtmjhxourWrWvOdzgcKi4u1tmzZ13u/hQUFJh3exwOhw4cOOCyv4KCAnNZRex2u+x2e4XL+AvIfYZhcN3gEfQaPIVeg6fQa7Cy2tD7br3wwDAMZWRk6Ntvv9W4ceNUv359l+VNmjSRr6+vdu7cac47fvy4cnNzlZiYKElKTEzU4cOHzcAjSTt27FBQUJBiY2Ov5lwAAAAAoFJu3fnJyMjQhg0b9PTTTysoKMh8Ric4OFj+/v4KDg5WWlqa5s+fr9DQUAUHB2vu3LlKTEw0w09SUpJiY2M1c+ZMDRw4UPn5+Xr//ffVo0ePSu/uAAAAAMDVciv8rF69WpI0YcIEl/nDhg1Tly5dJEmDBg2SzWbTjBkzVFxcbH7ktIyPj4+effZZzZkzR2PGjFFAQIBSU1M1YMCAqzsTAAAAALgMm3END947efKkyyuwcXk2m03R0dHKzs6uFWM28a+LXoOn0GvwFHqt9ikZ2svbJVxzfGcv83YJFbLb7VV+4YFbz/wAAAAAwLWK8AMAAADAEgg/AAAAACyB8AMAAADAEgg/AAAAACyB8AMAAADAEgg/AAAAACyB8AMAAADAEgg/AAAAACyB8AMAAADAEgg/AAAAACyB8AMAAADAEgg/AAAAACyB8AMAAADAEgg/AAAAACyB8AMAAADAEgg/AAAAACyB8AMAAADAEgg/AAAAACyB8AMAAADAEgg/AAAAACyB8AMAAADAEgg/AAAAACyB8AMAAADAEgg/AAAAACyB8AMAAADAEgg/AAAAACyB8AMAAADAEgg/AAAAACyB8AMAAADAEgg/AAAAACyB8AMAAADAEgg/AAAAACyB8AMAAADAEgg/AAAAACyB8AMAAADAEgg/AAAAACyB8AMAAADAEgg/AAAAACyB8AMAAADAEgg/AAAAACyB8AMAAADAEgg/AAAAACzBz90N9uzZo2XLlikrK0t5eXkaNWqU2rVrZy5//fXXtW7dOpdtkpKSNHr0aHP6zJkzmjt3rrZu3Sqbzab27dvroYceUmBg4FWcCgAAAABUzu3wc/78ecXHxystLU0vv/xyheskJydr2LBh/3cQP9fDvPbaa8rLy9OYMWNUUlKiN954Q7NmzdITTzzhbjkAAAAAUCVuh582bdqoTZs2l9+pn58cDkeFy44eParvv/9eU6dOVdOmTSVJgwcP1tSpU3X//fcrIiLC3ZIAAAAA4IrcDj9VsWfPHg0ZMkQhISFq2bKl7rnnHl133XWSpMzMTIWEhJjBR5JatWolm82mAwcOuAyhK+N0OuV0Os1pm82moKAg82dUTdm14pqhptFr8BR6DZ5CrwG1o/+rPfwkJyerffv2ql+/vnJycrRgwQL97W9/05QpU+Tj46P8/HzVqVPHZRtfX1+FhoYqPz+/wn0uWbJEixcvNqcTEhI0bdo01atXr7rLt4SoqChvlwCLoNfgKfQaPIVeqz2OeLuAa1B0dLS3S7hq1R5+OnbsaP4cFxenxo0ba+TIkdq9e7datWr1u/bZp08f9ezZ05wuS50nT55UcXHx1RVsITabTVFRUcrJyZFhGN4uB7UYvQZPodfgKfQaIGVnZ3u7hAr5+flV+aZIjQx7u1iDBg103XXXKScnR61atZLD4dDp06dd1ikpKdGZM2cqfU7IbrfLbrdXuIy/gNxnGAbXDR5Br8FT6DV4Cr0GK6sNvV/j3/n55ZdfdObMGYWHh0uSEhMTdfbsWR08eNBcZ9euXTIMQ82aNavpcgAAAABYlNt3foqKipSTk2NO//zzzzp06JBCQ0MVGhqqf/7zn2rfvr0cDodOnDihd955R1FRUUpKSpIkxcbGKjk5WbNmzdLQoUNVXFysuXPnKiUlhTe9AQAAAKgxboefH3/8URMnTjSn58+fL0lKTU3V0KFDdfjwYa1bt05nz55VRESEWrdurQEDBrgMW3v88ceVkZGhSZMmmR85HTx4cDWcDgAAAABUzO3wc9NNN2nRokWVLh89evQV9xEaGsoHTQEAAAB4VI0/8wMAAAAA/woIPwAAAAAsgfADAAAAwBIIPwAAAAAsgfADAAAAwBIIPwAAAAAsgfADAAAAwBIIPwAAAAAsgfADAAAAwBIIPwAAAAAsgfADAAAAwBIIPwAAAAAsgfADAAAAwBIIPwAAAAAsgfADAAAAwBIIPwAAAAAsgfADAAAAwBIIPwAAAAAsgfADAAAAwBIIPwAAAAAsgfADAAAAwBIIPwAAAAAsgfADAAAAwBIIPwAAAAAsgfADAAAAwBIIPwAAAAAsgfADAAAAwBIIPwAAAAAsgfADAAAAwBIIPwAAAAAsgfADAAAAwBIIPwAAAAAsgfADAAAAwBIIPwAAAAAsgfADAAAAwBIIPwAAAAAsgfADAAAAwBIIPwAAAAAsgfADAAAAwBIIPwAAAAAsgfADAAAAwBIIPwAAAAAsgfADAAAAwBL83N1gz549WrZsmbKyspSXl6dRo0apXbt25nLDMLRo0SJ9/vnnOnv2rJo3b64hQ4YoOjraXOfMmTOaO3eutm7dKpvNpvbt2+uhhx5SYGBg9ZwVAAAAAFzC7Ts/58+fV3x8vB5++OEKl3/44Yf65JNPNHToUP3tb39TQECApkyZogsXLpjrvPbaazpy5IjGjBmjZ599Vnv37tWsWbN+/1kAAAAAwBW4HX7atGmje+65x+VuTxnDMLRixQrdfffduvXWW9W4cWONGDFCeXl52rx5syTp6NGj+v777/XYY4/p+uuvV/PmzTV48GBt3LhRp06duvozAgAAAIAKuD3s7XJ+/vln5efnq3Xr1ua84OBgNWvWTJmZmerYsaMyMzMVEhKipk2bmuu0atVKNptNBw4cqDBUOZ1OOZ1Oc9pmsykoKMj8GVVTdq24Zqhp9Bo8hV6Dp9BrQO3o/2oNP/n5+ZKksLAwl/lhYWHmsvz8fNWpU8dlua+vr0JDQ811LrVkyRItXrzYnE5ISNC0adNUr169aqvdSqKiorxdAiyCXoOn0GvwFHqt9jji7QKuQRc/w3+tqtbwU1P69Omjnj17mtNlqfPkyZMqLi72VlnXHJvNpqioKOXk5MgwDG+Xg1qMXoOn0GvwFHoNkLKzs71dQoX8/PyqfFOkWsOPw+GQJBUUFCg8PNycX1BQoPj4eHOd06dPu2xXUlKiM2fOmNtfym63y263V7iMv4DcZxgG1w0eQa/BU+g1eAq9BiurDb1frd/5qV+/vhwOh3bu3GnOKyws1IEDB5SYmChJSkxM1NmzZ3Xw4EFznV27dskwDDVr1qw6ywEAAAAAk9t3foqKipSTk2NO//zzzzp06JBCQ0MVGRmpP/3pT/rf//1fRUdHq379+nr//fcVHh6uW2+9VZIUGxur5ORkzZo1S0OHDlVxcbHmzp2rlJQURUREVN+ZAQAAAMBF3A4/P/74oyZOnGhOz58/X5KUmpqq4cOH66677tL58+c1a9YsFRYWqnnz5nr++efl7+9vbvP4448rIyNDkyZNMj9yOnjw4Go4HQAAAAComM24hgfvnTx50uUV2Lg8m82m6OhoZWdn14oxm/jXRa/BU+g1eAq9VvuUDO3l7RKuOb6zl3m7hArZ7fYqv/CgWp/5AQAAAIB/VYQfAAAAAJZA+AEAAABgCYQfAAAAAJZA+AEAAABgCYQfAAAAAJZA+AEAAABgCYQfAAAAAJZA+AEAAABgCYQfAAAAAJZA+AEAAABgCYQfAAAAAJZA+AEAAABgCYQfAAAAAJZA+AEAAABgCYQfAAAAAJZA+AEAAABgCYQfAAAAAJZA+AEAAABgCYQfAAAAAJZA+AEAAABgCYQfAAAAAJZA+AEAAABgCYQfAAAAAJZA+AEAAABgCX7eLgAAAKBMydBe3i6hUke8XUAlfGcv83YJwDWDOz8AAAAALIHwAwAAAMASCD8AAAAALIHwAwAAAMASCD8AAAAALIHwAwAAAMASCD8AAAAALIHwAwAAAMASCD8AAAAALIHwAwAAAMASCD8AAAAALIHwAwAAAMASCD8AAAAALIHwAwAAAMASCD8AAAAALIHwAwAAAMASCD8AAAAALMGvune4aNEiLV682GVeTEyMXnnlFUnShQsXNH/+fG3cuFFOp1NJSUkaMmSIHA5HdZcCAAAAAKZqDz+S1KhRI40dO9ac9vH5vxtM8+bN07Zt2/TUU08pODhYGRkZmjFjhl544YWaKAUAAAAAJNXQsDcfHx85HA7znzp16kiSCgsL9cUXX2jQoEFq2bKlmjRpomHDhumHH35QZmZmTZQCAAAAAJJq6M5PTk6OHn30UdntdiUmJio9PV2RkZE6ePCgSkpK1KpVK3Pdhg0bKjIyUpmZmUpMTKxwf06nU06n05y22WwKCgoyf0bVlF0rrhlqGr0GT6HXAPofnlMbeq3aw8/111+vYcOGKSYmRnl5eVq8eLHGjRunGTNmKD8/X35+fgoJCXHZJiwsTPn5+ZXuc8mSJS7PESUkJGjatGmqV69edZdvCVFRUd4uARZBr8FT6LXa44i3C7gGRUdHe7uEaxK95r7a0GvVHn7atGlj/ty4cWMzDG3atEn+/v6/a599+vRRz549zemy1Hny5EkVFxdfXcEWYrPZFBUVpZycHBmG4e1yUIvRa/AUeg2QsrOzvV0CLOJftdf8/PyqfFOkRoa9XSwkJEQxMTHKyclR69atVVxcrLNnz7rc/SkoKLjs297sdrvsdnuFy/iXnfsMw+C6wSPoNXgKvQYro/fhKbWh12r8Oz9FRUXKycmRw+FQkyZN5Ovrq507d5rLjx8/rtzc3Eqf9wEAAACA6lDtd37mz5+vtm3bKjIyUnl5eVq0aJF8fHzUqVMnBQcHKy0tTfPnz1doaKiCg4M1d+5cJSYmEn4AAAAA1KhqDz+nTp3Sq6++ql9//VV16tRR8+bNNWXKFPN114MGDZLNZtOMGTNUXFxsfuQUAAAAAGpStYefJ5988rLL/f39NWTIEAIPAAAAAI+q8Wd+AAAAAOBfAeEHAAAAgCUQfgAAAABYAuEHAAAAgCUQfgAAAABYAuEHAAAAgCUQfgAAAABYQrV/5wcAUPuUDO3l7RIqdcTbBVTCd/Yyb5cAALgE4acG8EuC+/glAQAAADWNYW8AAAAALIHwAwAAAMASCD8AAAAALIHwAwAAAMASCD8AAAAALIHwAwAAAMASCD8AAAAALIHwAwAAAMASCD8AAAAALIHwAwAAAMASCD8AAAAALIHwAwAAAMASCD8AAAAALIHwAwAAAMASCD8AAAAALIHwAwAAAMASCD8AAAAALIHwAwAAAMAS/LxdAIDfr2RoL2+XUKkj3i6gEr6zl3m7BAAA4CXc+QEAAABgCYQfAAAAAJZA+AEAAABgCYQfAAAAAJZA+AEAAABgCYQfAAAAAJZA+AEAAABgCYQfAAAAAJZA+AEAAABgCYQfAAAAAJZA+AEAAABgCYQfAAAAAJZA+AEAAABgCYQfAAAAAJZA+AEAAABgCX7ePPjKlSu1fPly5efnq3Hjxho8eLCaNWvmzZIAAAAA1FJeu/OzceNGzZ8/X/369dO0adPUuHFjTZkyRQUFBd4qCQAAAEAt5rXw89FHH6lbt27q2rWrYmNjNXToUPn7+2vNmjXeKgkAAABALeaVYW/FxcU6ePCgevfubc7z8fFRq1atlJmZWW59p9Mpp9NpTttsNgUFBcnPz6uj9irl0/QGb5dwzfG1271dwjWJXnMfvfb70Gvuo9d+H3rNffTa70Ovue9ftdfcyQReSQ+nT59WaWmpHA6Hy3yHw6Hjx4+XW3/JkiVavHixOd2xY0c98cQTCg8Pr+lSf5/X3vV2BbAKeg2eQq/BU+g1eAq9ZknXxNve+vTpo7feesv8Z+jQoS53glA1586d0zPPPKNz5855uxTUcvQaPIVeg6fQa/AUeq1meeXOT506deTj46P8/HyX+fn5+eXuBkmS3W6X/V/0Ntu1xDAMZWVlyTAMb5eCWo5eg6fQa/AUeg2eQq/VLK/c+fHz81OTJk20a9cuc15paal27dqlxMREb5QEAAAAoJbz2hsDevbsqddff11NmjRRs2bNtGLFCp0/f15dunTxVkkAAAAAajGvhZ+UlBSdPn1aixYtUn5+vuLj4/X8889XOOwN1cNut6tfv34MIUSNo9fgKfQaPIVeg6fQazXLZjCgEAAAAIAFXBNvewMAAACAq0X4AQAAAGAJhB8AAAAAlkD4AQAAAGAJhB8AAIAr4P1QQO1A+AEAALiC9PR0HT161NtlALhKXvvOD7wrNzdXixYt0rBhw7xdCmqBCxcu6ODBgwoNDVVsbGy5ZZs2bVJqaqqXqkNtcvToUe3fv1+JiYlq2LChjh07phUrVsjpdKpz585q2bKlt0vENW7evHkVzi8tLdXSpUt13XXXSZIGDRrkybJgEUVFRdq0aZNycnIUHh6ujh07mj2H6kH4sagzZ85o3bp1hB9ctePHj2vKlCnKzc2VJDVv3lxPPvmkwsPDJUmFhYV64403CD+4at9//72mT5+uwMBAnT9/Xn/96181c+ZMNW7cWIZhaPLkyRozZgwBCFdlxYoVaty4sUJCQsotO3bsmAIDA71QFWqrv/zlL3rhhRcUGhqq3NxcjR8/XmfPnlV0dLROnDihDz74QFOmTFH9+vW9XWqtQfippbZs2XLZ5SdOnPBQJajt3n33XTVq1EhTp05VYWGh3nrrLY0dO1YTJkxQZGSkt8tDLbJ48WL16tVL99xzj7766iu9+uqruv3223XvvfdKkt577z0tXbqU8IOrcu+99+qzzz7TAw884NJL9957r4YPH17u7jZwNY4fP66SkhJJv/0dFhERoZdeeknBwcEqKirSSy+9pAULFuiJJ57wcqW1B+GnlnrppZe8XQIsIjMzU2PHjlWdOnVUp04dPfPMM5ozZ47GjRun8ePHKyAgwNslopY4cuSIRowYIUnq0KGDZs6cqdtuu81c3qlTJ61Zs8Zb5aGW6N27t1q2bKl//OMfuuWWW5Seni4/P35dQs3bv3+/hg4dquDgYElSYGCg+vfvr1deecW7hdUy/L+5lnI4HBoyZIhuvfXWCpcfOnRIzzzzjIerQm104cIF+fj837tTbDabhg4dqoyMDE2YMEGPP/64F6tDbeXj4yO73W7+kiBJQUFBKiws9GJVqC2aNWumadOmac6cOXruuec0cuRIb5eEWsxms0n67d+nDofDZVlERIROnz7thapqL8JPLdWkSRMdPHiw0vADVJeYmBgdPHiw3FCQhx9+WJI0ffp0b5SFWqh+/frKyclRVFSUJGny5MkuQytzc3PNZ82AqxUYGKgRI0boq6++0gsvvKDS0lJvl4RaatKkSfL19dW5c+d0/PhxxcXFmctOnjzJCw+qGeGnlurVq5fOnz9f6fKoqCiNHz/egxWhtmrXrp2++uorde7cudyyhx9+WIZh6NNPP/VCZaht/vCHP7j8AnrxLwiS9N133/G8D6pdx44d1bx5cx08eJDnGFHt+vXr5zJ96Qs1tm7dqubNm3uypFrPZvDVLgAAAAAWwEdOAQAAAFgC4QcAAACAJRB+AAAAAFgC4QcA4BFr165V//799fPPP3u7FACARfG2NwCwkLVr1+qNN94wp318fBQWFqbWrVvr3nvvVUREhBer85wtW7Zo+fLlOnbsmIqKiuRwONSkSROlpaUpOTlZknTq1Cl99tlnateuneLj471aLwCgehB+AMCC+vfvr/r168vpdGr//v1au3at9u3bpxkzZsjf379Gjtm5c2elpKTIbrfXyP6ratmyZXrnnXd04403qnfv3goICFBOTo527typr776ygw/eXl5Wrx4serXr0/4AYBagvADABbUpk0bNW3aVJLUrVs3XXfddfrwww+1ZcsWpaSk1MgxfXx8aixYVVVJSYk++OADtW7dWmPGjCm3vKCgoMZrKCoqKvctDwCAZ/DMDwBALVq0kCSdOHHCZf6xY8c0Y8YMPfTQQxo4cKCeffZZbdmyxVz+448/qn///lq7dm25fX7//ffq37+/tm7dKqnyZ36+++47jRs3Tvfff78eeOABTZ06VUeOHDGXb9myRf3799dPP/1kzvv666/Vv39/vfzyyy77+stf/qL//M//rPQ8f/31V507d0433HBDhcvDwsIkSbt379Zzzz0nSXrjjTfUv39/l/Pcu3ev/v73v+vPf/6z0tPT9ec//1lvvfWWLly44LK/119/Xffff79ycnI0depUPfDAA3rttdckSdnZ2Xr55Zc1dOhQDRw4UI899pheeeUVFRYWVlo/AODqEH4AAGYgCQkJMecdOXJEo0eP1rFjx9S7d2/df//9CggI0EsvvaRvv/1WktS0aVM1aNBAmzZtKrfPjRs3KiQkRElJSZUed/369XrxxRcVGBiogQMHqm/fvjp69KjGjRtn1tS8eXPZbDbt3bvX3G7fvn2y2Wzat2+fOe/06dM6duyYGeQqUqdOHfn7+2vr1q06c+ZMpes1bNhQ/fv3lyR1795dI0aM0IgRI8x9b9q0SefPn9ftt9+uwYMHKykpSStXrtTMmTPL7au0tFRTpkxRnTp1dP/99+u2225TcXGxpkyZov379+uOO+7Qww8/rO7du+vEiRM6e/ZspXUBAK4Ow94AwIIKCwt1+vRp85mfxYsXy26365ZbbjHXeeuttxQZGampU6eaz+n06NFD48aN07vvvqt27dpJkjp06KDly5frzJkzCg0NlSQVFxdr8+bNateunfz8Kv5XTVFRkd58802lpaXp0UcfNeenpqbqySef1JIlS/Too48qNDRUsbGx2rt3r/74xz9K+u3OS/v27fX111/r2LFjatiwoRmELhd+fHx81KtXLy1evFh//vOfdeONN+qGG25QcnKymjRpYq7ncDjUpk0bLVq0SImJiercubPLfu677z6XIXzdu3dXVFSUFixYoNzcXEVGRprLnE6nOnTooPT0dHPeoUOH9PPPP+upp57SbbfdZs7v169fpbUDAK4e4QcALOiFF15wma5Xr55GjhypunXrSpLOnDmjXbt2qX///jp37pzOnTtnrpuUlKRFixbp1KlTioiIUEpKipYuXapvv/1WaWlpkqTt27fr7Nmzl31+aMeOHTp79qw6duyo06dPm/N9fHx0/fXXa/fu3ea85s2bm8Ptzp07p59++kkDBw7U7t27tXfvXjVs2FB79+5VSEiIGjVqdNlz79+/v2JiYrR69Wp9//33+u677/T+++8rISFBI0eOVGxs7BWv38XBp6ioSBcuXFBiYqIMw1BWVpZL+JGk22+/3WU6ODhY0m9DA9u0aaOAgIArHhMAcPUIPwBgQQ8//LCio6NVWFioNWvWaO/evS5vYcvJyZFhGFq4cKEWLlxY4T4KCgoUERGh+Ph4NWzYUBs3bjTDz8aNG3XdddepZcuWldaQnZ0tSZo0aVKFy4OCgsyfW7RooU8//VQ5OTnKycmRzWZTYmKiWrRooX379ql79+7at2+fbrjhBvn4XHlEd6dOndSpUycVFhbqwIEDWrt2rTZs2KBp06ZV6Y13ubm5WrhwobZs2VJumNqlz+z4+vqWe4V4/fr11bNnT3300UfasGGDWrRooVtuuUWdO3c2gxEAoPoRfgDAgpo1a2a+7a1du3YaO3asXn31Vb366qsKDAxUaWmpJOnf//3fK31mJyoqyvy5Q4cOWrJkiU6fPq2goCBt2bJFHTt2lK+vb6U1GIYhSRoxYoQcDke55Rdv27x5c0nSnj179PPPPyshIUGBgYFq3ry5PvnkExUVFSkrK0v33HOPW9chODhYrVu3VuvWreXr66t169bpwIEDuvHGGyvdprS0VC+88ILOnDmju+66Sw0bNlRAQIBOnTqlN954wzyvMn5+fhUGsgceeEBdunTR5s2btWPHDr355ptaunSppkyZYt6BAwBUL8IPAFicj4+P0tPTNXHiRK1cuVK9e/dWgwYNJP0WQFq3bn3FfaSkpGjx4sX65ptvFBYWpnPnzqljx46X3absGGUfWb2cyMhIRUZGat++fTpx4oQZhm688UbNnz9fmzZtUmlp6WVDy5U0bdpU69atU15eniTJZrNVuN7hw4eVnZ2t4cOHKzU11Zy/Y8cOt48ZFxenuLg49e3bVz/88IPGjh2rTz/91O0QBwCoGt72BgDQTTfdpGbNmunjjz/WhQsXFBYWpptuukmfffaZGQYudvEzOpIUGxuruLg4bdy4URs3blR4ePhlXzwg/fbsUFBQkJYsWaLi4uIrHqN58+batWuXDhw4YO47Pj5eQUFBWrp0qfz9/V1eWlCR8+fPKzMzs8Jl3333nSQpJiZGkszncC4d1lZ2F+fiOzyGYWjFihWXPfbFCgsLVVJS4jIvLi5ONptNTqezyvsBALiHOz8AAElSr1699Pe//11r167V7bffrocfflhjx47VqFGj1K1bN9WvX18FBQXKzMzUqVOn9NJLL7lsn5KSooULF8rf319du3a94rM3wcHBGjp0qP7xj3/omWeeUceOHVWnTh3l5uZq27ZtuuGGG/Twww+b67do0UIbNmyQzWYz7/z4+PgoMTFR27dv10033VTpm+XKnD9/XmPGjNH111+v5ORk1a1bV4WFhdq8ebP27t2rW2+9VQkJCZJ+uzMVEhKiTz/9VEFBQQoICND111+vmJgYNWjQQG+//bZOnTql4OBgffPNN5d9dfaldu3apblz5+q2225TTEyMSkpKtH79evn4+Kh9+/ZV3g8AwD2EHwCApN+e/WnQoIGWL1+u7t27KzY2Vi+++KL++c9/au3atfr1118VFham+Ph49e3bt9z2KSkpev/993X+/PnLvuXtYp06dVJ4eLiWLl2qZcuWyel0KiIiQi1atFDXrl1d1i272xMTE6PrrrvOZf727dvNQHQ5ISEhevTRR7Vt2zatXbtW+fn58vHxUUxMjO677z796U9/Mtf18/PT8OHD9d5772n27NkqKSnRsGHD1KVLFz3zzDPmMzp2u13t2rXTH//4R/31r3+t0nnHx8crKSlJW7du1aeffqqAgAA1btxYzz//vBITE6u0DwCA+2zGpU9mAgAAAEAtxDM/AAAAACyB8AMAAADAEgg/AAAAACyB8AMAAADAEgg/AAAAACyB8AMAAADAEgg/AAAAACyB8AMAAADAEgg/AAAAACyB8AMAAADAEgg/AAAAACyB8AMAAADAEgg/AAAAACzh/wM+d62+bCo1UAAAAABJRU5ErkJggg=="},"metadata":{}}]},{"cell_type":"code","source":"example = df['Text'][50]\nprint(example)","metadata":{"execution":{"iopub.status.busy":"2024-06-29T06:14:14.620044Z","iopub.execute_input":"2024-06-29T06:14:14.620477Z","iopub.status.idle":"2024-06-29T06:14:14.626809Z","shell.execute_reply.started":"2024-06-29T06:14:14.620440Z","shell.execute_reply":"2024-06-29T06:14:14.625580Z"},"trusted":true},"execution_count":5,"outputs":[{"name":"stdout","text":"This oatmeal is not good. Its mushy, soft, I don't like it. Quaker Oats is the way to go.\n","output_type":"stream"}]},{"cell_type":"code","source":"from nltk.sentiment import SentimentIntensityAnalyzer\nfrom tqdm.notebook import tqdm\n\nsia = SentimentIntensityAnalyzer()","metadata":{"execution":{"iopub.status.busy":"2024-06-29T06:14:14.628757Z","iopub.execute_input":"2024-06-29T06:14:14.629167Z","iopub.status.idle":"2024-06-29T06:14:14.673914Z","shell.execute_reply.started":"2024-06-29T06:14:14.629130Z","shell.execute_reply":"2024-06-29T06:14:14.672608Z"},"trusted":true},"execution_count":6,"outputs":[{"name":"stderr","text":"/opt/conda/lib/python3.10/site-packages/nltk/twitter/__init__.py:20: UserWarning: The twython library has not been installed. Some functionality from the twitter package will not be available.\n  warnings.warn(\"The twython library has not been installed. \"\n","output_type":"stream"}]},{"cell_type":"code","source":"res = {}\nfor i, row in tqdm(df.iterrows(), total=len(df)):\n    text = row['Text']\n    myid = row['Id']\n    res[myid] = sia.polarity_scores(text)","metadata":{"execution":{"iopub.status.busy":"2024-06-29T06:14:14.675541Z","iopub.execute_input":"2024-06-29T06:14:14.676157Z","iopub.status.idle":"2024-06-29T06:14:15.253630Z","shell.execute_reply.started":"2024-06-29T06:14:14.676116Z","shell.execute_reply":"2024-06-29T06:14:15.252425Z"},"trusted":true},"execution_count":7,"outputs":[{"output_type":"display_data","data":{"text/plain":"  0%|          | 0/500 [00:00<?, ?it/s]","application/vnd.jupyter.widget-view+json":{"version_major":2,"version_minor":0,"model_id":"ce447cd338e24c4f93800963e6da61ec"}},"metadata":{}}]},{"cell_type":"code","source":"vaders = pd.DataFrame(res).T\nvaders = vaders.reset_index().rename(columns={'index': 'Id'})\nvaders = vaders.merge(df, how='left')","metadata":{"execution":{"iopub.status.busy":"2024-06-29T06:14:15.255008Z","iopub.execute_input":"2024-06-29T06:14:15.255381Z","iopub.status.idle":"2024-06-29T06:14:15.283793Z","shell.execute_reply.started":"2024-06-29T06:14:15.255350Z","shell.execute_reply":"2024-06-29T06:14:15.282633Z"},"trusted":true},"execution_count":8,"outputs":[]},{"cell_type":"code","source":"vaders.head()","metadata":{"execution":{"iopub.status.busy":"2024-06-29T06:14:15.285178Z","iopub.execute_input":"2024-06-29T06:14:15.285588Z","iopub.status.idle":"2024-06-29T06:14:15.306369Z","shell.execute_reply.started":"2024-06-29T06:14:15.285551Z","shell.execute_reply":"2024-06-29T06:14:15.305170Z"},"trusted":true},"execution_count":9,"outputs":[{"execution_count":9,"output_type":"execute_result","data":{"text/plain":"   Id    neg    neu    pos  compound   ProductId          UserId  \\\n0   1  0.000  0.695  0.305    0.9441  B001E4KFG0  A3SGXH7AUHU8GW   \n1   2  0.079  0.853  0.068   -0.1027  B00813GRG4  A1D87F6ZCVE5NK   \n2   3  0.091  0.754  0.155    0.8265  B000LQOCH0   ABXLMWJIXXAIN   \n3   4  0.000  1.000  0.000    0.0000  B000UA0QIQ  A395BORC6FGVXV   \n4   5  0.000  0.552  0.448    0.9468  B006K2ZZ7K  A1UQRSCLF8GW1T   \n\n                       ProfileName  HelpfulnessNumerator  \\\n0                       delmartian                     1   \n1                           dll pa                     0   \n2  Natalia Corres \"Natalia Corres\"                     1   \n3                             Karl                     3   \n4    Michael D. Bigham \"M. Wassir\"                     0   \n\n   HelpfulnessDenominator  Score        Time                Summary  \\\n0                       1      5  1303862400  Good Quality Dog Food   \n1                       0      1  1346976000      Not as Advertised   \n2                       1      4  1219017600  \"Delight\" says it all   \n3                       3      2  1307923200         Cough Medicine   \n4                       0      5  1350777600            Great taffy   \n\n                                                Text  \n0  I have bought several of the Vitality canned d...  \n1  Product arrived labeled as Jumbo Salted Peanut...  \n2  This is a confection that has been around a fe...  \n3  If you are looking for the secret ingredient i...  \n4  Great taffy at a great price.  There was a wid...  ","text/html":"<div>\n<style scoped>\n    .dataframe tbody tr th:only-of-type {\n        vertical-align: middle;\n    }\n\n    .dataframe tbody tr th {\n        vertical-align: top;\n    }\n\n    .dataframe thead th {\n        text-align: right;\n    }\n</style>\n<table border=\"1\" class=\"dataframe\">\n  <thead>\n    <tr style=\"text-align: right;\">\n      <th></th>\n      <th>Id</th>\n      <th>neg</th>\n      <th>neu</th>\n      <th>pos</th>\n      <th>compound</th>\n      <th>ProductId</th>\n      <th>UserId</th>\n      <th>ProfileName</th>\n      <th>HelpfulnessNumerator</th>\n      <th>HelpfulnessDenominator</th>\n      <th>Score</th>\n      <th>Time</th>\n      <th>Summary</th>\n      <th>Text</th>\n    </tr>\n  </thead>\n  <tbody>\n    <tr>\n      <th>0</th>\n      <td>1</td>\n      <td>0.000</td>\n      <td>0.695</td>\n      <td>0.305</td>\n      <td>0.9441</td>\n      <td>B001E4KFG0</td>\n      <td>A3SGXH7AUHU8GW</td>\n      <td>delmartian</td>\n      <td>1</td>\n      <td>1</td>\n      <td>5</td>\n      <td>1303862400</td>\n      <td>Good Quality Dog Food</td>\n      <td>I have bought several of the Vitality canned d...</td>\n    </tr>\n    <tr>\n      <th>1</th>\n      <td>2</td>\n      <td>0.079</td>\n      <td>0.853</td>\n      <td>0.068</td>\n      <td>-0.1027</td>\n      <td>B00813GRG4</td>\n      <td>A1D87F6ZCVE5NK</td>\n      <td>dll pa</td>\n      <td>0</td>\n      <td>0</td>\n      <td>1</td>\n      <td>1346976000</td>\n      <td>Not as Advertised</td>\n      <td>Product arrived labeled as Jumbo Salted Peanut...</td>\n    </tr>\n    <tr>\n      <th>2</th>\n      <td>3</td>\n      <td>0.091</td>\n      <td>0.754</td>\n      <td>0.155</td>\n      <td>0.8265</td>\n      <td>B000LQOCH0</td>\n      <td>ABXLMWJIXXAIN</td>\n      <td>Natalia Corres \"Natalia Corres\"</td>\n      <td>1</td>\n      <td>1</td>\n      <td>4</td>\n      <td>1219017600</td>\n      <td>\"Delight\" says it all</td>\n      <td>This is a confection that has been around a fe...</td>\n    </tr>\n    <tr>\n      <th>3</th>\n      <td>4</td>\n      <td>0.000</td>\n      <td>1.000</td>\n      <td>0.000</td>\n      <td>0.0000</td>\n      <td>B000UA0QIQ</td>\n      <td>A395BORC6FGVXV</td>\n      <td>Karl</td>\n      <td>3</td>\n      <td>3</td>\n      <td>2</td>\n      <td>1307923200</td>\n      <td>Cough Medicine</td>\n      <td>If you are looking for the secret ingredient i...</td>\n    </tr>\n    <tr>\n      <th>4</th>\n      <td>5</td>\n      <td>0.000</td>\n      <td>0.552</td>\n      <td>0.448</td>\n      <td>0.9468</td>\n      <td>B006K2ZZ7K</td>\n      <td>A1UQRSCLF8GW1T</td>\n      <td>Michael D. Bigham \"M. Wassir\"</td>\n      <td>0</td>\n      <td>0</td>\n      <td>5</td>\n      <td>1350777600</td>\n      <td>Great taffy</td>\n      <td>Great taffy at a great price.  There was a wid...</td>\n    </tr>\n  </tbody>\n</table>\n</div>"},"metadata":{}}]},{"cell_type":"code","source":"ax = sns.barplot(data=vaders, x='Score', y='compound')\nax.set_title('Compund Score by Amazon Star Review')\nplt.show()","metadata":{"execution":{"iopub.status.busy":"2024-06-29T06:14:15.307895Z","iopub.execute_input":"2024-06-29T06:14:15.308350Z","iopub.status.idle":"2024-06-29T06:14:15.667645Z","shell.execute_reply.started":"2024-06-29T06:14:15.308313Z","shell.execute_reply":"2024-06-29T06:14:15.666458Z"},"trusted":true},"execution_count":10,"outputs":[{"output_type":"display_data","data":{"text/plain":"<Figure size 640x480 with 1 Axes>","image/png":"iVBORw0KGgoAAAANSUhEUgAAAkYAAAHMCAYAAAAwHmdPAAAAOXRFWHRTb2Z0d2FyZQBNYXRwbG90bGliIHZlcnNpb24zLjcuNSwgaHR0cHM6Ly9tYXRwbG90bGliLm9yZy/xnp5ZAAAACXBIWXMAAA9hAAAPYQGoP6dpAABFaklEQVR4nO3deXxU1f3/8fckMyFhSUJIWGIgJAQQS9hBWZQlikjxKyCoUApIoaJYRQUsUCBUQXErKNpfUVRoy66grCKbKFCRvXEhbMqOCTBEtpDl/P7gZsqYCYQhySTk9Xw8eDBz7rn3fu7cmeSde8+9YzPGGAEAAEB+vi4AAACguCAYAQAAWAhGAAAAFoIRAACAhWAEAABgIRgBAABYCEYAAAAWghEAAICFYAQAAGAhGAGFqF27drLZbL4uo9hbt26dbDabEhMTfV0KUOzxc6VwEYxKsR9++EF/+tOfVL9+fYWEhCggIECRkZH67W9/q+nTpys9Pd3XJZZKn3/+ubp166bIyEgFBASoYsWKqlOnjnr27Kk333xTfItP4Ro0aJBsNpvKli0rp9Pp63JuCt98841+97vfKTo6WmXKlFFwcLBq1aql+++/X6+88orOnTvn1t9ms6ldu3a+KfZXatasKZvN5vrn5+enkJAQ3XHHHZo8ebIyMjJ8XSIKmN3XBcA3/vrXv2r8+PHKzs5Wy5Yt1a9fP5UvX14nTpzQunXrNHDgQP3973/Xli1bfF1qqTJx4kSNHj1adrtdnTp1Ut26deXv7699+/bpiy++0IIFC/TEE0/IbuejWxh++eUXzZkzRzabTRcuXNC//vUvPfnkk74uq0T717/+pX79+skYow4dOqhbt24KCgrSTz/9pK+++kpLlixR9+7dFRcX5+tSr+rpp59WaGiosrKydPDgQX388cd65plntHr1ai1evLhIa5k5c6bOnz9fpOssVQxKnQkTJhhJpnr16uY///mPxz6LFy827dq1K+LKbj5t27Y1+f2Y/fjjj8bf398EBwebXbt25ZqelZVlVqxYYbKzswu6TJ9bu3atkWTGjRvn0zr+3//7f0aSefbZZ01AQIBp0KCBT+sp6c6dO2eCg4ONv7+/WbVqlcc+GzZsMKdPn3Zrk2Tatm1b+AXmQ3R0tJFkDhw44Na+Z88eU65cOSPJrFu3zjfFoVBwKq2U+fHHH5WYmCiHw6Fly5bp9ttv99ivS5cuWrFiRa72efPm6a677lJISIiCgoIUHx+vl156yeNpt5o1a6pmzZo6e/asnnnmGVWvXl1BQUFq1KiRFi1aJEnKzMzUhAkTVLt2bQUGBqpWrVqaOnVqrmVdOQZl06ZNuvvuuxUSEqIKFSro3nvv9Xhkq3///rLZbPrxxx+vurwr5Zy7z8zM1MSJE1W7dm2VKVNG1atX1/PPP69Lly55fL3mzJmjpk2bKigoSJUrV9bvf/97HT161GPfvHz99dfKyspS+/btFR8fn2u6n5+f7r33Xo9jCzZv3qyHH35Yt9xyi8qUKaNq1aqpY8eOmjdvXq6+3uzDtLQ0Pfvss6pZs6YcDofb6/bDDz+of//+ql69ugICAlSlShX17t1bu3fvvq7tz5Gf/Tty5EjZbDbNmDHD4zK2bt0qm82mLl26XNe63333Xfn5+Wno0KG6//77tWvXLn399dce++a8vw4cOKCpU6fqtttuU2BgoGrWrKmJEye6TnnOnz9fLVq0ULly5VS5cmU9+eSTunDhQq7lLVq0SH369FGdOnVUrlw5lStXTk2bNtWbb76p7Oxst74ffvih2+kdT/9+/b73Zr+fO3dOw4cPV40aNVSmTBnFxcVp0qRJ+T6dm5SUpLS0NNWvX18JCQke+7Rq1UqhoaFu2yVJX3zxhdv2XPme+/DDD/Xggw8qNjZWQUFBCg4OVuvWrfWvf/3L4zpyPteXLl3SX//6V9WtW1dlypRR//7987UdnsTFxalt27aSLp8q/LX8fi46deokm82mnTt3elzP3LlzZbPZNGzYsFzb48lnn32mzp07Kzw8XGXKlFGtWrU0fPjwXKeFW7ZsqYCAgFynMdu2bSubzaY//OEPbu3ff/+9bDab+vbt6/kFuZn4OpmhaI0dO9ZIMo888sh1zzty5EgjyYSHh5vBgwebYcOGmd/85jeuv+7S09Pd+kdHR5vIyEhzxx13mDp16pghQ4aYQYMGmfLlyxs/Pz+zatUq0717d3PLLbeYgQMHmiFDhpjKlSsbSWbOnDluy8o5otCpUycTEBBgOnfubEaOHGl69uxp/P39TWBgoFm/fr3bPP369fP4l96Vy/v1EYqcIzw9e/Y0VatWNY8++qh5+umnTe3atY0k079//1zLeuONN4wkExoaav74xz+aESNGmIYNG5ro6GjToEGDfB8xWrVqlZFk4uPjTWZmZr7mMcaYadOmGX9/fxMQEGB69OhhRo4caf7whz+Yhg0b5vqr25t9WK1aNdO0aVMTExNjBg0aZJ577jnz4YcfGmOMWb58uQkKCjJ2u91069bNDB8+3PTq1cuUKVPGBAcHm61bt+ZrG653/x44cMD4+fmZVq1aeVzeoEGDjCSzePHifL+O27ZtM5LMPffcY4y5fNRUkhkwYIDH/jnvr+7du5uwsDDTr18/8/TTT5uYmBjXe2vKlCkmKCjI9OrVyzz77LMmPj7eSDKDBw/Otby6deuaevXqmT59+pjnn3/eDB482NSpU8dIMn369HHru337djNu3Lhc/4YOHWpsNpvx8/Mzx44dc/X39rPbunVrExMTY/74xz+aJ554wkRGRhpJJjExMV+v6d69e40kExERYc6ePXvN/jnbJclER0e7bdvatWtd/QIDA03Tpk1Nv379zJ///GczaNAgc8sttxhJ5i9/+Uuu5eZ8rrt06WKqVKli+vfvb0aMGGFee+21a9aU1xEjY4zp3LmzkWQmT57s1n49n4tZs2a5jlJ6ct999xlJ5r///W+u7fm1xMREI8mEhYWZvn37mmHDhpmOHTsaSea2224zZ86ccfUdPXq0kWSWL1/uajt37pwJCAhwvf5Xeuutt4wk12f/ZkYwKmU6dOhgJJl33333uubbuHGj6/TblT9wMzIyTJcuXYwkM2HCBLd5cn6gdOnSxVy8eNHVvn79eiPJVKxY0TRr1sztMPq+ffuMw+EwjRo1cltWzi9OSeatt95ym7Zo0SIjycTFxZmsrCxX+40EoyZNmpiTJ0+62s+ePWtq1aqV6xfOgQMHjMPhMBUrVnRbT1ZWlunevbur5vw4e/as6zW78847zfTp001SUtJVQ9K3335r7Ha7qVixoklKSso1/dChQ67HN7IPExIScv1iO3XqlAkNDTWVKlUy3377rdu0//73v6ZcuXKmcePG+dp2b/bvb3/721y/MIwxJi0tzZQvX95Ur179ugLmY489ZiSZWbNmGWMuvy5Vq1Y15cqVc/uFkiPn/RUdHW0OHz7saj99+rSpVKmSKVu2rAkPDzffffeda9rFixdNvXr1TEBAgDlx4oTb8vbu3ZtrHVlZWaZv375GUp6nvXNcunTJJCQk5PpFfSP7/b777jPnz593tZ84ccKEhISYkJAQc+nSpavWY4wx2dnZpnnz5kaSadiwoZk6darZtm1briD2azmBLS+eXqv09HTToUMHY7fb3faHMf/7XMfHx5uUlJRr1n2lvILRDz/8YMqWLWskmS1btrjar/dzceHCBRMSEmKqVKliMjIy3PofO3bM+Pv7myZNmnjcniutWbPGSDItW7bMdWrygw8+MJLM0KFDXW2rV682ksywYcNcbStWrHD9cSDJ7XXu2rWrkWQOHjx4lVfr5kAwKmXq1auX66+E/Bg4cKCRZP7xj3/kmrZ7927j5+dnYmJi3NpzfqB4+iGW81f16tWrc01r166dsdvtbr/Ucn5x/vqXY46cHxRXnuu/kWD0+eef55on52jblUchXnzxRSPJjB07Nlf/ffv2GT8/v3wHI2OM2blzp2nUqJErJEgyQUFB5q677jJvv/22W8A0xpgnn3zSSDJvvPHGNZd9I/twx44dueaZPHmykWSmTp3qcX1Dhw41knL9cvDEm/27ZMkSI8k8+eSTbn1zxgmNHz/+muvNcfbsWVOhQgUTEhJiLly44Gp/7rnnjCTzzjvv5Jon5/313nvv5Zr26KOPGklmzJgxuabl/FWf33EpW7duzdf25KzzT3/6k1v7jez3PXv25JonJ6j9OpDm5aeffjLt2rVze087HA7TokUL8/LLL3sMndcKRnn56KOPjCQzY8YMt/ac98+iRYuue5k5r8XTTz9txo0bZ/7yl7+Yvn37usYXXRksjPHuc5FzhHPJkiVufV999VUjyUyZMsXj9lwpJ7h4+gPJGGMaNWpkIiIiXM8vXLhgAgMD3ULa8OHDjd1ud4XpnPdMVlaWCQ0NNbVr187rZbqpcGkL8mXbtm2SpA4dOuSaVqdOHUVFRenAgQM6c+aMQkJCXNNCQ0NVq1atXPNERkbqwIEDatq0aa5pt9xyizIzM3X8+HHdcsstbtPuvPNO+fnlHhrXrl07ffHFF9q+fbvrvP+NaNasWa626tWrS5JOnz7tast5XTytMzY2VtWrV9dPP/2U7/U2aNBA27dv15YtW7R27Vpt27ZNmzZt0vr167V+/XpNmzZNa9euVcWKFSVJ//nPfyRJ99133zWX7e0+DAwMVIMGDXLNs2nTJknSzp07Pd5/KDk5WdLlsQm33XbbNeuTrm//3nfffYqJidE///lPTZo0SWXLlpUkTZs2TXa7XQMHDszXOqXLY8R++eUXPfbYYwoMDHS19+/fX6+//rreffddPf744x7n9fReiYyMlKQ839+SdPjwYbf2kydP6tVXX9WyZcu0f//+XGM/jhw5kmf9EyZM0AcffKD7779fkydPdpvm7X4PCQnxeKWYp8/B1dSoUUNr167V999/r88//1xbtmzR5s2bXf/eeecdrVu3TjExMflaniQdPHhQkyZN0urVq3Xw4MFcY7byeq1atGiR73X82pQpU3K1JSYmaty4cW5t3nwu+vfvr3fffVczZszQb3/7W1ffGTNmyOFwqHfv3tesb9OmTXI4HJo/f77mz5+fa/qlS5eUkpKikydPqlKlSgoMDFSrVq20du1aV9uaNWvUvHlztWzZUlWqVNHq1av1xz/+Udu2bZPT6dTDDz98zTpuBgSjUqZatWr6/vvvr/pD1pMzZ8645s9ruQcPHpTT6cz1w9WTnMvNPU3Pmebp/iBVqlTxuLyqVau61XmjcgaDeqorKyvL1ZazvqvVdT3BKEezZs3cfuFu3rxZ/fr1086dOzV+/HjXL7+cAZW/DpCeeLsPK1eu7HGg58mTJyVdHrB8NWfPnr1mbTmuZ//6+fnpscce05///GfNnTtXjz76qLZu3apt27apa9eurnCSH9OmTZOkXINx69evr6ZNm2rr1q3asmWLxxB0tfdwft/fTqdTzZs314EDB9SiRQv17dtXYWFhstvtcjqdmjJlSp73FZs9e7bGjBmjpk2bavbs2bmCpbf73dNn4Mr6r/wc5Ee9evVUr1491/MffvhBAwYM0KZNm/TMM8+4Lsi4lv3796tFixY6ffq07rzzTnXs2FEhISHy9/fXjz/+qBkzZuT5WuW8j7xx4MAB1axZUxcvXtSOHTs0ePBgjR8/XrGxsfr973/v6ufN56JVq1aqU6eOPv30U50+fVoVK1bUtm3blJSUpK5duyo8PPya9Z08eVKZmZkaP378NddbqVIlSVJCQoLWrFmjtWvXKiEhQdu3b9eoUaMkXQ7Sq1atkjFGq1evdvUvDbgqrZRp06aNJLne6PmV8wPz+PHjHqcfO3bMrV9hOXHihMf2nLquXH/OL4jMzMxc/Qvqxn0567tWXTeqRYsWrqv11qxZ42rP+eWVn6Dr7T7M6+qXnH47d+6UuXxa3uO/fv36XbO2HNezfyVpwIABKlOmjP7xj39Ikuv/xx57LN/r3LVrlzZv3izp8pU6v766a+vWrZL+F54Kw3vvvacDBw5o3Lhx+vrrr/XOO+/oxRdfVGJi4lX/Sv/yyy/16KOPqnr16lq8eLHKlSuXq09x+ez+2q233qp//vOfktzf09fyxhtv6OTJk5o+fbrWrVunN998Uy+88IISExN17733XnXegrhbdGBgoO644w4tX75cFSpU0OOPP+52Baq3n4u+ffsqPT1dc+fOlSTXFZf5/fyEhISoYsWKV12nMUbR0dGueXKOIq5atUpr165Vdna2K/x06NBBKSkp2rlzp1avXi2bzab27dt7+aqVLASjUubRRx+Vw+HQRx99pO++++6qfa/8q6tx48aSLl/m/mt79+7V4cOHFRMTk+dfmQXlq6++ynXp8pV15dQpyXW66dChQ7n6F9SNK5s0aSLp8qXFv7Z//36P6/ZWhQoVJMntUuk77rhDkrR8+fJrzl/Q+zBn3V9++WW++ufH9exfSYqIiFCPHj309ddfa8OGDZo9e7ZiYmLUsWPHfK8zJ/C0a9dOf/jDHzz+CwoK0uzZs6/r6Nf12Lt3ryTpwQcfzDXN03tLunxKpmvXripTpoyWLl2a5xGh4vLZ9cTTe1q6/EdNXkekvHmtCkO1atU0atQonTt3zu10mrefi759+8rPz08zZsxQRkaGZs+erfDwcLdTa1dzxx136PTp0/r222/zvc7mzZsrODhYq1ev1po1axQUFKSWLVtK+t/RoWXLlmnDhg1q0KBBvo5c3RSKbDQTio2cGzzWrFnTfPPNNx77LF++3LRv3971fMOGDa55fv75Z1d7ZmameeCBB4wk8+KLL7otIzo6OtclnzmuduNDT4Omvblqac6cOUaS6dWrl1v/Xbt2mfLly1918LUnOVd2fPDBB662grwq7euvvzYffPCB21VAOS5duuRa3hNPPOFqv/KqNE+DnK+8Kq2g92FqaqoJDQ01ERER5uuvv841PSsry+0S66vxZv/m+Oqrr4wk1+XaEydOzNc6jTHm/PnzJjQ01Pj7+5sjR47k2a9Pnz5Gkpk2bZqr7WqD+3MuOfe0/Z7eRy+99JKRZN588023vtu2bTPBwcFGkunXr5+rPSUlxdSqVcvY7XazcuXKq25jQe/3q23br+3fv99MmTLFOJ3OXNOys7PNU089ZSSZzp07u02LiIjIc/05Vw9++umnbu0rVqww/v7+1/25vparXa5/7tw5U6VKFWO3201ycrIx5sY+F3fffbeR5Bp0/dRTT3ns52l7cm730bJlS4/v5bNnz5pNmzblas+5MrFy5cquW1XkqFmzpusWKs8884zHWm5GjDEqhUaNGuU6F928eXO1atVKzZo1c30lyPr167Vnzx638RStWrXSiBEj9Morr6h+/frq0aOHypUrp+XLlyspKUlt2rTR8OHDC732Tp066bnnntPy5cvVsGFD7d27Vx9//LECAwP1/vvvu42veOCBB1S7dm3Nnj1bhw8f1u23366DBw/qk08+0QMPPODx5ofXq2bNmnr55Zf13HPPqXHjxnr44YcVEhKizz77TE6nUw0aNNCuXbvytayjR4/q0Ucf1ZNPPqk2bdq4bhh47NgxrVixQsePH1dcXJzGjh3rmue2227TO++8o8GDB6tx48aubT558qS++eYbBQcHa+3atZIKfh9WqlRJCxYsULdu3XTHHXcoISFBv/nNb2Sz2XTo0CFt2rRJJ0+e1MWLF/O9zOvZvzlat26thg0baufOnXI4HBowYEC+1zd37lw5nU7df//9Vx2TNHDgQP3rX//StGnTNGjQoHwvP7/69u2rV199VUOHDtXatWtVu3Zt7dmzx/V1GTmnV3KMHTtW+/btU5MmTbRhwwZt2LAh1zKHDh2q0NBQn352z5w5o6efflrDhw9X69atVb9+fVWoUEE///yz1qxZo/3796ty5cp6/fXX3eZLSEjQnDlzdP/996tJkyZyOBy66667dNddd+mJJ57QBx98oJ49e6pHjx6KjIxUUlKSVqxYoYceeijXa1WYypYtqz//+c965plnNHbsWM2ePfuGPhf9+vXTqlWrXON8ruc0dEJCgl5++WWNHDlStWvXVufOnRUTE6OzZ8/qp59+0hdffKE2bdrkunFvQkKClixZop9//jnXGKKEhARNnz7d9bjU8HUyg+9899135sknnzS/+c1vTIUKFYzD4TBVq1Y1nTp1Mu+9916uS8ONMWb27NmmdevWpnz58qZMmTLmtttuMy+++KLbJc45CuOI0bhx48zGjRtNQkKCqVChgilfvry55557zObNmz0u6+DBg+ahhx4yFStWNIGBgaZZs2bmo48+uubl+p54+ks/x6xZs0zjxo1NmTJlTHh4uPnd735njhw5cl1/qaalpZlZs2aZ/v37m/j4eFOpUiXj7+9vKlasaFq2bGleeukl88svv3icd+PGjaZ79+4mIiLCOBwOU61aNXPvvfea+fPn5+pbUPswx4EDB8yQIUNMXFycKVOmjKlQoYKpW7eu6dOnj1m4cGG+tt3b/Zsj5xLpHj165Gt9OVq1amUkmU8++eSafXNutrh9+3ZjTMEeMTLm8tG/+++/30RERJiyZcuaJk2amHfffdccOHAg1xGjnHVf7d+v6yqo/X49R4wuXrxoFi5caB5//HHTuHFjU7lyZWO3201wcLBp0qSJGT16tNtRrBwnTpwwvXr1MpUrV3bd8uLKz+qGDRtM+/btTWhoqClfvrxp3bq1WbhwoVef62u52hEjYy5f9h4ZGWlsNpvZuXOnq92bz0XOV6hIMvXr18+zpqttz5dffml69uxpqlWrZhwOhwkPDzcNGzY0zzzzjMczBLt27XK9Z379Ocu5+aTdbjdpaWl51nOzsRnDV3Wj+Fu3bp3at2+vcePGebwEFqVb//79NWPGDK1atap0/WULoMAx+BpAiXbo0CHNmTNH9erV83ivHgC4HowxAlAizZo1S8nJyZozZ47S09P1wgsvFMjl2ABKN4IRgBJp2rRpWr9+vapXr66//e1vHi/fBoDrxRgjAAAAC2OMAAAALAQjAAAAC8EIAADAQjACAACwcFWal06fPu3xW9sBAEDxY7fbXV8uftV+RVDLTSkzM1MZGRm+LgMAABQgTqUBAABYCEYAAAAWghEAAICFYAQAAGAhGAEAAFgIRgAAABaCEQAAgIVgBAAAYCnxN3hcsWKFFi9eLKfTqejoaA0YMEBxcXF59l+6dKlWrlyp1NRUBQcH6/bbb1fv3r0VEBBQhFUDAIDiqEQfMdq4caNmzpypHj16aNKkSYqOjtaECRN05swZj/2/+uorzZo1Sz179tTf/vY3DR48WJs2bdLs2bOLuHIAAFAclehgtGTJEiUkJKh9+/aKiorSoEGDFBAQoLVr13rsv3v3btWtW1dt2rRR5cqV1bBhQ7Vu3Vp79+4t4soBAEBxVGJPpWVmZmr//v3q2rWrq83Pz0/x8fFKTk72OE/dunX15Zdfau/evYqLi9OJEye0fft23XnnnXmuJyMjw+070Ww2m4KCglyPAQDAzaPEBqO0tDRlZ2crNDTUrT00NFRHjx71OE+bNm2UlpamMWPGSJKysrJ0zz33qHv37nmuZ+HChVqwYIHreUxMjCZNmqSIiIgb3wgAAIqxp59+WikpKZKkiIgITZkyxccVFb4SG4y88e2332rhwoUaOHCgateurePHj+uDDz7QggUL1KNHD4/zdOvWTV26dHE9zzlKlJKSoszMzCKpGwAAXzh+/LhSU1MlXT6YcOzYMR9X5D273Z6vgxolNhgFBwfLz89PTqfTrd3pdOY6ipRj7ty5uuuuu5SQkCBJqlGjhi5evKhp06ape/fu8vPLPeTK4XDI4XB4XJ4x5oa2AQCAkqQ0/N4rsYOv7Xa7YmNjlZSU5GrLzs5WUlKS6tSp43Ge9PT0XOOCPIUhAABQOpXYI0aS1KVLF7399tuKjY1VXFycli1bpvT0dLVr106SNHXqVIWFhal3796SpKZNm2rp0qWKiYlxnUqbO3eumjZtSkACAAAlOxi1atVKaWlpmjdvnpxOp2rWrKlRo0a5TqWlpqa6HSF68MEHZbPZNGfOHJ06dUrBwcFq2rSpevXq5aMtAAAAxYnNlIYThoUgJSXF7TJ+AABuNs8884xr8HV4eLj+9re/+bgi7zkcjnwNvub8EQAAgKVEn0oDANx8XnjhBZ06dUqSFBYW5rr3HFAUCEYAgGLl1KlTrtM3QFHjVBoAAICFYAQAAGDhVBoAAD7m9/3rvi7Bs4wzbo+La53Z9Z4rsGVxxAgAAMBCMAIAALAQjAAAACwEIwAAAAvBCAAAwEIwAgAAsBCMAAAALAQjAAAAC8EIAADAQjACAACwEIwAAAAsBCMAAAALXyILAAA8CqsQ4PHxzYxgBAAAPBrXt7avSyhynEoDAACwEIwAAAAsBCMAAAALwQgAAMBCMAIAALAQjAAAACwEIwAAAAvBCAAAwEIwAgAAsBCMAAAALAQjAAAAC8EIAADAQjACAACwEIwAAAAsBCMAAACL3dcFAAB848033/R1CR6lpaW5PS6udT711FO+LgGFgCNGAAAAFoIRAACAhWAEAABgIRgBAABYCEYAAAAWghEAAICFYAQAAGAhGAEAAFgIRgAAABaCEQAAgIVgBAAAYCEYAQAAWAhGAAAAFoIRAACAhWAEAABgsfu6gBu1YsUKLV68WE6nU9HR0RowYIDi4uLy7H/u3DnNnj1bmzdv1tmzZxUREaF+/fqpSZMmRVg1AAAojkp0MNq4caNmzpypQYMGqXbt2lq6dKkmTJigyZMnKyQkJFf/zMxMvfjiiwoODtazzz6rsLAwpaamqmzZsj6oHgAAFDclOhgtWbJECQkJat++vSRp0KBB2rZtm9auXauuXbvm6r9mzRqdPXtWL7zwguz2y5teuXLloiwZAAAUYyU2GGVmZmr//v1uAcjPz0/x8fFKTk72OM/WrVtVu3ZtTZ8+XVu2bFFwcLBat26trl27ys/P83CrjIwMZWRkuJ7bbDYFBQW5HgMASid+BxQfBbkvSmwwSktLU3Z2tkJDQ93aQ0NDdfToUY/znDhxQikpKWrTpo1Gjhyp48eP67333lNWVpZ69uzpcZ6FCxdqwYIFrucxMTGaNGmSIiIiCmxbAPje008/rZSUFElSRESEpkyZ4uOKUNxVq1atwJZ1/LsCW1SpVJD7osQGI28YYxQcHKzHHntMfn5+io2N1alTp/Tpp5/mGYy6deumLl26uJ7npNKUlBRlZmYWSd0ACt/x48eVmpoqScrKytKxY8d8XBGKu4J8j3Ds6cbkZ1/Y7fZ8HdQoscEoODhYfn5+cjqdbu1OpzPXUaQcoaGhstvtbqfNbrnlFjmdTmVmZrrGHV3J4XDI4XB4XJ4xxuv6ARRvfL5xLQX5HiEY3ZiC3Bcl9j5GdrtdsbGxSkpKcrVlZ2crKSlJderU8ThP3bp1dfz4cWVnZ7vajh07pooVK3oMRQAAoHQpscFIkrp06aLVq1dr3bp1Onz4sN577z2lp6erXbt2kqSpU6dq1qxZrv4dO3bU2bNn9eGHH+ro0aPatm2bFi5cqHvvvddHWwAAAIqTEn2YpFWrVkpLS9O8efPkdDpVs2ZNjRo1ynUqLTU11W2kenh4uEaPHq0ZM2Zo+PDhCgsL03333efx0n4AAFD6lOhgJEmdOnVSp06dPE5LTEzM1VanTh1NmDChkKsCAAAlUYk+lQYAAFCQCEYAAAAWghEAAICFYAQAAGAp8YOvAQA3l4CAAI+PgaJAMAIAFCv16tXzdQkoxTiVBgAAYCEYAQAAWAhGAAAAFoIRAACAhWAEAABgIRgBAABYCEYAAAAWghEAAICFYAQAAGAhGAEAAFgIRgAAABaCEQAAgIVgBAAAYCEYAQAAWAhGAAAAFoIRAACAhWAEAABgIRgBAABYCEYAAAAWghEAAICFYAQAAGAhGAEAAFgIRgAAABaCEQAAgIVgBAAAYCEYAQAAWAhGAAAAFruvCwBKsxdeeEGnTp2SJIWFhWnMmDE+rggASjeCEeBDp06dUmpqqq/LAABYOJUGAABgIRgBAABYCEYAAAAWghEAAICFYAQAAGAhGAEAAFgIRgAAABaCEQAAgIUbPAIoUp99eszXJXh04XyW2+PiWOe9/1fN1yUANz2OGAEAAFgIRgAAABaCEQAAgIVgBAAAYCEYAQAAWAhGAAAAFoIRAACApcTfx2jFihVavHixnE6noqOjNWDAAMXFxV1zvg0bNmjKlClq1qyZRowYUQSVAgCA4q5EHzHauHGjZs6cqR49emjSpEmKjo7WhAkTdObMmavO9/PPP+uf//yn6tWrV0SVAgCAkqBEB6MlS5YoISFB7du3V1RUlAYNGqSAgACtXbs2z3mys7P11ltv6aGHHlLlypWLsFoAAFDcldhTaZmZmdq/f7+6du3qavPz81N8fLySk5PznG/BggUKDg5Whw4d9P33319zPRkZGcrIyHA9t9lsCgoKcj0GChLvKVwN74/ihf1RfBTkviixwSgtLU3Z2dkKDQ11aw8NDdXRo0c9zvPDDz9ozZo1euWVV/K9noULF2rBggWu5zExMZo0aZIiIiK8qhu4kr+/v9vjatVKw3dhef584tpKx/uj5CjI/XH8uwJbVKlUkPuixAaj63XhwgW99dZbeuyxxxQcHJzv+bp166YuXbq4nuek0pSUFGVmZhZ4nShdsrKy3B4fO1b8vrgUxQfvj+KlIPcHx55uTH72hd1uz9dBjRIbjIKDg+Xn5yen0+nW7nQ6cx1FkqQTJ04oJSVFkyZNcrUZYyRJjzzyiCZPnqyqVavmms/hcMjhcHisIWd+oKDwnsLV8P4oXgpyfxCMbkxB7osSG4zsdrtiY2OVlJSkFi1aSLo8sDopKUmdOnXK1T8yMlKvvfaaW9ucOXN08eJF9e/fX+Hh4UVSNwAAKL5KbDCSpC5duujtt99WbGys4uLitGzZMqWnp6tdu3aSpKlTpyosLEy9e/dWQECAatSo4TZ/uXLlJClXOwAAKJ3yHYxSU1O9WkFhHolp1aqV0tLSNG/ePDmdTtWsWVOjRo1ynUpLTU3lqgEAAJBv+Q5GQ4YM8WoFc+fO9Wq+/OrUqZPHU2eSlJiYeNV5vd0mAABwc8p3MHr88cfdnhtjtGzZMqWmpqpNmzaKjIyUJB05ckQbNmxQRESE7rvvvoKtFgAAoBDlOxjljNvJ8fHHHysjI0NvvvmmKlSo4DbtoYce0pgxY3JdMQYAAFCcef2VIJ9//rnuvvvuXKFIunwpfUJCglauXHlDxQEAABQlr4PRL7/8ovT09DynX7p0SWfPnvV28QAAAEXO62BUu3ZtLVu2TPv37881bd++fVq2bJni4uJuqDgAAICi5PV9jP7whz8oMTFRI0eOVJ06dVx3jT5+/LiSk5NVvnx5DRgwoMAKBQAAKGxeB6OoqCi99tprWrRokXbs2OE6chQREaHOnTvrgQce8PjVHAAAAMXVDd35OjQ0VP379y+gUgAAAHzL6zFGAAAAN5sbOmJ0+PBhrVu3TidOnNC5c+dyfbutzWbT2LFjb6hAAACAouJ1MFq/fr3eeecd+fv7KzIyUuXLl8/V59dBCQAAoDjzOhjNnz9fMTExGjlypIKDgwuyJgAAAJ/weozRqVOn1L59e0IRAAC4aXgdjKKjo3Xq1KmCrAUAAMCnvA5Gffv21dq1a7V79+6CrAcAAMBnvB5j9Mknn6hs2bIaO3asoqKiFB4eLj8/95xls9k0YsSIGy4SAACgKHgdjA4ePChJCg8P18WLF3X48OFcfWw2m/eVAQAAFDGvg9Hbb79dkHUAAAD4HHe+BgAAsHh9xCg1NTVf/cLDw71dBQAAQJHyOhgNGTIkX/3mzp3r7SoAAACKlNfB6PHHH8/Vlp2drZSUFK1fv17BwcG69957b6g4AACAouR1MGrXrl2e0x544AGNHj1a58+f93bxAAAARa5QBl8HBgaqXbt2Wrp0aWEsHgAAoFAU2lVpxhg5nc7CWjwAAECB8/pUWl7Onz+v77//Xp9++qliYmIKevEAAACFxutg9PDDD191enh4uAYOHOjt4gEAAIqc18HowQcfzPWVHzabTeXKlVOVKlXUsGFD+fv733CBAAAARcXrYPTQQw8VZB0AAAA+VyBjjC5evOi6E3Z4eLgCAwMLYrEAAABF6oaC0d69e/Xvf/9bP/zwg7KzsyVJfn5+uvXWW9WnTx/VqlWrQIoEAAAoCl4Hoz179igxMVF2u10dOnTQLbfcIkk6cuSINmzYoHHjxikxMVFxcXEFViwAAEBh8joYzZkzR2FhYXrhhRcUGhrqNq1nz54aM2aMZs+erTFjxtxojQAAAEXC6xs87tmzR/fcc0+uUCRJoaGhuvvuu7Vnz54bqQ0AAKBIeR2MbDabsrKy8pyenZ2d63J+AACA4szrYFS3bl199tlnSklJyTUtNTVVK1eu1K233npDxQFAUSkbFKJyZSuqXNmKKhsU4utyAPiI12OMevXqpXHjxmno0KFq0aKFqlWrJkk6evSotmzZIn9/f/Xq1avACgWAwnRvhyd8XQKAYsDrYBQTE6OJEydq9uzZ2rJliy5duiRJCggIUKNGjfTII48oKiqqwAoFAAAobDd0H6OoqCgNHz5c2dnZSktLkyQFBwfLz8/rM3QAAAA+UyB3vrbZbK6B1gy4BgAAJdUNBaPDhw9r7ty52rlzp9LT0yVJZcqUUcOGDdWzZ0/VqFGjQIoEAAAoCl4Ho++//14TJ06UMUbNmjVTZGSkpP8Nvt6xY4dGjRqlevXqFVixAAAAhcnrYDRjxgyFhIQoMTFR4eHhbtNSU1M1btw4zZw5Uy+99NINFwkAAFAUvB4lfejQIXXs2DFXKJKk8PBwdezYUYcOHbqh4gAAAIqS18EoIiJCmZmZeU7PzMxUpUqVvF08AABAkfM6GPXo0UPLly/Xjz/+mGvagQMHtGLFCvXs2fNGagMAAChSXo8xSk5OVkhIiJ5//nnVrVtXVatWlSQdO3ZMycnJqlGjhpKTk5WcnOyax2az6dFHH73xqgEAAAqB18Hos88+cz3evXu3du/e7Tb94MGDOnjwYK75CEYAAKC48joYzZ07tyDrAAAA8Dm+uwMAAMBSIF8Jkp2drfPnz3ucVr58+YJYBQAAQKHzOhhlZmbqk08+0dq1a3Xy5EllZ2d77FfYp9xWrFihxYsXy+l0Kjo6WgMGDFBcXJzHvqtWrdL69etd91eKjY1Vr1698uwPAABKF6+D0bRp0/TFF1+oTp06at68ucqWLVuQdeXLxo0bNXPmTA0aNEi1a9fW0qVLNWHCBE2ePFkhISG5+n/33Xdq3bq16tatK4fDoU8++UQvvvii3njjDYWFhRV5/QAAoHjxOhj95z//0V133aUhQ4YUZD3XZcmSJUpISFD79u0lSYMGDdK2bdu0du1ade3aNVf/p556yu354MGD9fXXX+u///2v2rZtWxQlAwCAYszrYFSmTBnVrl27IGu5LpmZmdq/f79bAPLz81N8fLzbvZOuJj09XZmZmVcdB5WRkaGMjAzXc5vNpqCgINdjoCDxnsLV8P4oXtgfxUdB7guvg1Hr1q21bds2dezYscCKuR5paWnKzs5WaGioW3toaKiOHj2ar2X8+9//VlhYmOLj4/Pss3DhQi1YsMD1PCYmRpMmTVJERIRXdQNX8vf3d3tcrVo1H1ZTVPL3+URupeP9UXIU5P44/l2BLapUKsh94XUw6tOnj9555x29/PLLat++vSpVqiQ/v9xX/8fGxt5QgYVl0aJF2rBhgxITExUQEJBnv27duqlLly6u5zmpNCUl5arfFYfipd+HG31dgkdZZ/53NeeJM+fV8aWPfFiNZzP6t/J1CbAcO3bM1yXgCgW5Pzj2dGPysy/sdnu+Dmp4HYwyMjJkjNH27du1ffv2PPsV1lVpwcHB8vPzk9PpdGt3Op25jiL92qeffqpFixZpzJgxio6Ovmpfh8Mhh8PhcZox5npKBkok3ufFB/uieCnI/UEwujEFuS+8DkZ///vftXnzZrVu3VpxcXFFflWa3W5XbGyskpKS1KJFC0mX76eUlJSkTp065TnfJ598oo8//lijR49WrVq1iqpcAABQAngdjHbu3KlOnTqpf//+BVjO9enSpYvefvttxcbGKi4uTsuWLVN6erratWsnSZo6darCwsLUu3dvSZdPn82bN09PPfWUKleu7DraFBgYqMDAQB9tBQAAKC68DkZBQUGqWrVqQdZy3Vq1aqW0tDTNmzdPTqdTNWvW1KhRo1yn0lJTU91Gqn/++efKzMzUG2+84bacHj166KGHHirK0gEAQDHkdTBKSEjQhg0b1LFjR4+DrotKp06d8jx1lpiY6Pb87bffLoKKAABASeV1MIqKitKWLVv0/PPPq23btnlelXb77bffUIEAAABFxetgNHnyZNfjf/7zn3n2K+zvSgMAACgoXgejcePGFWQdAAAAPud1MLrtttsKsg4AAACf8zoYXenw4cNKSUmRJEVERCgqKqogFgsAAFCkbigYffPNN5o5c6Z+/vlnt/bKlSurX79+atas2Q0VBwAAUJS8Dkbbtm3T66+/roiICPXq1ct1lOjw4cNavXq1XnvtNf35z39Wo0aNCqpWAACAQuV1MProo48UHR2t8ePHu901ulmzZurUqZPGjh2r+fPnE4wAAECJ4fWdGQ8ePKi2bdt6/CqNwMBAtWvXTgcPHryh4gAAAIqS18HI4XDo7NmzeU4/e/Zsnt9KDwAAUBx5HYzq16+vZcuWKTk5Ode0PXv2aPny5YqPj7+h4gAAAIqS12OM+vTpo9GjR2vMmDGKi4tTZGSkJOno0aPau3evQkJC9Lvf/a7ACgUAAChsXgejypUr67XXXtPChQu1Y8cObdy4UdLl+xh17txZXbt2VUhISIEVCgAAUNi8DkZZWVlyOBzq37+/x+nnz59XVlaW/P39vV0FAABAkfJ6jNEHH3ygMWPG5Dl9zJgxmjlzpreLBwAAKHJeB6MdO3bo9ttvz3P6HXfcoe3bt3u7eAAAgCLndTA6ffq0wsLC8pxesWJFnTp1ytvFAwAAFDmvg1H58uV19OjRPKcfOXJEQUFB3i4eAACgyHkdjBo1aqRVq1bpwIEDuabt379fq1atUuPGjW+oOAAAgKLk9VVpDz/8sHbs2KFRo0apadOmql69uiTp0KFD2rp1q4KDg/Xwww8XWKEAAACFzetgFBYWppdffln//ve/tWXLFn3zzTeSpKCgILVp00a9evW66hgkAACA4sbrYCRdHmD95JNPyhijtLQ0SVJwcLBsNluBFAcAAFCUbigY5bDZbNzlGgAAlHheD74GAAC42RCMAAAALAQjAAAAC8EIAADAQjACAACwEIwAAAAsBCMAAAALwQgAAMBCMAIAALAUyJ2vUXK88MILOnXqlKTL33c3ZswYH1cEAEDxQTAqZU6dOqXU1FRflwEAQLHEqTQAAAALwQgAAMBCMAIAALAQjAAAACwEIwAAAAvBCAAAwEIwAgAAsBCMAAAALAQjAAAAC8EIAADAQjACAACwEIwAAAAsBCMAAAALwQgAAMBCMAIAALAQjAAAACwEIwAAAIvd1wXcqBUrVmjx4sVyOp2Kjo7WgAEDFBcXl2f/TZs2ae7cuUpJSVHVqlX1u9/9Tk2aNCnCigEAQHFVoo8Ybdy4UTNnzlSPHj00adIkRUdHa8KECTpz5ozH/rt379aUKVPUoUMHTZo0Sc2bN9err76qgwcPFnHlAACgOCrRwWjJkiVKSEhQ+/btFRUVpUGDBikgIEBr16712H/ZsmVq1KiR/u///k9RUVF65JFHFBsbqxUrVhRx5QAAoDgqsafSMjMztX//fnXt2tXV5ufnp/j4eCUnJ3ucJzk5WV26dHFra9iwob755ps815ORkaGMjAzXc5vNpqCgINfjku5m2AYULt4jxQf7onhhfxQfBbkvSmwwSktLU3Z2tkJDQ93aQ0NDdfToUY/zOJ1OhYSEuLWFhITI6XTmuZ6FCxdqwYIFrucxMTGaNGmSIiIirlnj1t91vmafopZ1Kv2Kx6k6OuwPPqwmb03/vaxAl7dy5IMFuryC0rv3Rzpx8RdJUpWQsppVTOssSI8OrubrEmB5+eWXfV0CclR73dcVwFJig1FR6datm9tRppxUmpKSoszMTF+VddM7duyYr0soEllZWW6PS8t2A0BRs9vt+TqoUWKDUXBwsPz8/HId7XE6nbmOIuUIDQ3NNTD7zJkzefaXJIfDIYfD4XGaMeZ6SsZ1KK2vbWndbgAoLkrs4Gu73a7Y2FglJSW52rKzs5WUlKQ6dep4nKdOnTr673//69a2a9cu1a5du1BrBQAAJUOJDUaS1KVLF61evVrr1q3T4cOH9d577yk9PV3t2rWTJE2dOlWzZs1y9e/cubN27typxYsX68iRI5o3b5727dunTp06+WgLAABAcVJiT6VJUqtWrZSWlqZ58+bJ6XSqZs2aGjVqlOvUWGpqqttI9bp16+qpp57SnDlzNHv2bFWrVk3Dhw9XjRo1fLQFAACgOCnRwUiSOnXqlOcRn8TExFxtLVu2VMuWLQu5KgAAUBKV6FNpAAAABYlgBAAAYCEYAQAAWAhGAAAAFoIRAACAhWAEAABgIRgBAABYCEYAAAAWghEAAICFYAQAAGAhGAEAAFgIRgAAABaCEQAAgMXu6wKA0iwsLMzjYwCAbxCMAB8aM2aMr0sAAFyBU2kAAAAWghEAAICFYAQAAGAhGAEAAFgIRgAAABaCEQAAgIVgBAAAYCEYAQAAWAhGAAAAFoIRAACAhWAEAABgIRgBAABYCEYAAAAWu68LuJlVe/U9X5eQi/8zz0ipqZcfh4Wr2qt/83FFAAAUHxwxAgAAsBCMAAAALAQjAAAAC8EIAADAQjACAACwEIwAAAAsBCMAAAALwQgAAMBCMAIAALAQjAAAACwEIwAAAAvBCAAAwEIwAgAAsBCMAAAALAQjAAAAC8EIAADAQjACAACwEIwAAAAsBCMAAAALwQgAAMBCMAIAALAQjAAAACx2XxfgrbNnz+r999/X1q1bZbPZdPvtt+vRRx9VYGBgnv3nzZunnTt3KjU1VcHBwWrevLkeeeQRlS1btoirBwAAxVGJDUZvvvmmTp8+rb/85S/KysrSO++8o3/84x96+umnPfY/deqUTp06pd///veKiopSamqq3n33XZ0+fVrPPfdcEVcPAACKoxJ5Ku3w4cPasWOHBg8erNq1a+vWW2/VgAEDtHHjRp06dcrjPDVq1NCwYcPUrFkzVa1aVfXr19cjjzyirVu3Kisrq4i3AAAAFEcl8ohRcnKyypUrp1q1arna4uPjZbPZtHfvXrVo0SJfyzl//ryCgoLk7++fZ5+MjAxlZGS4nttsNgUFBbkel3Q3wzYAAFBQSmQwcjqdCg4Odmvz9/dX+fLl5XQ687WMtLQ0ffTRR7r77ruv2m/hwoVasGCB63lMTIwmTZqkiIiI6667OLgyBPr7+6tatWo+rAYAgOKlWAWjf//73/rkk0+u2udvf/vbDa/n/PnzevnllxUVFaWePXtetW+3bt3UpUsX1/OcIywpKSnKzMy84VqK2pWnDbOysnTs2DEfVgMAQNGw2+35OqhRrILR/fffr3bt2l21T5UqVRQaGqq0tDS39qysLJ09e1ahoaFXnf/ChQuaOHGigoKCNGzYMNntV38JHA6HHA6Hx2nGmKvOWxLcDNsAAEBBKVbBKDg4ONcpMk/q1Kmjc+fOaf/+/YqNjZUkJSUlyRijuLi4POc7f/68JkyYIIfDoREjRiggIKDAagcAACVfibwqLSoqSo0aNdI//vEP7d27Vz/88IPef/99tWrVSmFhYZIuX54/dOhQ7d27V9L/QlF6eroGDx6sCxcuyOl0yul0Kjs725ebAwAAiolidcToejz11FOaPn26/vrXv7pu8DhgwADX9MzMTB09elTp6emSpAMHDmjPnj2uea80depUVa5cueiKBwAAxZLNMMjEKykpKW6X8ZcUzzzzjFJTUyVJ4eHhBTKYHQCA4s7hcORr8HWJPJUGAABQGAhGAAAAFoIRAACAhWAEAABgIRgBAABYCEYAAAAWghEAAICFYAQAAGAhGAEAAFgIRgAAABaCEQAAgIVgBAAAYCEYAQAAWAhGAAAAFoIRAACAhWAEAABgIRgBAABYCEYAAAAWghEAAICFYAQAAGAhGAEAAFgIRgAAABa7rwtA0QoLC/P4GAAASDZjjPF1ESVRSkqKMjIyfF0GAADIB4fDoYiIiGv241QaAACAhWAEAABgIRgBAABYCEYAAAAWghEAAICFYAQAAGAhGAEAAFgIRgAAABaCEQAAgIVgBAAAYCEYAQAAWAhGAAAAFoIRAACAxe7rAkoqu52XDgCAkiK/v7dtxhhTyLUAAACUCJxKK4UuXLig559/XhcuXPB1KRD7ozhhXxQf7Ivio7TtC4JRKWSM0YEDB8TBwuKB/VF8sC+KD/ZF8VHa9gXBCAAAwEIwAgAAsBCMSiGHw6EePXrI4XD4uhSI/VGcsC+KD/ZF8VHa9gVXpQEAAFg4YgQAAGAhGAEAAFgIRgAAABaCEQAAgIUv/CplvvvuO3366ac6cOCATp8+rWHDhqlFixa+LqvUWbhwoTZv3qwjR44oICBAderUUZ8+fRQZGenr0kqdlStXauXKlUpJSZEkRUVFqUePHmrcuLGPK8OiRYs0a9Ysde7cWf379/d1OaXOvHnztGDBAre2yMhITZ482TcFFRGCUSmTnp6umjVrqkOHDnrttdd8XU6p9d133+nee+9VrVq1lJWVpdmzZ+vFF1/UG2+8ocDAQF+XV6qEhYWpd+/eqlatmowx+uKLL/TKK6/olVdeUfXq1X1dXqm1d+9eff7554qOjvZ1KaVa9erVNWbMGNdzP7+b/0QTwaiUady4MX8JFwOjR492ez5kyBANHDhQ+/fv12233eajqkqnZs2auT3v1auXVq5cqT179hCMfOTixYt666239Nhjj+njjz/2dTmlmp+fn0JDQ31dRpEiGAHFwPnz5yVJ5cuX93ElpVt2drY2bdqk9PR01alTx9fllFrvvfeeGjdurAYNGhCMfOz48eN67LHH5HA4VKdOHfXu3Vvh4eG+LqtQEYwAH8vOztaHH36ounXrqkaNGr4up1Q6ePCgRo8erYyMDAUGBmrYsGGKiorydVml0oYNG3TgwAG99NJLvi6l1Ktdu7aeeOIJRUZG6vTp01qwYIHGjh2r119/XUFBQb4ur9Dc/CcLgWJu+vTpOnTokIYOHerrUkqtyMhIvfrqq5o4caI6duyot99+W4cPH/Z1WaVOamqqPvzwQz311FMKCAjwdTmlXuPGjdWyZUtFR0erUaNGGjlypM6dO6dNmzb5urRCxREjwIemT5+ubdu2afz48apUqZKvyym17Ha7qlatKkmKjY3Vvn37tGzZMv3xj3/0cWWly/79+3XmzBk9//zzrrbs7Gx9//33WrFihWbNmlUqBv8WV+XKlVNkZKSOHz/u61IKFcEI8AFjjN5//31t3rxZiYmJqly5sq9LwhWys7OVkZHh6zJKnfj4+FxXy/79739XZGSkHnjgAUKRj128eFHHjx/XnXfe6etSChXBqJTJeWPn+Pnnn/Xjjz+qfPnyN/2AuuJk+vTp+uqrrzRixAgFBQXJ6XRKksqWLcsphCI2a9YsNWrUSOHh4bp48aK++uorfffdd7muHEThCwoKyjXOrkyZMqpQoQLj73xg5syZatasmcLDw3X69GnNmzdPfn5+atOmja9LK1QEo1Jm3759Gj9+vOv5zJkzJUlt27bVkCFDfFVWqbNy5UpJUmJiolv7E088oXbt2hV9QaXYmTNn9Pbbb+v06dMqW7asoqOjNXr0aDVo0MDXpQE+derUKU2ZMkW//PKLgoODdeutt2rChAkKDg72dWmFymaMMb4uAgAAoDjghC0AAICFYAQAAGAhGAEAAFgIRgAAABaCEQAAgIVgBAAAYCEYAQAAWAhGAAAAFu58DaDEOnjwoObPn699+/bpzJkzKl++vKKiotSsWTPdd999vi4PQAnEna8BlEi7d+/W+PHjFR4errZt2yo0NFQnT57Unj17dPz4cb311lu+LhFACcQRIwAl0scff6yyZcvqpZdeUrly5dymnTlzpsjqSE9PV5kyZYpsfQAKF8EIQIl04sQJVa9ePVcokqSQkBC35+vXr9fy5ct16NAhORwO1ahRQ927d1fDhg1dfT777DN99tlnOn78uCpUqKDmzZurV69ebstPTEzUL7/8oiFDhmjGjBnat2+f7r77bvXv318ZGRlauHChvvzyS508eVIhISFq3bq1Hn74YTkcjsJ7IQAUKIIRgBIpIiJCycnJOnjwoGrUqJFnv/nz52v+/PmqW7euHnroIdntdu3du1dJSUmuYDRv3jwtWLBA8fHx6tixo44ePaqVK1dq3759euGFF2S3/+9H5S+//KKJEyeqVatWuvPOOxUSEqLs7Gy98sor+uGHH5SQkKCoqCgdPHhQS5cu1dGjRzVixIhCfz0AFAyCEYAS6f7779fEiRM1YsQIxcXF6dZbb1V8fLx+85vfuILM8ePHtWDBArVo0ULPPvus/Pz+dyFuzvDKtLQ0LVq0SA0bNtTIkSNdfSIjI/X+++/ryy+/VPv27V3zOZ1ODRo0SPfcc4+rbf369dq1a5fGjx+vW2+91dVevXp1vfvuu9q9e7fq1q1bqK8HgILB5foASqQGDRroxRdfVLNmzfTTTz/p008/1YQJEzR48GBt2bJFkrR582YZY9SjRw+3UCRJNptNkrRr1y5lZmaqc+fObn3uvvtuBQUFadu2bW7zORwOt6AkSf/5z38UFRWlyMhIpaWluf7Vr19fkvTtt98W+PYDKBwcMQJQYsXFxWnYsGHKzMzUjz/+qM2bN2vp0qV6/fXX9eqrr+rEiROy2WyKiorKcxmpqamSLh8hupLdbleVKlVc03OEhYW5nVqTpGPHjunIkSMaOHCgx3UU5WBwADeGYASgxLPb7YqLi1NcXJwiIyP1zjvvaNOmTYWyroCAgFxtxhjVqFFDffv29ThPeHh4odQCoOARjADcVGJjYyVJp0+fVtWqVWWM0eHDh1WzZk2P/XNCy9GjR1WlShVXe2Zmpn7++WfFx8dfc51VqlTRTz/9pPj4eNcpOgAlE2OMAJRISUlJ8nR/2u3bt0u6fGqsRYsWstlsWrBggbKzs9365czboEED2e12LV++3G15a9as0fnz59WkSZNr1tKyZUudOnVKq1evzjXt0qVLunjx4nVtGwDf4YgRgBLpgw8+UHp6ulq0aKHIyEhlZmYqOTlZGzduVEREhNq3b69y5cqpe/fu+uijjzRu3Di1aNFCDodDe/fuVVhYmHr37q3g4GB17dpVCxYs0MSJE9W0aVPX5fq1atXSnXfeec1a7rrrLm3atEnvvvuukpKSdOuttyo7O1tHjhzRpk2bNHr0aNWqVasIXhUAN4qvBAFQIu3YsUObNm1ScnKyTp48qczMTIWHh6tRo0Z68MEH3W7yuHbtWq1YsUKHDx9WQECAoqOj1b17dzVo0MDVZ8WKFa4bPJYvX1633357njd4fP3113PVk5mZqaVLl2r9+vU6fvy4AgICVKVKFTVr1kydO3dW2bJlC/cFAVAgCEYAAAAWxhgBAABYCEYAAAAWghEAAICFYAQAAGAhGAEAAFgIRgAAABaCEQAAgIVgBAAAYCEYAQAAWAhGAAAAFoIRAACAhWAEAABgIRgBAABY/j+6WTFD6REWGAAAAABJRU5ErkJggg=="},"metadata":{}}]},{"cell_type":"code","source":"fig, axs = plt.subplots(1, 3, figsize=(12, 3))\nsns.barplot(data=vaders, x='Score', y='pos', ax=axs[0])\nsns.barplot(data=vaders, x='Score', y='neu', ax=axs[1])\nsns.barplot(data=vaders, x='Score', y='neg', ax=axs[2])\naxs[0].set_title('Positive')\naxs[1].set_title('Neutral')\naxs[2].set_title('Negative')\nplt.tight_layout()\nplt.show()","metadata":{"execution":{"iopub.status.busy":"2024-06-29T06:14:15.668910Z","iopub.execute_input":"2024-06-29T06:14:15.669271Z","iopub.status.idle":"2024-06-29T06:14:16.657731Z","shell.execute_reply.started":"2024-06-29T06:14:15.669241Z","shell.execute_reply":"2024-06-29T06:14:16.656463Z"},"trusted":true},"execution_count":11,"outputs":[{"output_type":"display_data","data":{"text/plain":"<Figure size 1200x300 with 3 Axes>","image/png":"iVBORw0KGgoAAAANSUhEUgAABKUAAAEiCAYAAAAoMGGMAAAAOXRFWHRTb2Z0d2FyZQBNYXRwbG90bGliIHZlcnNpb24zLjcuNSwgaHR0cHM6Ly9tYXRwbG90bGliLm9yZy/xnp5ZAAAACXBIWXMAAA9hAAAPYQGoP6dpAABXrElEQVR4nO3de1yUdf7//+eMQIIKSIJgKIiAZoun1FbNPFBGRq6nLbODrSvV6ma1rX42/Zp0oM1cWy1tP5Wl2ScP5Cc11EzXLPNQmlaKtuIxjyiIA5mJjHP9/vDHfJoYVA5zYOZxv928dV3XvK/rer0H5dW85v1+XybDMAwBAAAAAAAAbmT2dAAAAAAAAADwPxSlAAAAAAAA4HYUpQAAAAAAAOB2FKUAAAAAAADgdhSlAAAAAAAA4HYUpQAAAAAAAOB2FKUAAAAAAADgdhSlAAAAAAAA4HYUpQAAAAAAAOB2FKUAL/PZZ5/JZDIpMzOzSufFx8crPj7eJTEBAHA5c+fOlclk0ty5cz0dCgDARXr37i2TyeTpMOBjKEoBv2AymRz+1KtXT02aNFHfvn01f/58j8ZGEgAA71GeJ+Li4nT+/HmnbeLj42UymWS1Wt0c3aX4evfu7fb7AoA/8fZcUFUPPfSQTCaTDh065OlQ4EcCPB0A4I0mT54sSSorK9N//vMfLVu2TOvWrdPXX3+tV155xaX37tq1q77//ns1adKkSuetXbvWRREBACpz+PBhTZ8+XX/72988HQoAwEP8JRfMmzdP586d83QY8DEUpQAnfj11bu3atbrttts0ffp0jR071qXT5EJCQtSmTZsqn9eqVSsXRAMAqEzjxo1lMpn00ksvadSoUVX+MgEAUPf5Uy5o0aKFp0OAD2L6HnAVUlNT1aZNGxmGoa1bt9qPb9u2TUOGDFFUVJSuueYaxcXFafTo0Tpx4kSFa5w8eVJ//etf1bp1azVo0EDh4eFq3bq1HnroIR04cMDe7tdrSh06dEgmk0mff/65JMcphr+cmvHrNaVeeuklmUwmzZgxw2mfjh8/roCAAHXu3NnhuNVq1euvv67f/va3Cg0NVUhIiDp27KiZM2fKZrNV9a0DAJ8VEhKiSZMmqbi4WM8++2yVzv3qq680dOhQRUdHKygoSM2bN9cjjzyi48ePV2h7uTUDMzMzZTKZ9Nlnn0n6v7WdJOnzzz93yBm/zisPPfSQ8vLydM899ygqKkpms9l+nW3btunxxx9X+/btFRERofr16yspKUlPPfWUzpw5U6W+AoAvc1cukKStW7eqX79+atSokUJDQ3Xrrbdq8+bNFXJBuaVLl+r+++9XcnKyGjRooAYNGujGG2/Uq6++WuH/600mk959911JUsuWLe2545f559fLiSxcuFAmk0lPPvmk03hLS0vVuHFjxcTEVJi+uGDBAvXp00fh4eGqX7++rr/+er3wwgsqLS292rcPPoKRUsBVMgxDkuy/iJcvX64hQ4bIMAwNHTpUcXFx2rZtm/71r39p2bJl2rBhg1q2bClJOnfunHr06KH9+/frtttu01133SXDMPTDDz9o2bJlGjp0qBISEpzeNzw8XJMnT9bcuXP1ww8/2KcWSrrsiK0HHnhAEydO1Lx58/T4449XeP1//ud/dPHiRT300EP2Y2VlZbrrrrv0ySefqHXr1ho+fLjq16+vdevW6bHHHtNXX32l9957r6pvHQD4rDFjxmjmzJl64403NHbsWCUlJV3xnHfeeUcPP/ywrrnmGg0YMEDNmzfX3r17NXv2bOXk5OjLL7+s9rfRHTp00OTJk/Xss88qLi7O4Xf8r9eY2r9/v2666SYlJyfrvvvu088//6zQ0FBJ0ltvvaUlS5aoV69euvXWW2Wz2bRt2za98sor+vjjj/XVV1+pUaNG1YoRAHyNO3LB+vXr1a9fP128eFGDBw9Wq1attHPnTvXp00d9+/Z1eo+//e1vMpvNuummm3TdddepuLhYn376qR5//HFt3brV4f/rJ0+erKVLl+q7777T448/rvDwcEmy/9eZgQMHKiwsTPPnz9fUqVMVEOBYXli2bJksFoueeuoph9dGjhypOXPmKDY2VkOGDFF4eLi+/PJLTZo0SWvXrtWaNWsqXAs+zABgJ8lw9s9izZo1hslkMkwmk3Ho0CHjxx9/NCIiIgyz2WysX7/eoe1LL71kSDJuu+02+7GPPvrIkGQ88cQTFa5dWlpqlJSU2PfXrVtnSDImT57s0K5Xr15OYysXFxdnxMXFORzr16+fIcnYuXNnhfZt27Y1goKCjMLCQvuxyZMnG5KMP//5z4bVarUft1qtxsiRIw1JxtKlSyuNAQD8hSTjuuuuMwzDMD744ANDkjFo0CCHNnFxcYYko6yszH5sz549RmBgoNGqVSvj6NGjDu3//e9/G2az2Rg4cGCF6/z693u58t/b69atqxBfr169nJ5z8OBBe757+umnnbY5dOiQQx4oN3v2bEOS8dJLLzkcnzNnjiHJmDNnjtPrAYAvclcuuHjxopGYmGhIMlauXOnQ/l//+pf9d/qvc8G+ffsqxHzx4kXjwQcfNCQZX375pcNrI0aMMCQZBw8edNpfZ59HHn74YUOSkZOTU6F9//79DUnGjh077MfK88WgQYOMc+fOObQvz2nTp093en/4JqbvAU5kZmYqMzNTEydO1NChQ5WWlibDMPTEE08oLi5Oy5YtU1FRke655x717NnT4dynnnpK8fHxWrNmjQ4fPuzwWnBwcIV7BQUFuezb5hEjRkiSfShuua+//lq7d+/WnXfeqWuvvVaSZLPZ9Nprryk6Olr//Oc/Va9ePXv7evXqadq0aTKZTHr//fddEisA1FVDhw5Vt27dtGTJEm3YsOGybf/1r3+prKxMM2bM0HXXXefwWmpqqgYMGKCcnBz9+OOPrgxZktS0aVOH0be/FBcX55AHyo0cOVKhoaH65JNPXB0eANQprswFmzZt0r59+9SnTx/dcccdDu0ffvhhJScnO72PszVnzWazfRZFbfwur+zzRn5+vj755BN17NhRKSkp9uMzZsxQQECA3nnnnQqfjSZNmqRrr72Wzxt+hjFxgBPl88FNJpPCw8PVs2dP/fGPf9T9998vSdq+fbskOR0qGxAQoFtuuUWHDh3SN998oxYtWqhXr1667rrr9NJLL2n79u3q37+/evTooQ4dOjj9n/7aMmjQIIWFhen999/XSy+9ZL9XedL45bSOvLw8FRUVKSkpSS+88ILT6wUHB+v77793WbwAUFdNmzZN3bt311//+ld9+eWXlbbbvHmzpEvrPf1yjcJyp06d0sWLF5WXl6cbb7zRZfFKUvv27XXNNdc4fa2srExvvPGGFi5cqN27d6u4uNhh/ZFjx465NDYAqItclQu++eYbSdLNN99coa3ZbFb37t2Vl5dX4bXTp09r6tSpWrlypQ4cOKCffvrJ4fXa+F3evXt3JScnKycnR2fOnFHjxo0lSe+//36FpULOnTun7777Tk2aNNH06dOdXu+aa67h84afoSgFOGH8/+tHVaa4uFiSFBMT4/T18uMWi0WSFBoaqi+//FKTJ0/WRx99ZP9WokmTJho9erT+3//7fwoMDKyl6P9PcHCw7r77br311ltavXq17rjjDl24cEELFixQZGSkwzctp0+fliTt3bv3sos0nj17ttbjBIC6rlu3bho6dKgWL16sRYsW6Z577nHarvx37dSpUy97PXf8ro2Ojq70tXvuuUdLlixRQkKCfve73yk6OtpewJo+fToL0QKAE67KBeWfPZo2beq0nbPjFotFXbp00cGDB9W1a1c9+OCDioiIUEBAgCwWi2bMmFFrv8tHjBihiRMnauHChfrTn/4k6dKX4IGBgRo+fLi93ZkzZ2QYhgoKCqq8KDx8F9P3gGoICwuTdGlYqjPlT98rbydJsbGxevvtt3Xq1Cnl5ubq1Vdf1bXXXqvnnntOzz33nMti/fWQ2hUrVuj06dMaPny4QyGsPNZBgwbJMIxK/xw8eNBlsQJAXfb3v/9dgYGBevrpp3XhwgWnbcp/1xYXF1/2d22vXr3s55jN5gpPLSpX/uVHdfzyCUq/9PXXX2vJkiW69dZbtWfPHs2ZM0d///vflZmZqWeeeabSvgEAXJMLyh9CcfLkSafXc3Z89uzZOnjwoCZPnqyvvvpKr7/+ul544QVlZmZWWiyrrgceeEBms9n+eeObb77Rzp071b9/fzVp0qRCvzt27HjZfl9pgAB8C0UpoBo6duwoSRUeuypJVqtVX3zxhSSpU6dOFV43mUy64YYb9Nhjj2nNmjWSLj2u9UrKp95dvHixSrH26NFDSUlJWrZsmYqLi+3JorxYVa5Nmzb2J1+UlZVV6R4AACkxMVGjR4/WwYMH9dprrzlt89vf/laS7HniajRu3FgnT550+rv566+/dnqO2Wyucr4ot2/fPknSgAEDKjz9aMuWLfr555+rdV0A8AeuyAXlnz2crVVls9m0adOmCsfLf5cPGTKkwmuff/650/tU9/NG8+bN1bdvX3311Vfas2dPpZ83GjZsqBtuuEG7du1SUVFRle4B30VRCqiGgQMHKiIiQgsWLKgwX3z69Ok6ePCgbr31VvtjXHft2uX0G4zyYyEhIVe8Z/mC5L9ePP1qjBgxQufPn9frr7+ulStXql27dvbkVi4gIECPPfaYTpw4obFjxzr90HHixAnt3r27yvcHAH/xzDPPKDw8XFlZWU6n4P35z39WYGCgnnzySafrf1y4cKHCh5SuXbvKarVqzpw5Dsfnzp2rjRs3Oo3j2muv1ZEjR6rVh/j4eEkVv3g5deqUxowZU61rAoA/qe1c0KNHD7Vq1Urr1q3Txx9/7ND2zTffdHqNyn6Xf/PNN/r73//uNO6afN4oXzvq7bff1oIFC9SkSROlp6dXaPeXv/xFFy5c0MiRI52O9j1z5ox9/V74B9aUAqqhYcOGeuedd/T73/9evXr10u9//3u1aNFC27Zt0+rVqxUdHa033njD3n7NmjUaN26cunXrpuTkZEVFReno0aNatmyZzGazxo0bd8V7pqam6oMPPtDgwYPVv39/BQcHKy4uTg888MAVz33ggQf0zDPPaPLkySorK6vwrUW5SZMm6bvvvtN///d/KycnR3379tV1112nU6dOae/evdq4caOysrLUtm3bq3+zAMCPREREaMKECRo/frzT19u0aaN33nlHI0eO1A033KC0tDQlJyerrKxMhw8f1hdffKHIyEj95z//sZ/z2GOPac6cOfrTn/6ktWvXqnnz5vr222+1efNmpaena/ny5RXuk5qaqoULF+quu+5Sp06dFBgYqFtuuUW33HLLFfvQpUsX9ejRQx9++KG6d++um2++WSdPntTHH3+s1q1bq1mzZtV/gwDAD9R2LjCbzZo9e7bS0tI0YMAADRkyRK1atdKOHTu0Zs0a3XHHHfr4449lNv/fmJMHH3xQU6dO1RNPPKF169YpKSlJe/fu1fLlyzV48GAtWrSoQlypqamaOnWqMjIyNGTIEDVq1Ejh4eH685//fMU+Dxo0SKGhoZo+fbrKysr02GOPOV0zd+TIkdq2bZtef/11tWrVSrfffrtatGihoqIiHTx4UOvXr9cf/vAH/fd///fVvt2o6wwAdpKMqvyz2LJlizFw4ECjSZMmRmBgoNG8eXPj0UcfNY4dO+bQbvfu3caTTz5p3HjjjUaTJk2MoKAgIy4uzhgyZIixceNGh7br1q0zJBmTJ092OG61Wo2nn37aaNmypREQEGBIMnr16mV/PS4uzoiLi6s01tTUVEOSERAQYOTn51fazmazGfPmzTP69u1rNG7c2AgMDDSaNWtm9OjRw8jKyjIOHz581e8PAPgqScZ1113n9LXz588b8fHx9pxSVlZWoc2OHTuMESNGGC1atDCCgoKMxo0bGzfccIPx8MMPG2vXrq3Q/osvvjB69uxpBAcHG40aNTL69+9vfPfdd8bkyZMNSca6desc2p88edK49957jaioKMNsNjvklYMHDxqSjBEjRlTav9OnTxt/+tOfjLi4OOOaa64xEhISjKefftr46aefnOabOXPmGJKMOXPmXO5tAwCf4u5c8OWXXxq33nqr0bBhQ6Nhw4ZGamqqsWnTJmPMmDGGJOObb75xaL9r1y7jrrvuMiIjI42QkBCjU6dOxltvvXXZPDBt2jSjTZs2RlBQkCHJ4fd9r169LvtZ6Y9//KO9v19//XWl7QzDMHJycow777zTiIyMNAIDA42mTZsaXbp0MSZOnGh8//33lz0XvsVkGKwiBgAAAABAXdSjRw999dVXKi4uVoMGDTwdDlAlrCkFAAAAAIAXO3funNM1mObOnatNmzapX79+FKRQJzFSCgAAAAAAL/af//xHHTt21G233abExERZrVZ988032rBhg8LDw7Vp0yZdf/31ng4TqDKKUgAAAAAAeLEzZ85o3Lhx+vzzz5Wfn6/S0lJFR0fr1ltv1cSJE9WqVStPhwhUC0UpAAAAAAAAuB1rSgEAAAAAAMDtKEoBAAAAAADA7ShKAQAAAAAAwO0oSgEAAAAAAMDtAjwdQF1y5swZWa1WT4cBAC4TEBCgxo0bezqMOo1cAcDXkStqjlwBwNddba6gKFUFVqtVZWVlng4DAODFyBUAgCshVwDAJUzfAwAAAAAAgNtRlAIAAAAAAIDbUZQCAAAAAACA21GUAgAAAAAAgNtRlAIAAAAAAIDb8fQ9APASzz//vIqKiiRJERERmjRpkocjQl3B3x0AwJWQKwB4I4pSAOAlioqKVFhY6OkwUAfxd8c/8QETQFWQKwB4I4pSAAAAdRAfMAEAQF3HmlIAAAAAAABwO4pSAAAAAAAAcDum7wEAgDqLdZUAAADqLopSAACgzmJdJQAAgLqL6XsAAAAAAABwO4pSAAAAAAAAcDum7wEAfNKqVauUk5Mji8WiuLg4jRw5UomJiZW2X7FihVavXq3CwkKFhobqpptu0vDhwxUUFFTjWE6MG1Xja1zOxaLSX2wXuvR+MVNnu+zaAAC4AusPAt6LohQAwOds2rRJ8+bNU0ZGhpKSkrRixQplZWVp+vTpCgsLq9B+w4YNmj9/vv70pz8pOTlZJ06c0Ouvvy6TyaQRI0Z4oAfwFZ98dMJl1/753EWHbVfe6/YBMS67NgC4GusPAt6LohQAVIH5+2muu3hZscO2S+8lyXb9Uy69victX75cqamp6tOnjyQpIyND27dv17p16zRw4MAK7ffs2aPWrVvr5ptvliRFRUWpR48e2rt3rzvDBgAAAPwKRSkAXoXh1agpq9WqAwcOOBSfzGazUlJSlJeX5/Sc1q1b64svvtC+ffuUmJiokydP6ptvvlHPnj0rvU9ZWZnKysrs+yaTScHBwfZtX+XtffP2+Ooq3lcAAOAKFKUAeBWGV6OmSkpKZLPZFB4e7nA8PDxcx48fd3rOzTffrJKSEnsR9OLFi7rttts0ePDgSu+zZMkSLV682L7fsmVLTZkyRZGRkRXaOr9r3RQT413TuOrVq+ew7W3x+cpP3/veVwAA4AsoSgEA/N6uXbu0ZMkSjRo1SklJScrPz9ecOXO0ePFiDR061Ok5gwYNUnp6un2/fCRJQUGBrFarW+L2hBMnXLduUXVcvHjRYdvb4vMV3va+Pvfccw6jap955hkPR+RfAgICnBbgvU1VHnhx5MgRLVq0SAcPHlRBQYFGjBihO++806HNkiVLtGXLFh07dkxBQUFKTk7W/fffr2bNmrmjOwDgkyhKAQB8SmhoqMxmsywWi8Nxi8VSYfRUuUWLFumWW25RamqqJKlFixY6f/683nzzTQ0ePFhms7nCOYGBgQoMDHR6PcMwatQHb+btffP2+Ooqb3tffz2q1tvig+dV9YEXpaWlatq0qbp166Z3333X6TV3796t22+/Xa1atdLFixe1YMECvfDCC3rllVdUv359V3cJAHwSRSkAgE8JCAhQQkKCcnNz1bVrV0mSzWZTbm6u0tLSnJ5TWlpaYc0cZ4UoVM9D72522bUvni21bxeeLXXpveaO6OayawOoXVV94EViYqJ9FNX8+fOdXnPixIkO+2PGjNGoUaN04MABtW3btnY7AAB+gv/jBgD4nPT0dK1du1afffaZjh49qtmzZ6u0tFS9e/eWJM2cOdPhQ8eNN96oNWvWaOPGjTp16pR27NihRYsW6cYbb6Q4BQB1TPkDL1JSUuzHrvTAi+o4d+6cJKlhw4a1dk0A8DeMlAIA+Jzu3burpKRE2dnZslgsio+P14QJE+zT9woLCx1GRg0ZMkQmk0kLFy5UUVGRQkNDdeONN+ree+/1UA+qJqyeSZLxi234g5DgMKfbgL+rzgMvqspms2nu3Llq3bq1WrRoUWk7b35Sq6fv70n+3HfA21CUAgD4pLS0tEqn62VmZjrs16tXT7///e/1+9//3g2R1b7R1wZ5OgR4wO19R3s6BHjA888/77DIe/lTQ+Feb7/9to4cOaLnnnvusu2q8qRWV/P+p5W6jj/3HfB2FKUAwEtENApyug0AQLlfL/KOiqrzwIuqePvtt7V9+3Y9++yzuvbaay/b1pue1OrPTyv1574DnnK1T2qlKAUAXmLyg0meDgEAas2rr77qsmuXlJQ4bLvyXmPHjnXZteEa1XngxdUwDEPvvPOOtmzZoszMTEVFRV3xHG9+Uqun7+9J/tx3wNt4ZVFq1apVysnJkcViUVxcnEaOHGl/Gsav/fvf/9b69et15MgRSVJCQoLuvfdeh/aGYSg7O1tr167VTz/9pDZt2mjUqFEM2wQAAAB8UHp6umbNmqWEhAQlJiZq5cqVFR54ERERoeHDh0u6tDj60aNH7dtFRUU6dOiQ6tevr+joaEmXRkht2LBB48ePV3BwsH0kVkhIiIKCGOEMANXhdUWpTZs2ad68ecrIyFBSUpJWrFihrKwsTZ8+XWFhFRfx3L17t3r06KHWrVsrMDBQy5Yt0wsvvKBXXnlFERERkqRly5bp448/1pgxYxQVFaVFixYpKytLr7zyCgkEAAAA8DFVfeBFUVGRxo8fb9/PyclRTk6O2rZta1+HcPXq1ZIqrks4evRoe7ELAFA1XleUWr58uVJTU9WnTx9JUkZGhrZv365169Zp4MCBFdr/ekj1o48+qq+++ko7d+5Ur169ZBiGVq5cqcGDB6tLly6SpD//+c/KyMjQ1q1b1aNHD5f3CQAAAP7D/P001128rNhh26X3kmS7/imXXt+VqvLAi6ioKGVnZ1/2eld6HQBQdV5VlLJarTpw4IBD8clsNislJUV5eXlXdY3S0lJZrVY1bNhQknTq1ClZLBa1a9fO3iYkJESJiYnKy8tzWpTy5ke3Av6Gf3Ouw3sLn3BNA+fbAAAA8HpeVZQqKSmRzWar8FSM8PBwHT9+/Kqu8f777ysiIkIpKSmSZJ/r/eupf2FhYRWeyFHOmx7dCvgbb39kb/5uT0dQe7ztvQWqo16XwZ4OAQAAANXkVUWpmlq6dKk2btyozMzMGq0V5U2PbgX8jbc/steXxhY5e2+v9tGtAADPiGgU5HQbAIC6yKuKUqGhoTKbzRVGMFkslgqjp37to48+0tKlSzVp0iTFxcXZj5efV1xcrMaNG9uPFxcXKz4+3um1vPnRrYC/8bZ/c75UlPK29xYArtYvv3z0t4fWTH4wydMhAABQa8yeDuCXAgIClJCQoNzcXPsxm82m3NxcJScnV3resmXL9L//+7+aMGGCWrVq5fBaVFSUwsPDtXPnTvuxc+fOad++fZe9JgAAALzT9ddfr/bt26t9+/a6/vrrPR0OAACoJq8aKSVJ6enpmjVrlhISEpSYmKiVK1eqtLTU/pjVmTNnKiIiQsOHD5d0acpedna2xo4dq6ioKPsoq/r166t+/foymUzq37+/PvzwQ8XExCgqKkoLFy5U48aN7U/jAwAAAAAAgHt5XVGqe/fuKikpUXZ2tiwWi+Lj4zVhwgT7NLzCwkKHJ0atWbNGVqtVr7zyisN1hg4dqrvvvluS9Lvf/U6lpaV64403dO7cObVp00YTJkzwu+HeAAAAAAAA3sLrilKSlJaWprS0NKevZWZmOuzPmjXritczmUy65557dM8999RGeAAAAAAAAKghr1pTCgAAAAAAAP6BohQAAAAAAADcziun7wHwbq+++qrLrl1SUuKw7cp7jR071mXXBgAAAABcHiOlAAAAAAAA4HYUpQAAAAAAAOB2FKUAAAAAAADgdhSlAAAAAAAA4HYUpQAAAAAAAOB2PH0PAAAAADzsxLhRLr3+xaLSX2wXuvR+MVNnu+zaAHwLI6UAAAAAAADgdoyUAgAAAOBzVq1apZycHFksFsXFxWnkyJFKTEx02vbIkSNatGiRDh48qIKCAo0YMUJ33nlnja4JALgyRkoBAAAA8CmbNm3SvHnzNHToUE2ZMkVxcXHKyspScXGx0/alpaVq2rSphg8frvDw8Fq5JgDgyihKAQAAAPApy5cvV2pqqvr06aPY2FhlZGQoKChI69atc9o+MTFRDzzwgHr06KHAwMBauSYA4MooSgEAAADwGVarVQcOHFBKSor9mNlsVkpKivLy8rzmmgAA1pQCAAAA4ENKSkpks9kqTMMLDw/X8ePH3XrNsrIylZWV2fdNJpOCg4Pt277K2/vm7fEB/oSiFAAAAAC4wJIlS7R48WL7fsuWLTVlyhRFRkZWaFu9cpl3iomJ8XQIDurVq+ew7W3xAf6MohQAAAAAnxEaGiqz2SyLxeJw3GKxVLqIuauuOWjQIKWnp9v3y0foFBQUyGq1ViuWuuDEiROeDsHBxYsXHba9LT7AFwUEBDgtwFdo54ZYAAAAAMAtAgIClJCQoNzcXHXt2lWSZLPZlJubq7S0NLdeMzAwsNKF0w3DqFYsdYG3983b4wP8CUUpAAAAAD4lPT1ds2bNUkJCghITE7Vy5UqVlpaqd+/ekqSZM2cqIiJCw4cPl3RpIfOjR4/at4uKinTo0CHVr19f0dHRV3VNAEDVUZQCAAAA4FO6d++ukpISZWdny2KxKD4+XhMmTLBPtSssLHRY7LqoqEjjx4+37+fk5CgnJ0dt27ZVZmbmVV0TAFB1FKUAAD5p1apVysnJkcViUVxcnEaOHKnExMRK2//0009asGCBtmzZorNnzyoyMlIjRoxQp06d3Bg1AKC2pKWlVTq1rrzQVC4qKkrZ2dk1uiYAoOooSgHwKkFBQU63garYtGmT5s2bp4yMDCUlJWnFihXKysrS9OnTFRYWVqG91WrVCy+8oNDQUP3lL39RRESECgsLFRIS4oHoAQAAAP9AUQqAV7n++us9HQJ8wPLly5Wamqo+ffpIkjIyMrR9+3atW7dOAwcOrND+008/1dmzZ/X8888rIOBSaoyKinJnyAAAAIDfoSgFAPApVqtVBw4ccCg+mc1mpaSkKC8vz+k527ZtU1JSkt5++219/fXXCg0NVY8ePTRw4ECZzWY3RQ4AgP966N3NLrv2xbOl9u3Cs6UuvdfcEd1cdm3AF1GUAgD4lJKSEtlstgoLz4aHh+v48eNOzzl58qQKCgp088036+mnn1Z+fr5mz56tixcv6ve//73Tc8rKylRWVmbfN5lMCg4Otm/7Kl/u25XQd//kz32X6D8AwLUoSgEA/J5hGAoNDdUjjzwis9mshIQEFRUV6aOPPqq0KLVkyRItXrzYvt+yZUtNmTJFkZGRFdo6L4XVTTExMZ4OwWOq13ff+Onzc6+a/N0uCMRD/PlnDwBwPYpSgBd6/vnnVVRUJEmKiIjQpEmTPBwRUHeEhobKbDbLYrE4HLdYLJU+tjs8PFwBAQEOU/Wuu+46WSwWWa1W+zpTvzRo0CClp6fb98tHExQUFMhqtda8I17qxIkTng7BY+i7f6pO331pbJGz/gcEBDgtwAMAUFUUpQAvVFRUpMLCQk+HAdRJAQEBSkhIUG5urrp27SpJstlsys3NrfQx3q1bt9bGjRtls9nshakTJ06ocePGTgtSkhQYGKjAwECnrxmGUQs98U6+3Lcroe/+qTp996WilD//7AEArsfqrQAAn5Oenq61a9fqs88+09GjRzV79myVlpaqd+/ekqSZM2dq/vz59vb9+vXT2bNnNXfuXB0/flzbt2/XkiVLdPvtt3uoBwAAAIDvY6QUAMDndO/eXSUlJcrOzpbFYlF8fLwmTJhgn75XWFjosHhvkyZNNHHiRL377rsaN26cIiIidMcddzg8wQ8AAABA7fK6otSqVauUk5Mji8WiuLg4jRw5UomJiU7bHjlyRIsWLdLBgwdVUFCgESNG6M4773Rok52d7bAQrSQ1a9ZM06dPd1UXAABeIC0trdLpepmZmRWOJScnKysry8VRAQAAACjnVUWpTZs2ad68ecrIyFBSUpJWrFihrKwsTZ8+XWFhYRXal5aWqmnTpurWrZvefffdSq/bvHlzh4Wif7mQLQAAAAAAANzPq6ozy5cvV2pqqvr06aPY2FhlZGQoKChI69atc9o+MTFRDzzwgHr06FHpYrPSpSJUeHi4/U9oaKirugAAAAAAAICr4DUjpaxWqw4cOOCwfofZbFZKSory8vJqdO38/Hw98sgjCgwMVHJysoYPH64mTZpU2r6srExlZWX2fZPJpODgYPs24G78vXMNf39f/b3/AAAAADzLa4pSJSUlstls9kVoy4WHh+v48ePVvm5SUpJGjx6tZs2a6cyZM1q8eLGeeeYZTZs2zV5o+rUlS5Y4rEPVsmVLTZkyRZGRkdWOA6iKevXqOWzHxMR4MBrfVZ33NX+3CwLxEP5eAQAAAPAkrylKuUrHjh3t23FxcfYi1ebNm9W3b1+n5wwaNEjp6en2/fLRBAUFBbJara4NGJB08eJFh+0TJ054MBrfVZ331ZfGFjnrf0BAAAV4AAAAAG7hNUWp0NBQmc1mWSwWh+MWi6XC6KmaaNCggZo1a6b8/PxK2wQGBla6RpVhGLUWC3C1+HvnGtV5X32pKMXfKwAAAACe5DULnQcEBCghIUG5ubn2YzabTbm5uUpOTq61+5w/f175+fm1WugCAAAAAABA1XjNSClJSk9P16xZs5SQkKDExEStXLlSpaWl6t27tyRp5syZioiI0PDhwyVdWhz96NGj9u2ioiIdOnRI9evXV3R0tCRp3rx56ty5s5o0aaIzZ84oOztbZrNZN998s0f6iKv3/PPPq6ioSJIUERGhSZMmeTgiAAAAAABQW7yqKNW9e3eVlJQoOztbFotF8fHxmjBhgn1UU2FhocPTooqKijR+/Hj7fk5OjnJyctS2bVtlZmba28yYMUM//vijQkND1aZNG2VlZSk0NNSdXUM1FBUVqbCw0NNhAAAAoA5atWqVcnJyZLFYFBcXp5EjRyoxMbHS9ps3b9aiRYtUUFCg6Oho3XffferUqZP99fPnz+v999/X1q1b9eOPPyoqKkp33HGH+vXr547uAIBP8qqilCSlpaUpLS3N6WvlhaZyUVFRys7Ovuz1nnjiiVqKDAAAAEBdsGnTJs2bN08ZGRlKSkrSihUrlJWVpenTpyssLKxC+z179mjGjBkaPny4OnXqpA0bNmjq1KmaMmWKWrRoIUl69913lZubq8cee0yRkZHasWOHZs+erYiICHXu3NndXQQAn+A1a0oBAAAAQG1Yvny5UlNT1adPH8XGxiojI0NBQUFat26d0/YrV65Uhw4dNGDAAMXGxmrYsGFKSEjQqlWr7G3y8vLUq1cv3XDDDYqKitKtt96quLg47du3z13dAgCf43UjpQAAAACguqxWqw4cOKCBAwfaj5nNZqWkpCgvL8/pOXl5eUpPT3c41r59e23dutW+n5ycrG3btqlv375q3Lixdu3apRMnTmjEiBGVxlJWVqaysjL7vslkUnBwsH3bV/ly367En/sOVAdFKQAAAAA+o6SkRDabrcLTtsPDw3X8+HGn51gslgrT+sLCwmSxWOz7I0eO1BtvvKFHH31U9erVk8lk0iOPPKK2bdtWGsuSJUu0ePFi+37Lli01ZcoURUZGVmjrPLK6KSYmxtMheIw/9x2oDopSAAAAAHAFH3/8sfbu3avx48crMjJS33//vd5++201btxY7dq1c3rOoEGDHEZglY+iKSgokNVqdUvcnnDixAlPh+Ax/tx34JcCAgKcFuArtHNDLAAAAADgFqGhoTKbzQ6jnKRLo6F+PXqqXHh4uIqLix2OFRcX29tfuHBBCxYs0Lhx4+xP5IuLi9OhQ4eUk5NTaVEqMDBQgYGBTl8zDOPqO1ULwuqZJBm/2HYdd/fNm/hz34HqYKFzAAAAAD4jICBACQkJys3NtR+z2WzKzc1VcnKy03OSk5O1c+dOh2M7duxQUlKSpEvrVF28eLHCekFms7nOFCFGXxukp6Ou0dNR12j0tUGeDgcAJFGUAgAAAOBj0tPTtXbtWn322Wc6evSoZs+erdLSUvXu3VuSNHPmTM2fP9/evn///vruu++Uk5OjY8eOKTs7W/v371daWpokKSQkRG3bttX//M//aNeuXTp16pQ+++wzff755+ratasnuggAPqHWp++VlpZq48aNslqt6tix41XNIQQA+K9nn332im1MJpOeeeYZN0QDAPCEK+UCk8mkwMBAXXvttbrhhhv029/+VvXq1au0fffu3VVSUqLs7GxZLBbFx8drwoQJ9ul4hYWFDqOeWrdurbFjx2rhwoVasGCBYmJiNG7cOLVo0cLe5oknntD8+fP16quv6uzZs4qMjNS9996r2267rWadBwA/VqOi1L/+9S/t27dP06ZNk3RpWOvEiRN15MgRSZe+UXjmmWfUsmXLmkcKAPBJhmFUmA5hs9lUUFCg06dPKzo6WhERER6KDgDgDoZhqKioSCdPnlSDBg3sX2wXFBTop59+UnR0tEJCQrRv3z6tXbtWS5cu1aRJkxQaGlrpNdPS0uwjnX4tMzOzwrFu3bqpW7dulV4vPDxco0ePrlrHAACXVaOi1K5du9SzZ0/7/oYNG3TkyBE99thjio+P17Rp0/TBBx9o/PjxNQ4UAOCbnH0wKLdt2za9+eabevDBB90XEADA7YYNG6apU6dqzJgxuvnmm2U2X1plxGazaf369Xrvvfc0ZswYJSUl6fPPP9cbb7yh+fPn69FHH/Vw5ACAmqhRUcpisThMz9uyZYsSEhJ08803S5JSU1P10Ucf1SxCwEt98pHrHvf687mLDtuuvNftA2Jcdm2gpm688Ub17NlTc+fOvappfgCAuum9995T7969dcsttzgcN5vN6t27t44cOaJ3331XWVlZ6t27t/Ly8rRt2zYPRQsAqC01Wuj8mmuu0blz5yRJFy9e1O7du9W+fXv76/Xr17e/DgBAdTRt2lT79+/3dBgAABf64YcfLrsWbWRkpH744Qf7fkJCgs6ePeuO0IA67fnnn9eTTz6pJ598Us8//7ynwwEqqFFRKiEhQWvXrtXBgwf14Ycf6ueff1bnzp3tr588eVJhYWE1DhIA4J8uXryozZs3q1GjRp4OBQDgQo0bN9ZXX30lm81W4TWbzabNmzfbFymXpB9//FENGzZ0Y4RA3VRUVKTCwkIVFhaqqKjI0+EAFdRo+t6wYcOUlZWlv/3tb5Kkm266SYmJifbXt2zZotatW9csQgCAT3v99dedHj937pz27t0ri8XCmlIA4OPuvPNOzZkzR5MmTVJqaqqio6MlSfn5+Vq7dq327dunP/zhD/b2X375pVq1auWpcAEAtaRGRalWrVpp+vTp2rNnjxo0aKC2bdvaX/vpp590++23OxwDAODXdu3aVeGYyWRSgwYN1Lp1a6WmpjpMDQcA+J60tDSZzWYtWrRIb7zxhsNrDRs21B/+8Af7k/TKyso0YsSIy073AwDUDTUqSklSaGiounTpUuF4gwYN1L9//5peHgDg42bNmuXpEAAAXqBfv37q27ev9u/fr8LCQkmX1pJKSEhQQMD/fWwJDAzki28A8BE1LkpJ0u7du7V9+3YVFBRIupQ8OnXqRLIAAAAAcNUCAgLUunVrlgABAD9Ro6KU1WrV9OnTtXXrVklSSEiIpEvrgOTk5Khr1656/PHHHb7ZAADg186dO6fVq1dr165dKi4u1sMPP6zExESdPXtWn332mTp37mxfXwQA4JvIBQDgf2pULfrggw+0detW3XXXXUpPT7c/EaO4uFg5OTnKycnR4sWLNWzYsNqIFQDgg06fPq3MzEwVFhYqJiZGx44d0/nz5yVdWkdkzZo1KigocFjgFgDgW8gFAOCfzDU5ecOGDerVq5fuv/9+h0e0hoWF6f7779ctt9yiL774oqYxAgB82Hvvvaeff/5ZU6dOVWZmZoXXu3Tpop07d7o/MACA25ALAMA/1agoZbFYlJiYWOnrSUlJslgsNbkFAMDH7dixQ3fccYdiY2NlMpkqvN60aVOdPn3aA5EBANyFXAAA/qlG0/ciIiK0e/du9evXz+nru3fvVkRERE1uAS/30LubXXbti2dL7duFZ0tdeq+5I7q57NoALu/ChQsKDQ2t9PWff/7ZjdEAADyBXAAA/qlGI6V69eqlzZs3680339Tx48dls9lks9l0/PhxvfXWW9q8ebN69+5dS6ECAHxRbGysvv/++0pf37p1q+Lj490XEADA7cgFAOCfajRSavDgwTp58qTWrl2rtWvXymy+VOOy2WySLhWtBg0aVPMoAQA+q3///po1a5ZatGihbt0ujVq02WzKz8/XBx98oLy8PD311FMejhIA4ErkAgDwTzUqSpnNZo0ZM0bp6en65ptvVFBQIEmKjIxUx44dFRcXVytBAgB81y233KLCwkItWrRICxculCS9+OKLMgxDZrNZ9957r7p27Vrl665atUo5OTmyWCyKi4vTyJEjL7sOYrmNGzdqxowZ6ty5s8aPH1/l+wIAqs5VuQCQJF3TwPk2AI+rUVGqnMlksv/55T4AAFdj8ODB6tmzp7766ivl5+fLMAw1bdpUN910k5o2bVrl623atEnz5s1TRkaGkpKStGLFCmVlZWn69OkKCwur9LxTp07pvffe0/XXX1+T7gAAqqG2cwFQrl6XwZ4OAUAlalSUKisr05tvvqn169dLkr0QZRiG5s+fr549e+rRRx9VQECt1L4AAD4sMjJSt956q86ePetwvLCwUJLUpEmTq77W8uXLlZqaqj59+kiSMjIytH37dq1bt04DBw50eo7NZtNrr72mu+++W99//71++umn6nUEAFBttZkLAADer0bVovfff1/r169Xv379dMcdd6hp06YymUzKz8/XypUrtWbNGjVs2FAPPfRQLYULAPA1Fy5c0OLFi/Xpp5/qxx9/rLTdokWLrup6VqtVBw4ccCg+mc1mpaSkKC8vr9LzFi9erNDQUPXt2/eyi+2WKysrU1lZmX3fZDIpODjYvu2rfLlvV0Lf/ZM/911yX/9rOxdIVZ/GvXnzZi1atEgFBQWKjo7Wfffdp06dOjm0OXr0qN5//33t3r1bNptNsbGxeuqppyiWAUA11ago9cUXX6hnz5764x//6HC8WbNmGjVqlH7++Wd98cUXFKUAAJWaPXu2Pv/8c3Xp0kXXX3+9GjSo2VoPJSUlstlsCg8PdzgeHh6u48ePOz3nP//5jz799FO9/PLLV32fJUuWaPHixfb9li1basqUKYqMjKzQ1vld66aYmBhPh+Ax1eu7b/z0+blXTf5uFwTiIe762dd2LqjqNO49e/ZoxowZGj58uDp16qQNGzZo6tSpmjJlilq0aCFJys/P1zPPPKO+ffvq7rvvVnBwsI4eParAwMAaxQoA/qxGRSmr1ark5ORKX2/durW2bdtWk1sAAHzcli1blJqaqocfftgj9//555/12muv6ZFHHlFoaOhVnzdo0CClp6fb98tHExQUFMhqtdZ6nN7ixIkTng7BY+i7f6pO331pbJWz/gcEBDgtwNdEbeeCqk7jXrlypTp06KABAwZIkoYNG6adO3dq1apV9pgWLlyojh076v7777efFx0dXSvxAqh9zz//vIqKiiRJERERmjRpkocjgjM1Kkq1b99e3377rfr16+f09W+//Vbt2rWr0jWrMsz2yJEjWrRokQ4ePKiCggKNGDFCd955Z42uCQBwL5PJpJYtW9ba9UJDQ2U2m2WxWByOWyyWCqOnJOnkyZMqKCjQlClT7McMw5B06UPJ9OnTnX7oCAwMrPTb8fLzfZEv9+1K6Lt/qk7ffako5a6ffW3mgupM487Ly3P4okG69Fln69atki6tO7h9+3YNGDBAWVlZOnjwoKKiojRw4MDLPhWQqd7+x9v77u3x1aaioiL7enSSf/W9LqlRUWrYsGH65z//qX/84x+6/fbb7f/TfuLECX3yyScqKCjQk08+WWGhwoYNGzq9XlWH2ZaWlqpp06bq1q2b3n333Vq5JuANQoLDnG4Dvqhz587auXOnbrvttlq5XkBAgBISEpSbm2v/oGCz2ZSbm6u0tLQK7Zs1a6Z//OMfDscWLlyo8+fP66GHHmKdEABwg9rMBdWZxm2xWCp8NggLC7N/wVFSUqLz589r2bJluueee3Tffffp22+/1bRp0zR58mS1bdvW6XWZ6u1/vK3v9erVc9j2tvhcyZ/7XpfUqCj15JNPSpIOHz5s/xahsja/VNkChVUdZpuYmGgf8TR//vxauSbgDW7vO9rTIQBuM2TIEP3zn//UG2+8odtuu01NmjSR2Wyu0K6yLzScSU9P16xZs5SQkKDExEStXLlSpaWl6t27tyRp5syZioiI0PDhwxUUFGRfL6Rc+Vomvz4OAHANV+SC2mSz2SRdKp6Vj6iKj4/Xnj17tHr16kqLUkz19j/e1veLFy86bHtbfK7kz333Blc71btGRakhQ4bU2hC46j4tyd3XBADUrscff1ySdOjQIX366aeVtqvKE5e6d++ukpISZWdny2KxKD4+XhMmTLB/a15YWMgQbgDwIrWZC6o6jVu6NIqquLjY4VhxcbG9fWhoqOrVq6fY2FiHNtddd5327NlTaSxM9fY/3t53b4/Plfy5796sRkWpu+++u7biqNYwW1dd05vmfj/33HMOi7M988wzbr2/v/DnD6f03X95S/9r8wuOX0pLS3M6XU+SMjMzL3vumDFjaj0eAEDlajMXVHUatyQlJydr586dDuvT7tixQ0lJSfZrtmrVqsJniBMnTjDNGwBqoEZFKV9VlbnfrlZcXGxfnI15sK7DY779E4/59o6ffW1+wQEAqJtqOxdUZRq3JPXv31+ZmZnKyclRp06dtHHjRu3fv9/haYADBgzQP//5T11//fX6zW9+o2+//Vbbtm274hcdAIDKeU1RqjrDbF11TW+a+808WPfw5/eVvleNd4wtqh3uesw3AADuVtVp3K1bt9bYsWO1cOFCLViwQDExMRo3bpzD2oJdu3ZVRkaGli5dqjlz5qhZs2Z66qmn1KZNG3d3DwB8htcUpaozzNZV1/Tmud+evr+v8uf3lb5XjS8Vpfz5Zw8A8H1VncbdrVs3devW7bLX7Nu3r/r27Vsb4QEA5EVFKanqw2ytVquOHj1q3y4qKtKhQ4dUv359RUdHX9U1AQAAAADwlE8+ct3MhZ/PXXTYduW9bh/gHUtDoG7xqqJUVYfZFhUVafz48fb9nJwc5eTkqG3btvZvP650TQAAAAAAALifVxWlpKoNs42KilJ2dnaNrgkAAAAAAAD3M3s6AAAAAAAAAPgfilIAAAAAAABwO4pSAAAAAAAAcDuKUgAAAAAAAHA7ilIAAAAAAABwO697+h5gd00D59sAAAAAAKDOoygFr1Wvy2BPhwAAAAAAAFyE6XsAAAAAAABwO0ZKAQAAAAAAt3v11Vdddu2SkhKHbVfea+zYsS67tq9jpBQAAAAAAADcjqIUAAAAAAAA3I6iFAAAAAAAANyOohQAAAAAAADcjqIUAAAAAAAA3I6n79XQiXGjXHr9i0Wlv9gudOn9YqbOdtm1AQAAAAAAfomiFAAAAACftGrVKuXk5MhisSguLk4jR45UYmJipe03b96sRYsWqaCgQNHR0brvvvvUqVMnp23ffPNN/fvf/9aIESN05513uqoLAODTmL4HAAAAwOds2rRJ8+bN09ChQzVlyhTFxcUpKytLxcXFTtvv2bNHM2bMUN++fTVlyhR16dJFU6dO1eHDhyu03bJli/bu3avGjRu7uhsA4NMoSgEAAADwOcuXL1dqaqr69Omj2NhYZWRkKCgoSOvWrXPafuXKlerQoYMGDBig2NhYDRs2TAkJCVq1apVDu6KiIr3zzjsaO3asAgKYeAIANcFvUQAAAAA+xWq16sCBAxo4cKD9mNlsVkpKivLy8pyek5eXp/T0dIdj7du319atW+37NptNr732mgYMGKDmzZtfMY6ysjKVlZXZ900mk4KDg+3bvsqX+3Yl9N0/+XPfa4qiFAAAAACfUlJSIpvNpvDwcIfj4eHhOn78uNNzLBaLwsLCHI6FhYXJYrHY95ctW6Z69erpjjvuuKo4lixZosWLF9v3W7ZsqSlTpigyMrJCW+dR1U0xMTGeDsFjqtd33/jp83NHdVCUAgAAAIArOHDggFauXKkpU6Zc9aiIQYMGOYy+Kj+voKBAVqvVJXF6gxMnTng6BI+h7/7Jn/temYCAAKcF+Art3BALAAAAALhNaGiozGazwygn6dJoqF+PnioXHh5eYRH04uJie/vvv/9eJSUlGj16tP11m82mefPmaeXKlZo1a1aFawYGBiowMNDp/QzDuPoO1TG+3Lcroe/+yZ/7XlMUpQAAAAD4lICAACUkJCg3N1ddu3aVdKmAlJubq7S0NKfnJCcna+fOnbrzzjvtx3bs2KGkpCRJ0i233KKUlBSHc7KysnTLLbeoT58+LuoJAPg2ilIAAAAAfE56erpmzZqlhIQEJSYmauXKlSotLVXv3r0lSTNnzlRERISGDx8uSerfv78yMzOVk5OjTp06aePGjdq/f78efvhhSVKjRo3UqFEjh3sEBAQoPDxczZo1c2vfgKsVEhzmdBvwFhSlAAAAAPic7t27q6SkRNnZ2bJYLIqPj9eECRPs0/EKCwsd1oZq3bq1xo4dq4ULF2rBggWKiYnRuHHj1KJFCw/1AKi52/uOvnIjwIMoSgEAAADwSWlpaZVO18vMzKxwrFu3burWrdtVX9/ZOlIAgKtHUQoAAAAAAPiUoKAgp9vwLhSlAAAAAACAT7n++us9HYLHPP/88yoqKpIkRUREaNKkSR6OqHIUpQAAPmnVqlXKycmRxWJRXFycRo4cqcTERKdt//3vf2v9+vU6cuSIJCkhIUH33ntvpe0BAAAAb1VUVKTCwkJPh3FVzJ4OAACA2rZp0ybNmzdPQ4cO1ZQpUxQXF6esrCwVFxc7bb9792716NFDkydP1gsvvKBrr71WL7zwgv0bJgAAAAC1j6IUAMDnLF++XKmpqerTp49iY2OVkZGhoKAgrVu3zmn7sWPH6vbbb1d8fLyuu+46PfroozIMQzt37nRz5AAAAID/8Mrpe1WZciFJmzdv1qJFi1RQUKDo6Gjdd9996tSpk/31WbNm6fPPP3c4p3379po4caLL+gAA8Ayr1aoDBw5o4MCB9mNms1kpKSnKy8u7qmuUlpbKarWqYcOGlbYpKytTWVmZfd9kMik4ONi+7at8uW9XQt/9kz/3XaL/AADX8rqiVPmUi4yMDCUlJWnFihXKysrS9OnTFRYWVqH9nj17NGPGDA0fPlydOnXShg0bNHXqVE2ZMkUtWrSwt+vQoYNGjx5t3w8I8LquOxVWzyTJ+MU2AOBySkpKZLPZFB4e7nA8PDxcx48fv6prvP/++4qIiFBKSkqlbZYsWaLFixfb91u2bKkpU6YoMjKyQturu2vdEBMT4+kQPKZ6ffeNnz4/96rJ3+2CQDzEn3/2AADX87rKzC+nXEhSRkaGtm/frnXr1jl8611u5cqV6tChgwYMGCBJGjZsmHbu3KlVq1bp4YcftrcLCAio8AGlLhh9LY+uBAB3Wrp0qTZu3KjMzMzLPj540KBBSk9Pt++XjyYoKCiQ1Wp1eZyecuLECU+H4DH03T9Vp+++9DWis/4HBAQ4LcADAFBVXlWUqs6Ui7y8PIcPBdKlqXlbt251OLZ7926NGjVKDRo00G9+8xsNGzZMjRo1cnpNpmT4H/run/y575Lv9j80NFRms1kWi8XhuMViueKXEx999JGWLl2qSZMmKS4u7rJtAwMDFRgY6PQ1wzCqEnKd4st9uxL67p+q03df+u3qzz97AIDreVVRqjpTLiwWS4VpfWFhYQ4fRjp06KCbbrpJUVFRys/P14IFC/Tiiy8qKytLZnPFtd6ZkuF/mJLhn5iS4Zs/+4CAACUkJCg3N1ddu3aVJNlsNuXm5iotLa3S85YtW6YPP/xQEydOVKtWrdwVLgAAAOC3vKoo5So9evSwb7do0UJxcXF67LHHtGvXLqfrhTAlw//Qd//ElAzfnZKRnp6uWbNmKSEhQYmJiVq5cqVKS0vVu3dvSdLMmTMVERGh4cOHS7o0ZS87O1tjx45VVFSU/YuN+vXrq379+h7qBQAAAHyV+ftprrt4WbHDtkvvJcl2/VPVPterilLVmXIRHh6u4uJih2PFxcWXnaLRtGlTNWrUSPn5+U6LUkzJ8D/03T8xJcN3f/bdu3dXSUmJsrOzZbFYFB8frwkTJthzQ2FhocP0xTVr1shqteqVV15xuM7QoUN19913uzN0AAAAwG94VVGqOlMukpOTtXPnTt155532Yzt27FBSUlKl9zl9+rTOnj2rxo0b124HAABeIy0trdLckZmZ6bA/a9YsN0QEAAAA4JcqLqjkYenp6Vq7dq0+++wzHT16VLNnz64w5WL+/Pn29v3799d3332nnJwcHTt2TNnZ2dq/f7/9g8j58+f13nvvKS8vT6dOndLOnTv18ssvKzo6Wu3bt/dEFwEAAAAAAPyeV42Ukqo+5aJ169YaO3asFi5cqAULFigmJkbjxo1TixYtJF16et/hw4f1+eef66efflJERITatWune+65p9IpegAAAAAAAHAtrytKSVWbciFJ3bp1U7du3Zy2DwoK0sSJE2szPAAAAAAAANSQ103fAwAAAAAAgO/zypFSAAAAAFBTq1atUk5OjiwWi+Li4jRy5EglJiZW2n7z5s1atGiRCgoKFB0drfvuu0+dOnWSJFmtVi1cuFDffPONTp06pZCQEKWkpGj48OGKiIhwV5cA4IoiGgU53fZGFKUAAAAA+JxNmzZp3rx5ysjIUFJSklasWKGsrCxNnz5dYWFhFdrv2bNHM2bM0PDhw9WpUydt2LBBU6dO1ZQpU9SiRQtduHBBBw8e1JAhQxQfH6+zZ89q7ty5evnll/XSSy95oIcA4NzkB5M8HcJVY/oeAAAAAJ+zfPlypaamqk+fPoqNjVVGRoaCgoK0bt06p+1XrlypDh06aMCAAYqNjdWwYcOUkJCgVatWSZJCQkI0adIkde/eXc2aNVNycrJGjhypAwcOqLCw0J1dAwCfQVEKAAAAgE+xWq06cOCAUlJS7MfMZrNSUlKUl5fn9Jy8vDyH9pLUvn177d27t9L7nDt3TiaTSSEhIbUTOAD4GabvAQAAAPApJSUlstlsCg8PdzgeHh6u48ePOz3HYrFUmNYXFhYmi8XitP2FCxf0/vvvq0ePHpUWpcrKylRWVmbfN5lMCg4Otm/7Kl/u25XQd//kz32XatZ/ilIAAAAAUAVWq1X//Oc/JUmjRo2qtN2SJUu0ePFi+37Lli01ZcoURUZGVmjrvFRWN8XExHg6BI+pXt9946fPz71q8ne7IBAPqcnPnqIUAAAAAJ8SGhoqs9lcYZSTxWKpMHqqXHh4uIqLix2OFRcXV2hfXpAqLCzUM888c9mpe4MGDVJ6erp9v3w0QUFBgaxW69V3qI45ceKEp0PwGPrun6rTd18aW+Ws/wEBAU4L8L/GmlIAAAAAfEpAQIASEhKUm5trP2az2ZSbm6vk5GSn5yQnJ2vnzp0Ox3bs2KGkpP97ilV5QSo/P1+TJk1So0aNLhtHYGCgQkJC7H/Kp+5JkmEYDn98ya/7djV/fAV9p+/+1nfJef+vFkUpAAAAAD4nPT1da9eu1WeffaajR49q9uzZKi0tVe/evSVJM2fO1Pz58+3t+/fvr++++045OTk6duyYsrOztX//fqWlpUm6VJB65ZVXdODAAT322GOy2WyyWCyyWCw+PeoJAFyJ6XsAAAAAfE737t1VUlKi7OxsWSwWxcfHa8KECfbpeIWFhQ6L87Zu3Vpjx47VwoULtWDBAsXExGjcuHFq0aKFJKmoqEhff/21JGn8+PEO95o8ebJuuOEG93QMAHwIRSkAAAAAPiktLc0+0unXMjMzKxzr1q2bunXr5rR9VFSUsrOzazM8APB7TN8DAAAAAACA21GUAgAAAAAAgNtRlAIAAAAAAIDbUZQCAAAAAACA21GUAgAAAAAAgNtRlAIAAAAAAIDbUZQCAAAAAACA21GUAgAAAAAAgNtRlAIAAAAAAIDbUZQCAAAAAACA21GUAgAAAAAAgNtRlAIAAAAAAIDbUZQCAAAAAACA21GUAgAAAAAAgNtRlAIAAAAAAIDbUZQCAAAAAACA21GUAgAAAAAAgNtRlAIAAAAAAIDbBXg6AGdWrVqlnJwcWSwWxcXFaeTIkUpMTKy0/ebNm7Vo0SIVFBQoOjpa9913nzp16mR/3TAMZWdna+3atfrpp5/Upk0bjRo1SjExMe7oDgDAA2o7lwAA6h4+VwCAd/O6kVKbNm3SvHnzNHToUE2ZMkVxcXHKyspScXGx0/Z79uzRjBkz1LdvX02ZMkVdunTR1KlTdfjwYXubZcuW6eOPP1ZGRoZefPFFXXPNNcrKytKFCxfc1S0AgBu5IpcAAOoWPlcAgPfzuqLU8uXLlZqaqj59+ig2NlYZGRkKCgrSunXrnLZfuXKlOnTooAEDBig2NlbDhg1TQkKCVq1aJenStxkrV67U4MGD1aVLF8XFxenPf/6zzpw5o61bt7qzawAAN6ntXAIAqHv4XAEA3s+rilJWq1UHDhxQSkqK/ZjZbFZKSory8vKcnpOXl+fQXpLat2+vvXv3SpJOnToli8Widu3a2V8PCQlRYmJipdcEANRdrsglAIC6hc8VAFA3eNWaUiUlJbLZbAoPD3c4Hh4eruPHjzs9x2KxKCwszOFYWFiYLBaL/fXyY5W1+bWysjKVlZXZ900mk4KDgxUQUPHtCo5vdZke1S2BgYFVPiexaXjtB+IB1en7tU2CXRCJ+1Wn782aNXNBJO5Xnb6bGl3ngkg8w3DSf2e/5+oaV+QSZ8gVV49cUfeRK6qGXOF5fK7wLHJF1ZAr6j5yRfVzhfdnFA9YsmSJFi9ebN/v0aOHHn/8cTVu3LhC28is19wZmtd5fWSqp0PwmAFDIz0dgseMHTvW0yF4TuRfPB0BvAS54uqRK/wTuQIgV1QFucI/kSvgVdP3QkNDZTabK3zTYLFYKnzLUS48PLzCYoXFxcX29uX/vVybXxs0aJDmzp1r/5ORkeHwDYe7/fzzz/qv//ov/fzzzx6LwVPoO333N/7c99riilziDLnCe9B3+u5v/LnvV4vPFc75898d+k7f/U1d6btXFaUCAgKUkJCg3Nxc+zGbzabc3FwlJyc7PSc5OVk7d+50OLZjxw4lJSVJkqKiohQeHu7Q5ty5c9q3b1+l1wwMDFRISIjDn+oMx6sthmHo4MGDMgzDYzF4Cn2n7/7Gn/teW1yRS5whV3gP+k7f/Y0/9/1q8bnCOX/+u0Pf6bu/qSt996qilCSlp6dr7dq1+uyzz3T06FHNnj1bpaWl6t27tyRp5syZmj9/vr19//799d133yknJ0fHjh1Tdna29u/fr7S0NEmX5m33799fH374ob7++msdPnxYM2fOVOPGjdWlSxdPdBEA4GK1nUsAAHUPnysAwPt53ZpS3bt3V0lJibKzs2WxWBQfH68JEybYh8QWFhbKZDLZ27du3Vpjx47VwoULtWDBAsXExGjcuHFq0aKFvc3vfvc7lZaW6o033tC5c+fUpk0bTZgwQUFBQe7uHgDADVyRSwAAdQufKwDA+5kMbx/LBZWVlWnJkiUaNGiQR4f7egJ9p+/0Hbg6/vx3h77Td/oOXB1//rtD3+k7ffdOFKUAAAAAAADgdl63phQAAAAAAAB8H0UpAAAAAAAAuB1FKQAAAAAAALid1z19D/9n9+7d+uijj3Tw4EGdOXNGf/3rX9W1a1dPh+VyS5Ys0ZYtW3Ts2DEFBQUpOTlZ999/v5o1a+bp0Nxi9erVWr16tQoKCiRJsbGxGjp0qDp27OjhyNxv6dKlmj9/vvr376+HHnrI0+G4VHZ2thYvXuxwrFmzZpo+fbpnAkKdQa4gV0jkCnLFdM8EhDqDXEGukMgV5IrpngnoCihKebHS0lLFx8erb9+++sc//uHpcNxm9+7duv3229WqVStdvHhRCxYs0AsvvKBXXnlF9evX93R4LhcREaHhw4crJiZGhmHo888/18svv6yXX35ZzZs393R4brNv3z6tWbNGcXFxng7FbZo3b65JkybZ981mBrPiysgV5ApyBbkCuBJyBbmCXEGu8FYUpbxYx44d/bKKPXHiRIf9MWPGaNSoUTpw4IDatm3roajcp3Pnzg779957r1avXq29e/f6TfI4f/68XnvtNT3yyCP68MMPPR2O25jNZoWHh3s6DNQx5IpLyBXkCn9BrkB1kCsuIVeQK/xFXcoVFKXg9c6dOydJatiwoYcjcT+bzabNmzertLRUycnJng7HbWbPnq2OHTuqXbt2fpU88vPz9cgjjygwMFDJyckaPny4mjRp4umwgDqBXEGu8BfkCqD6yBXkCn9Rl3IFRSl4NZvNprlz56p169Zq0aKFp8Nxm8OHD2vixIkqKytT/fr19de//lWxsbGeDsstNm7cqIMHD+rvf/+7p0Nxq6SkJI0ePVrNmjXTmTNntHjxYj3zzDOaNm2agoODPR0e4NXIFeQKf0GuAKqPXEGu8Bd1LVd478RCQNLbb7+tI0eO6IknnvB0KG7VrFkzTZ06VS+++KL69eunWbNm6ejRo54Oy+UKCws1d+5cjR07VkFBQZ4Ox606duyobt26KS4uTh06dNDTTz+tn376SZs3b/Z0aIDXI1eQK/wFuQKoPnIFucJf1LVcwUgpeK23335b27dv17PPPqtrr73W0+G4VUBAgKKjoyVJCQkJ2r9/v1auXKmHH37Yw5G51oEDB1RcXKz/+q//sh+z2Wz6/vvvtWrVKs2fP9+rF+mrTQ0aNFCzZs2Un5/v6VAAr0auIFdI5ApyBXB55ApyhUSu8NZcQVEKXscwDL3zzjvasmWLMjMzFRUV5emQPM5ms6msrMzTYbhcSkpKhSfC/Otf/1KzZs30u9/9zm8Sh3RpUcb8/Hz17NnT06EAXolcURG5glwBwBG5oiJyBbnC21CU8mLlf3nKnTp1SocOHVLDhg29dpGy2vD2229rw4YNGj9+vIKDg2WxWCRJISEhfjH0cv78+erQoYOaNGmi8+fPa8OGDdq9e3eFp4f4ouDg4Apz/K+55ho1atTI5+f+z5s3T507d1aTJk105swZZWdny2w26+abb/Z0aPBy5ApyBbmCXEGuwJWQK8gV5ApyhbfmCopSXmz//v169tln7fvz5s2TJPXq1UtjxozxVFgut3r1aklSZmamw/HRo0erd+/e7g/IzYqLizVr1iydOXNGISEhiouL08SJE9WuXTtPhwYXKioq0owZM/Tjjz8qNDRUbdq0UVZWlkJDQz0dGrwcuSLT4Ti5glzhy8gVqC5yRabDcXIFucKX1bVcYTIMw/B0EAAAAAAAAPAv/jOREgAAAAAAAF6DohQAAAAAAADcjqIUAAAAAAAA3I6iFAAAAAAAANyOohQAAAAAAADcjqIUAAAAAAAA3I6iFAAAAAAAANyOohQAAAAAAADcjqIUAAAAAAAA3C7A0wEAvuLw4cP64IMPtH//fhUXF6thw4aKjY1V586ddccdd3g6PACAFyBXAACuhFwBf2IyDMPwdBBAXbdnzx49++yzatKkiXr16qXw8HCdPn1ae/fuVX5+vl577TVPhwgA8DByBQDgSsgV8DeMlAJqwYcffqiQkBD9/e9/V4MGDRxeKy4udlscpaWluuaaa9x2PwDA1SNXAACuhFwBf0NRCqgFJ0+eVPPmzSskDkkKCwtz2F+/fr0+/vhjHTlyRIGBgWrRooUGDx6s9u3b29t88skn+uSTT5Sfn69GjRqpS5cuuvfeex2un5mZqR9//FFjxozRu+++q/379+vWW2/VQw89pLKyMi1ZskRffPGFTp8+rbCwMPXo0UP33HOPAgMDXfdGAAAqRa4AAFwJuQL+hqIUUAsiIyOVl5enw4cPq0WLFpW2++CDD/TBBx+odevWuvvuuxUQEKB9+/YpNzfXnjyys7O1ePFipaSkqF+/fjp+/LhWr16t/fv36/nnn1dAwP/9s/3xxx/14osvqnv37urZs6fCwsJks9n08ssv6z//+Y9SU1MVGxurw4cPa8WKFTp+/LjGjx/v8vcDAFARuQIAcCXkCvgbilJALbjrrrv04osvavz48UpMTFSbNm2UkpKiG264wf7LPj8/X4sXL1bXrl31l7/8RWbz/z38snxpt5KSEi1dulTt27fX008/bW/TrFkzvfPOO/riiy/Up08f+3kWi0UZGRm67bbb7MfWr1+vHTt26Nlnn1WbNm3sx5s3b6633npLe/bsUevWrV36fgAAKiJXAACuhFwBf2O+chMAV9KuXTu98MIL6ty5s3744Qd99NFHysrK0qOPPqqvv/5akrRlyxYZhqGhQ4c6JA5JMplMkqQdO3bIarWqf//+Dm1uvfVWBQcHa/v27Q7nBQYGOiQTSfryyy8VGxurZs2aqaSkxP7nN7/5jSRp165dtd5/AMCVkSsAAFdCroC/YaQUUEsSExP117/+VVarVYcOHdKWLVu0YsUKTZs2TVOnTtXJkydlMpkUGxtb6TUKCwslXfoG45cCAgLUtGlT++vlIiIiHIbdStKJEyd07NgxjRo1yuk93LlAIgDAEbkCAHAl5Ar4E4pSQC0LCAhQYmKiEhMT1axZM73++uvavHmzS+4VFBRU4ZhhGGrRooUefPBBp+c0adLEJbEAAK4euQIAcCXkCvgDilKACyUkJEiSzpw5o+joaBmGoaNHjyo+Pt5p+/Jf7MePH1fTpk3tx61Wq06dOqWUlJQr3rNp06b64YcflJKSYh++CwDwXuQKAMCVkCvgq1hTCqgFubm59kUFf+mbb76RdGnYbNeuXWUymbR48WLZbDaHduXntmvXTgEBAfr4448drvfpp5/q3Llz6tSp0xVj6datm4qKirR27doKr124cEHnz5+vUt8AALWDXAEAuBJyBfwNI6WAWjBnzhyVlpaqa9euatasmaxWq/Ly8rRp0yZFRkaqT58+atCggQYPHqz//d//1eTJk9W1a1cFBgZq3759ioiI0PDhwxUaGqqBAwdq8eLFevHFF3XjjTfaH93aqlUr9ezZ84qx3HLLLdq8ebPeeust5ebmqk2bNrLZbDp27Jg2b96siRMnqlWrVm54VwAAv0SuAABcCbkC/sZkOCvDAqiSb7/9Vps3b1ZeXp5Onz4tq9WqJk2aqEOHDhoyZIjCwsLsbdetW6dVq1bp6NGjCgoKUlxcnAYPHqx27drZ26xatUqffPKJ8vPz1bBhQ910002699571aBBA3ubzMxM/fjjj5o2bVqFeKxWq1asWKH169crPz9fQUFBatq0qTp37qz+/fsrJCTEtW8IAKACcgUA4ErIFfA3FKUAAAAAAADgdqwpBQAAAAAAALejKAUAAAAAAAC3oygFAAAAAAAAt6MoBQAAAAAAALejKAUAAAAAAAC3oygFAAAAAAAAt6MoBQAAAAAAALejKAUAAAAAAAC3oygFAAAAAAAAt6MoBQAAAAAAALejKAUAAAAAAAC3oygFAAAAAAAAt6MoBQAAAAAAALf7/wArVBksnW/2IQAAAABJRU5ErkJggg=="},"metadata":{}}]},{"cell_type":"code","source":"from transformers import AutoTokenizer\nfrom transformers import AutoModelForSequenceClassification\nfrom scipy.special import softmax","metadata":{"execution":{"iopub.status.busy":"2024-06-29T06:14:16.659211Z","iopub.execute_input":"2024-06-29T06:14:16.659584Z","iopub.status.idle":"2024-06-29T06:14:21.207693Z","shell.execute_reply.started":"2024-06-29T06:14:16.659548Z","shell.execute_reply":"2024-06-29T06:14:21.206584Z"},"trusted":true},"execution_count":12,"outputs":[]},{"cell_type":"code","source":"MODEL = f\"cardiffnlp/twitter-roberta-base-sentiment\"\ntokenizer = AutoTokenizer.from_pretrained(MODEL)\nmodel = AutoModelForSequenceClassification.from_pretrained(MODEL)","metadata":{"execution":{"iopub.status.busy":"2024-06-29T06:14:21.209092Z","iopub.execute_input":"2024-06-29T06:14:21.209677Z","iopub.status.idle":"2024-06-29T06:15:03.152679Z","shell.execute_reply.started":"2024-06-29T06:14:21.209643Z","shell.execute_reply":"2024-06-29T06:15:03.149773Z"},"trusted":true},"execution_count":13,"outputs":[{"name":"stderr","text":"/opt/conda/lib/python3.10/site-packages/huggingface_hub/file_download.py:1132: FutureWarning: `resume_download` is deprecated and will be removed in version 1.0.0. Downloads always resume when possible. If you want to force a new download, use `force_download=True`.\n  warnings.warn(\n","output_type":"stream"},{"traceback":["\u001b[0;31m---------------------------------------------------------------------------\u001b[0m","\u001b[0;31mgaierror\u001b[0m                                  Traceback (most recent call last)","File \u001b[0;32m/opt/conda/lib/python3.10/site-packages/urllib3/connection.py:203\u001b[0m, in \u001b[0;36mHTTPConnection._new_conn\u001b[0;34m(self)\u001b[0m\n\u001b[1;32m    202\u001b[0m \u001b[38;5;28;01mtry\u001b[39;00m:\n\u001b[0;32m--> 203\u001b[0m     sock \u001b[38;5;241m=\u001b[39m \u001b[43mconnection\u001b[49m\u001b[38;5;241;43m.\u001b[39;49m\u001b[43mcreate_connection\u001b[49m\u001b[43m(\u001b[49m\n\u001b[1;32m    204\u001b[0m \u001b[43m        \u001b[49m\u001b[43m(\u001b[49m\u001b[38;5;28;43mself\u001b[39;49m\u001b[38;5;241;43m.\u001b[39;49m\u001b[43m_dns_host\u001b[49m\u001b[43m,\u001b[49m\u001b[43m \u001b[49m\u001b[38;5;28;43mself\u001b[39;49m\u001b[38;5;241;43m.\u001b[39;49m\u001b[43mport\u001b[49m\u001b[43m)\u001b[49m\u001b[43m,\u001b[49m\n\u001b[1;32m    205\u001b[0m \u001b[43m        \u001b[49m\u001b[38;5;28;43mself\u001b[39;49m\u001b[38;5;241;43m.\u001b[39;49m\u001b[43mtimeout\u001b[49m\u001b[43m,\u001b[49m\n\u001b[1;32m    206\u001b[0m \u001b[43m        \u001b[49m\u001b[43msource_address\u001b[49m\u001b[38;5;241;43m=\u001b[39;49m\u001b[38;5;28;43mself\u001b[39;49m\u001b[38;5;241;43m.\u001b[39;49m\u001b[43msource_address\u001b[49m\u001b[43m,\u001b[49m\n\u001b[1;32m    207\u001b[0m \u001b[43m        \u001b[49m\u001b[43msocket_options\u001b[49m\u001b[38;5;241;43m=\u001b[39;49m\u001b[38;5;28;43mself\u001b[39;49m\u001b[38;5;241;43m.\u001b[39;49m\u001b[43msocket_options\u001b[49m\u001b[43m,\u001b[49m\n\u001b[1;32m    208\u001b[0m \u001b[43m    \u001b[49m\u001b[43m)\u001b[49m\n\u001b[1;32m    209\u001b[0m \u001b[38;5;28;01mexcept\u001b[39;00m socket\u001b[38;5;241m.\u001b[39mgaierror \u001b[38;5;28;01mas\u001b[39;00m e:\n","File \u001b[0;32m/opt/conda/lib/python3.10/site-packages/urllib3/util/connection.py:60\u001b[0m, in \u001b[0;36mcreate_connection\u001b[0;34m(address, timeout, source_address, socket_options)\u001b[0m\n\u001b[1;32m     58\u001b[0m     \u001b[38;5;28;01mraise\u001b[39;00m LocationParseError(\u001b[38;5;124mf\u001b[39m\u001b[38;5;124m\"\u001b[39m\u001b[38;5;124m'\u001b[39m\u001b[38;5;132;01m{\u001b[39;00mhost\u001b[38;5;132;01m}\u001b[39;00m\u001b[38;5;124m'\u001b[39m\u001b[38;5;124m, label empty or too long\u001b[39m\u001b[38;5;124m\"\u001b[39m) \u001b[38;5;28;01mfrom\u001b[39;00m \u001b[38;5;28;01mNone\u001b[39;00m\n\u001b[0;32m---> 60\u001b[0m \u001b[38;5;28;01mfor\u001b[39;00m res \u001b[38;5;129;01min\u001b[39;00m \u001b[43msocket\u001b[49m\u001b[38;5;241;43m.\u001b[39;49m\u001b[43mgetaddrinfo\u001b[49m\u001b[43m(\u001b[49m\u001b[43mhost\u001b[49m\u001b[43m,\u001b[49m\u001b[43m \u001b[49m\u001b[43mport\u001b[49m\u001b[43m,\u001b[49m\u001b[43m \u001b[49m\u001b[43mfamily\u001b[49m\u001b[43m,\u001b[49m\u001b[43m \u001b[49m\u001b[43msocket\u001b[49m\u001b[38;5;241;43m.\u001b[39;49m\u001b[43mSOCK_STREAM\u001b[49m\u001b[43m)\u001b[49m:\n\u001b[1;32m     61\u001b[0m     af, socktype, proto, canonname, sa \u001b[38;5;241m=\u001b[39m res\n","File \u001b[0;32m/opt/conda/lib/python3.10/socket.py:955\u001b[0m, in \u001b[0;36mgetaddrinfo\u001b[0;34m(host, port, family, type, proto, flags)\u001b[0m\n\u001b[1;32m    954\u001b[0m addrlist \u001b[38;5;241m=\u001b[39m []\n\u001b[0;32m--> 955\u001b[0m \u001b[38;5;28;01mfor\u001b[39;00m res \u001b[38;5;129;01min\u001b[39;00m \u001b[43m_socket\u001b[49m\u001b[38;5;241;43m.\u001b[39;49m\u001b[43mgetaddrinfo\u001b[49m\u001b[43m(\u001b[49m\u001b[43mhost\u001b[49m\u001b[43m,\u001b[49m\u001b[43m \u001b[49m\u001b[43mport\u001b[49m\u001b[43m,\u001b[49m\u001b[43m \u001b[49m\u001b[43mfamily\u001b[49m\u001b[43m,\u001b[49m\u001b[43m \u001b[49m\u001b[38;5;28;43mtype\u001b[39;49m\u001b[43m,\u001b[49m\u001b[43m \u001b[49m\u001b[43mproto\u001b[49m\u001b[43m,\u001b[49m\u001b[43m \u001b[49m\u001b[43mflags\u001b[49m\u001b[43m)\u001b[49m:\n\u001b[1;32m    956\u001b[0m     af, socktype, proto, canonname, sa \u001b[38;5;241m=\u001b[39m res\n","\u001b[0;31mgaierror\u001b[0m: [Errno -3] Temporary failure in name resolution","\nThe above exception was the direct cause of the following exception:\n","\u001b[0;31mNameResolutionError\u001b[0m                       Traceback (most recent call last)","File \u001b[0;32m/opt/conda/lib/python3.10/site-packages/urllib3/connectionpool.py:790\u001b[0m, in \u001b[0;36mHTTPConnectionPool.urlopen\u001b[0;34m(self, method, url, body, headers, retries, redirect, assert_same_host, timeout, pool_timeout, release_conn, chunked, body_pos, preload_content, decode_content, **response_kw)\u001b[0m\n\u001b[1;32m    789\u001b[0m \u001b[38;5;66;03m# Make the request on the HTTPConnection object\u001b[39;00m\n\u001b[0;32m--> 790\u001b[0m response \u001b[38;5;241m=\u001b[39m \u001b[38;5;28;43mself\u001b[39;49m\u001b[38;5;241;43m.\u001b[39;49m\u001b[43m_make_request\u001b[49m\u001b[43m(\u001b[49m\n\u001b[1;32m    791\u001b[0m \u001b[43m    \u001b[49m\u001b[43mconn\u001b[49m\u001b[43m,\u001b[49m\n\u001b[1;32m    792\u001b[0m \u001b[43m    \u001b[49m\u001b[43mmethod\u001b[49m\u001b[43m,\u001b[49m\n\u001b[1;32m    793\u001b[0m \u001b[43m    \u001b[49m\u001b[43murl\u001b[49m\u001b[43m,\u001b[49m\n\u001b[1;32m    794\u001b[0m \u001b[43m    \u001b[49m\u001b[43mtimeout\u001b[49m\u001b[38;5;241;43m=\u001b[39;49m\u001b[43mtimeout_obj\u001b[49m\u001b[43m,\u001b[49m\n\u001b[1;32m    795\u001b[0m \u001b[43m    \u001b[49m\u001b[43mbody\u001b[49m\u001b[38;5;241;43m=\u001b[39;49m\u001b[43mbody\u001b[49m\u001b[43m,\u001b[49m\n\u001b[1;32m    796\u001b[0m \u001b[43m    \u001b[49m\u001b[43mheaders\u001b[49m\u001b[38;5;241;43m=\u001b[39;49m\u001b[43mheaders\u001b[49m\u001b[43m,\u001b[49m\n\u001b[1;32m    797\u001b[0m \u001b[43m    \u001b[49m\u001b[43mchunked\u001b[49m\u001b[38;5;241;43m=\u001b[39;49m\u001b[43mchunked\u001b[49m\u001b[43m,\u001b[49m\n\u001b[1;32m    798\u001b[0m \u001b[43m    \u001b[49m\u001b[43mretries\u001b[49m\u001b[38;5;241;43m=\u001b[39;49m\u001b[43mretries\u001b[49m\u001b[43m,\u001b[49m\n\u001b[1;32m    799\u001b[0m \u001b[43m    \u001b[49m\u001b[43mresponse_conn\u001b[49m\u001b[38;5;241;43m=\u001b[39;49m\u001b[43mresponse_conn\u001b[49m\u001b[43m,\u001b[49m\n\u001b[1;32m    800\u001b[0m \u001b[43m    \u001b[49m\u001b[43mpreload_content\u001b[49m\u001b[38;5;241;43m=\u001b[39;49m\u001b[43mpreload_content\u001b[49m\u001b[43m,\u001b[49m\n\u001b[1;32m    801\u001b[0m \u001b[43m    \u001b[49m\u001b[43mdecode_content\u001b[49m\u001b[38;5;241;43m=\u001b[39;49m\u001b[43mdecode_content\u001b[49m\u001b[43m,\u001b[49m\n\u001b[1;32m    802\u001b[0m \u001b[43m    \u001b[49m\u001b[38;5;241;43m*\u001b[39;49m\u001b[38;5;241;43m*\u001b[39;49m\u001b[43mresponse_kw\u001b[49m\u001b[43m,\u001b[49m\n\u001b[1;32m    803\u001b[0m \u001b[43m\u001b[49m\u001b[43m)\u001b[49m\n\u001b[1;32m    805\u001b[0m \u001b[38;5;66;03m# Everything went great!\u001b[39;00m\n","File \u001b[0;32m/opt/conda/lib/python3.10/site-packages/urllib3/connectionpool.py:491\u001b[0m, in \u001b[0;36mHTTPConnectionPool._make_request\u001b[0;34m(self, conn, method, url, body, headers, retries, timeout, chunked, response_conn, preload_content, decode_content, enforce_content_length)\u001b[0m\n\u001b[1;32m    490\u001b[0m         new_e \u001b[38;5;241m=\u001b[39m _wrap_proxy_error(new_e, conn\u001b[38;5;241m.\u001b[39mproxy\u001b[38;5;241m.\u001b[39mscheme)\n\u001b[0;32m--> 491\u001b[0m     \u001b[38;5;28;01mraise\u001b[39;00m new_e\n\u001b[1;32m    493\u001b[0m \u001b[38;5;66;03m# conn.request() calls http.client.*.request, not the method in\u001b[39;00m\n\u001b[1;32m    494\u001b[0m \u001b[38;5;66;03m# urllib3.request. It also calls makefile (recv) on the socket.\u001b[39;00m\n","File \u001b[0;32m/opt/conda/lib/python3.10/site-packages/urllib3/connectionpool.py:467\u001b[0m, in \u001b[0;36mHTTPConnectionPool._make_request\u001b[0;34m(self, conn, method, url, body, headers, retries, timeout, chunked, response_conn, preload_content, decode_content, enforce_content_length)\u001b[0m\n\u001b[1;32m    466\u001b[0m \u001b[38;5;28;01mtry\u001b[39;00m:\n\u001b[0;32m--> 467\u001b[0m     \u001b[38;5;28;43mself\u001b[39;49m\u001b[38;5;241;43m.\u001b[39;49m\u001b[43m_validate_conn\u001b[49m\u001b[43m(\u001b[49m\u001b[43mconn\u001b[49m\u001b[43m)\u001b[49m\n\u001b[1;32m    468\u001b[0m \u001b[38;5;28;01mexcept\u001b[39;00m (SocketTimeout, BaseSSLError) \u001b[38;5;28;01mas\u001b[39;00m e:\n","File \u001b[0;32m/opt/conda/lib/python3.10/site-packages/urllib3/connectionpool.py:1096\u001b[0m, in \u001b[0;36mHTTPSConnectionPool._validate_conn\u001b[0;34m(self, conn)\u001b[0m\n\u001b[1;32m   1095\u001b[0m \u001b[38;5;28;01mif\u001b[39;00m conn\u001b[38;5;241m.\u001b[39mis_closed:\n\u001b[0;32m-> 1096\u001b[0m     \u001b[43mconn\u001b[49m\u001b[38;5;241;43m.\u001b[39;49m\u001b[43mconnect\u001b[49m\u001b[43m(\u001b[49m\u001b[43m)\u001b[49m\n\u001b[1;32m   1098\u001b[0m \u001b[38;5;28;01mif\u001b[39;00m \u001b[38;5;129;01mnot\u001b[39;00m conn\u001b[38;5;241m.\u001b[39mis_verified:\n","File \u001b[0;32m/opt/conda/lib/python3.10/site-packages/urllib3/connection.py:611\u001b[0m, in \u001b[0;36mHTTPSConnection.connect\u001b[0;34m(self)\u001b[0m\n\u001b[1;32m    610\u001b[0m sock: socket\u001b[38;5;241m.\u001b[39msocket \u001b[38;5;241m|\u001b[39m ssl\u001b[38;5;241m.\u001b[39mSSLSocket\n\u001b[0;32m--> 611\u001b[0m \u001b[38;5;28mself\u001b[39m\u001b[38;5;241m.\u001b[39msock \u001b[38;5;241m=\u001b[39m sock \u001b[38;5;241m=\u001b[39m \u001b[38;5;28;43mself\u001b[39;49m\u001b[38;5;241;43m.\u001b[39;49m\u001b[43m_new_conn\u001b[49m\u001b[43m(\u001b[49m\u001b[43m)\u001b[49m\n\u001b[1;32m    612\u001b[0m server_hostname: \u001b[38;5;28mstr\u001b[39m \u001b[38;5;241m=\u001b[39m \u001b[38;5;28mself\u001b[39m\u001b[38;5;241m.\u001b[39mhost\n","File \u001b[0;32m/opt/conda/lib/python3.10/site-packages/urllib3/connection.py:210\u001b[0m, in \u001b[0;36mHTTPConnection._new_conn\u001b[0;34m(self)\u001b[0m\n\u001b[1;32m    209\u001b[0m \u001b[38;5;28;01mexcept\u001b[39;00m socket\u001b[38;5;241m.\u001b[39mgaierror \u001b[38;5;28;01mas\u001b[39;00m e:\n\u001b[0;32m--> 210\u001b[0m     \u001b[38;5;28;01mraise\u001b[39;00m NameResolutionError(\u001b[38;5;28mself\u001b[39m\u001b[38;5;241m.\u001b[39mhost, \u001b[38;5;28mself\u001b[39m, e) \u001b[38;5;28;01mfrom\u001b[39;00m \u001b[38;5;21;01me\u001b[39;00m\n\u001b[1;32m    211\u001b[0m \u001b[38;5;28;01mexcept\u001b[39;00m SocketTimeout \u001b[38;5;28;01mas\u001b[39;00m e:\n","\u001b[0;31mNameResolutionError\u001b[0m: <urllib3.connection.HTTPSConnection object at 0x7cb53539f5e0>: Failed to resolve 'huggingface.co' ([Errno -3] Temporary failure in name resolution)","\nThe above exception was the direct cause of the following exception:\n","\u001b[0;31mMaxRetryError\u001b[0m                             Traceback (most recent call last)","File \u001b[0;32m/opt/conda/lib/python3.10/site-packages/requests/adapters.py:667\u001b[0m, in \u001b[0;36mHTTPAdapter.send\u001b[0;34m(self, request, stream, timeout, verify, cert, proxies)\u001b[0m\n\u001b[1;32m    666\u001b[0m \u001b[38;5;28;01mtry\u001b[39;00m:\n\u001b[0;32m--> 667\u001b[0m     resp \u001b[38;5;241m=\u001b[39m \u001b[43mconn\u001b[49m\u001b[38;5;241;43m.\u001b[39;49m\u001b[43murlopen\u001b[49m\u001b[43m(\u001b[49m\n\u001b[1;32m    668\u001b[0m \u001b[43m        \u001b[49m\u001b[43mmethod\u001b[49m\u001b[38;5;241;43m=\u001b[39;49m\u001b[43mrequest\u001b[49m\u001b[38;5;241;43m.\u001b[39;49m\u001b[43mmethod\u001b[49m\u001b[43m,\u001b[49m\n\u001b[1;32m    669\u001b[0m \u001b[43m        \u001b[49m\u001b[43murl\u001b[49m\u001b[38;5;241;43m=\u001b[39;49m\u001b[43murl\u001b[49m\u001b[43m,\u001b[49m\n\u001b[1;32m    670\u001b[0m \u001b[43m        \u001b[49m\u001b[43mbody\u001b[49m\u001b[38;5;241;43m=\u001b[39;49m\u001b[43mrequest\u001b[49m\u001b[38;5;241;43m.\u001b[39;49m\u001b[43mbody\u001b[49m\u001b[43m,\u001b[49m\n\u001b[1;32m    671\u001b[0m \u001b[43m        \u001b[49m\u001b[43mheaders\u001b[49m\u001b[38;5;241;43m=\u001b[39;49m\u001b[43mrequest\u001b[49m\u001b[38;5;241;43m.\u001b[39;49m\u001b[43mheaders\u001b[49m\u001b[43m,\u001b[49m\n\u001b[1;32m    672\u001b[0m \u001b[43m        \u001b[49m\u001b[43mredirect\u001b[49m\u001b[38;5;241;43m=\u001b[39;49m\u001b[38;5;28;43;01mFalse\u001b[39;49;00m\u001b[43m,\u001b[49m\n\u001b[1;32m    673\u001b[0m \u001b[43m        \u001b[49m\u001b[43massert_same_host\u001b[49m\u001b[38;5;241;43m=\u001b[39;49m\u001b[38;5;28;43;01mFalse\u001b[39;49;00m\u001b[43m,\u001b[49m\n\u001b[1;32m    674\u001b[0m \u001b[43m        \u001b[49m\u001b[43mpreload_content\u001b[49m\u001b[38;5;241;43m=\u001b[39;49m\u001b[38;5;28;43;01mFalse\u001b[39;49;00m\u001b[43m,\u001b[49m\n\u001b[1;32m    675\u001b[0m \u001b[43m        \u001b[49m\u001b[43mdecode_content\u001b[49m\u001b[38;5;241;43m=\u001b[39;49m\u001b[38;5;28;43;01mFalse\u001b[39;49;00m\u001b[43m,\u001b[49m\n\u001b[1;32m    676\u001b[0m \u001b[43m        \u001b[49m\u001b[43mretries\u001b[49m\u001b[38;5;241;43m=\u001b[39;49m\u001b[38;5;28;43mself\u001b[39;49m\u001b[38;5;241;43m.\u001b[39;49m\u001b[43mmax_retries\u001b[49m\u001b[43m,\u001b[49m\n\u001b[1;32m    677\u001b[0m \u001b[43m        \u001b[49m\u001b[43mtimeout\u001b[49m\u001b[38;5;241;43m=\u001b[39;49m\u001b[43mtimeout\u001b[49m\u001b[43m,\u001b[49m\n\u001b[1;32m    678\u001b[0m \u001b[43m        \u001b[49m\u001b[43mchunked\u001b[49m\u001b[38;5;241;43m=\u001b[39;49m\u001b[43mchunked\u001b[49m\u001b[43m,\u001b[49m\n\u001b[1;32m    679\u001b[0m \u001b[43m    \u001b[49m\u001b[43m)\u001b[49m\n\u001b[1;32m    681\u001b[0m \u001b[38;5;28;01mexcept\u001b[39;00m (ProtocolError, \u001b[38;5;167;01mOSError\u001b[39;00m) \u001b[38;5;28;01mas\u001b[39;00m err:\n","File \u001b[0;32m/opt/conda/lib/python3.10/site-packages/urllib3/connectionpool.py:844\u001b[0m, in \u001b[0;36mHTTPConnectionPool.urlopen\u001b[0;34m(self, method, url, body, headers, retries, redirect, assert_same_host, timeout, pool_timeout, release_conn, chunked, body_pos, preload_content, decode_content, **response_kw)\u001b[0m\n\u001b[1;32m    842\u001b[0m     new_e \u001b[38;5;241m=\u001b[39m ProtocolError(\u001b[38;5;124m\"\u001b[39m\u001b[38;5;124mConnection aborted.\u001b[39m\u001b[38;5;124m\"\u001b[39m, new_e)\n\u001b[0;32m--> 844\u001b[0m retries \u001b[38;5;241m=\u001b[39m \u001b[43mretries\u001b[49m\u001b[38;5;241;43m.\u001b[39;49m\u001b[43mincrement\u001b[49m\u001b[43m(\u001b[49m\n\u001b[1;32m    845\u001b[0m \u001b[43m    \u001b[49m\u001b[43mmethod\u001b[49m\u001b[43m,\u001b[49m\u001b[43m \u001b[49m\u001b[43murl\u001b[49m\u001b[43m,\u001b[49m\u001b[43m \u001b[49m\u001b[43merror\u001b[49m\u001b[38;5;241;43m=\u001b[39;49m\u001b[43mnew_e\u001b[49m\u001b[43m,\u001b[49m\u001b[43m \u001b[49m\u001b[43m_pool\u001b[49m\u001b[38;5;241;43m=\u001b[39;49m\u001b[38;5;28;43mself\u001b[39;49m\u001b[43m,\u001b[49m\u001b[43m \u001b[49m\u001b[43m_stacktrace\u001b[49m\u001b[38;5;241;43m=\u001b[39;49m\u001b[43msys\u001b[49m\u001b[38;5;241;43m.\u001b[39;49m\u001b[43mexc_info\u001b[49m\u001b[43m(\u001b[49m\u001b[43m)\u001b[49m\u001b[43m[\u001b[49m\u001b[38;5;241;43m2\u001b[39;49m\u001b[43m]\u001b[49m\n\u001b[1;32m    846\u001b[0m \u001b[43m\u001b[49m\u001b[43m)\u001b[49m\n\u001b[1;32m    847\u001b[0m retries\u001b[38;5;241m.\u001b[39msleep()\n","File \u001b[0;32m/opt/conda/lib/python3.10/site-packages/urllib3/util/retry.py:515\u001b[0m, in \u001b[0;36mRetry.increment\u001b[0;34m(self, method, url, response, error, _pool, _stacktrace)\u001b[0m\n\u001b[1;32m    514\u001b[0m     reason \u001b[38;5;241m=\u001b[39m error \u001b[38;5;129;01mor\u001b[39;00m ResponseError(cause)\n\u001b[0;32m--> 515\u001b[0m     \u001b[38;5;28;01mraise\u001b[39;00m MaxRetryError(_pool, url, reason) \u001b[38;5;28;01mfrom\u001b[39;00m \u001b[38;5;21;01mreason\u001b[39;00m  \u001b[38;5;66;03m# type: ignore[arg-type]\u001b[39;00m\n\u001b[1;32m    517\u001b[0m log\u001b[38;5;241m.\u001b[39mdebug(\u001b[38;5;124m\"\u001b[39m\u001b[38;5;124mIncremented Retry for (url=\u001b[39m\u001b[38;5;124m'\u001b[39m\u001b[38;5;132;01m%s\u001b[39;00m\u001b[38;5;124m'\u001b[39m\u001b[38;5;124m): \u001b[39m\u001b[38;5;132;01m%r\u001b[39;00m\u001b[38;5;124m\"\u001b[39m, url, new_retry)\n","\u001b[0;31mMaxRetryError\u001b[0m: HTTPSConnectionPool(host='huggingface.co', port=443): Max retries exceeded with url: /cardiffnlp/twitter-roberta-base-sentiment/resolve/main/config.json (Caused by NameResolutionError(\"<urllib3.connection.HTTPSConnection object at 0x7cb53539f5e0>: Failed to resolve 'huggingface.co' ([Errno -3] Temporary failure in name resolution)\"))","\nDuring handling of the above exception, another exception occurred:\n","\u001b[0;31mConnectionError\u001b[0m                           Traceback (most recent call last)","File \u001b[0;32m/opt/conda/lib/python3.10/site-packages/huggingface_hub/file_download.py:1722\u001b[0m, in \u001b[0;36m_get_metadata_or_catch_error\u001b[0;34m(repo_id, filename, repo_type, revision, endpoint, proxies, etag_timeout, headers, local_files_only, relative_filename, storage_folder)\u001b[0m\n\u001b[1;32m   1721\u001b[0m \u001b[38;5;28;01mtry\u001b[39;00m:\n\u001b[0;32m-> 1722\u001b[0m     metadata \u001b[38;5;241m=\u001b[39m \u001b[43mget_hf_file_metadata\u001b[49m\u001b[43m(\u001b[49m\u001b[43murl\u001b[49m\u001b[38;5;241;43m=\u001b[39;49m\u001b[43murl\u001b[49m\u001b[43m,\u001b[49m\u001b[43m \u001b[49m\u001b[43mproxies\u001b[49m\u001b[38;5;241;43m=\u001b[39;49m\u001b[43mproxies\u001b[49m\u001b[43m,\u001b[49m\u001b[43m \u001b[49m\u001b[43mtimeout\u001b[49m\u001b[38;5;241;43m=\u001b[39;49m\u001b[43metag_timeout\u001b[49m\u001b[43m,\u001b[49m\u001b[43m \u001b[49m\u001b[43mheaders\u001b[49m\u001b[38;5;241;43m=\u001b[39;49m\u001b[43mheaders\u001b[49m\u001b[43m)\u001b[49m\n\u001b[1;32m   1723\u001b[0m \u001b[38;5;28;01mexcept\u001b[39;00m EntryNotFoundError \u001b[38;5;28;01mas\u001b[39;00m http_error:\n","File \u001b[0;32m/opt/conda/lib/python3.10/site-packages/huggingface_hub/utils/_validators.py:114\u001b[0m, in \u001b[0;36mvalidate_hf_hub_args.<locals>._inner_fn\u001b[0;34m(*args, **kwargs)\u001b[0m\n\u001b[1;32m    112\u001b[0m     kwargs \u001b[38;5;241m=\u001b[39m smoothly_deprecate_use_auth_token(fn_name\u001b[38;5;241m=\u001b[39mfn\u001b[38;5;241m.\u001b[39m\u001b[38;5;18m__name__\u001b[39m, has_token\u001b[38;5;241m=\u001b[39mhas_token, kwargs\u001b[38;5;241m=\u001b[39mkwargs)\n\u001b[0;32m--> 114\u001b[0m \u001b[38;5;28;01mreturn\u001b[39;00m \u001b[43mfn\u001b[49m\u001b[43m(\u001b[49m\u001b[38;5;241;43m*\u001b[39;49m\u001b[43margs\u001b[49m\u001b[43m,\u001b[49m\u001b[43m \u001b[49m\u001b[38;5;241;43m*\u001b[39;49m\u001b[38;5;241;43m*\u001b[39;49m\u001b[43mkwargs\u001b[49m\u001b[43m)\u001b[49m\n","File \u001b[0;32m/opt/conda/lib/python3.10/site-packages/huggingface_hub/file_download.py:1645\u001b[0m, in \u001b[0;36mget_hf_file_metadata\u001b[0;34m(url, token, proxies, timeout, library_name, library_version, user_agent, headers)\u001b[0m\n\u001b[1;32m   1644\u001b[0m \u001b[38;5;66;03m# Retrieve metadata\u001b[39;00m\n\u001b[0;32m-> 1645\u001b[0m r \u001b[38;5;241m=\u001b[39m \u001b[43m_request_wrapper\u001b[49m\u001b[43m(\u001b[49m\n\u001b[1;32m   1646\u001b[0m \u001b[43m    \u001b[49m\u001b[43mmethod\u001b[49m\u001b[38;5;241;43m=\u001b[39;49m\u001b[38;5;124;43m\"\u001b[39;49m\u001b[38;5;124;43mHEAD\u001b[39;49m\u001b[38;5;124;43m\"\u001b[39;49m\u001b[43m,\u001b[49m\n\u001b[1;32m   1647\u001b[0m \u001b[43m    \u001b[49m\u001b[43murl\u001b[49m\u001b[38;5;241;43m=\u001b[39;49m\u001b[43murl\u001b[49m\u001b[43m,\u001b[49m\n\u001b[1;32m   1648\u001b[0m \u001b[43m    \u001b[49m\u001b[43mheaders\u001b[49m\u001b[38;5;241;43m=\u001b[39;49m\u001b[43mheaders\u001b[49m\u001b[43m,\u001b[49m\n\u001b[1;32m   1649\u001b[0m \u001b[43m    \u001b[49m\u001b[43mallow_redirects\u001b[49m\u001b[38;5;241;43m=\u001b[39;49m\u001b[38;5;28;43;01mFalse\u001b[39;49;00m\u001b[43m,\u001b[49m\n\u001b[1;32m   1650\u001b[0m \u001b[43m    \u001b[49m\u001b[43mfollow_relative_redirects\u001b[49m\u001b[38;5;241;43m=\u001b[39;49m\u001b[38;5;28;43;01mTrue\u001b[39;49;00m\u001b[43m,\u001b[49m\n\u001b[1;32m   1651\u001b[0m \u001b[43m    \u001b[49m\u001b[43mproxies\u001b[49m\u001b[38;5;241;43m=\u001b[39;49m\u001b[43mproxies\u001b[49m\u001b[43m,\u001b[49m\n\u001b[1;32m   1652\u001b[0m \u001b[43m    \u001b[49m\u001b[43mtimeout\u001b[49m\u001b[38;5;241;43m=\u001b[39;49m\u001b[43mtimeout\u001b[49m\u001b[43m,\u001b[49m\n\u001b[1;32m   1653\u001b[0m \u001b[43m\u001b[49m\u001b[43m)\u001b[49m\n\u001b[1;32m   1654\u001b[0m hf_raise_for_status(r)\n","File \u001b[0;32m/opt/conda/lib/python3.10/site-packages/huggingface_hub/file_download.py:372\u001b[0m, in \u001b[0;36m_request_wrapper\u001b[0;34m(method, url, follow_relative_redirects, **params)\u001b[0m\n\u001b[1;32m    371\u001b[0m \u001b[38;5;28;01mif\u001b[39;00m follow_relative_redirects:\n\u001b[0;32m--> 372\u001b[0m     response \u001b[38;5;241m=\u001b[39m \u001b[43m_request_wrapper\u001b[49m\u001b[43m(\u001b[49m\n\u001b[1;32m    373\u001b[0m \u001b[43m        \u001b[49m\u001b[43mmethod\u001b[49m\u001b[38;5;241;43m=\u001b[39;49m\u001b[43mmethod\u001b[49m\u001b[43m,\u001b[49m\n\u001b[1;32m    374\u001b[0m \u001b[43m        \u001b[49m\u001b[43murl\u001b[49m\u001b[38;5;241;43m=\u001b[39;49m\u001b[43murl\u001b[49m\u001b[43m,\u001b[49m\n\u001b[1;32m    375\u001b[0m \u001b[43m        \u001b[49m\u001b[43mfollow_relative_redirects\u001b[49m\u001b[38;5;241;43m=\u001b[39;49m\u001b[38;5;28;43;01mFalse\u001b[39;49;00m\u001b[43m,\u001b[49m\n\u001b[1;32m    376\u001b[0m \u001b[43m        \u001b[49m\u001b[38;5;241;43m*\u001b[39;49m\u001b[38;5;241;43m*\u001b[39;49m\u001b[43mparams\u001b[49m\u001b[43m,\u001b[49m\n\u001b[1;32m    377\u001b[0m \u001b[43m    \u001b[49m\u001b[43m)\u001b[49m\n\u001b[1;32m    379\u001b[0m     \u001b[38;5;66;03m# If redirection, we redirect only relative paths.\u001b[39;00m\n\u001b[1;32m    380\u001b[0m     \u001b[38;5;66;03m# This is useful in case of a renamed repository.\u001b[39;00m\n","File \u001b[0;32m/opt/conda/lib/python3.10/site-packages/huggingface_hub/file_download.py:395\u001b[0m, in \u001b[0;36m_request_wrapper\u001b[0;34m(method, url, follow_relative_redirects, **params)\u001b[0m\n\u001b[1;32m    394\u001b[0m \u001b[38;5;66;03m# Perform request and return if status_code is not in the retry list.\u001b[39;00m\n\u001b[0;32m--> 395\u001b[0m response \u001b[38;5;241m=\u001b[39m \u001b[43mget_session\u001b[49m\u001b[43m(\u001b[49m\u001b[43m)\u001b[49m\u001b[38;5;241;43m.\u001b[39;49m\u001b[43mrequest\u001b[49m\u001b[43m(\u001b[49m\u001b[43mmethod\u001b[49m\u001b[38;5;241;43m=\u001b[39;49m\u001b[43mmethod\u001b[49m\u001b[43m,\u001b[49m\u001b[43m \u001b[49m\u001b[43murl\u001b[49m\u001b[38;5;241;43m=\u001b[39;49m\u001b[43murl\u001b[49m\u001b[43m,\u001b[49m\u001b[43m \u001b[49m\u001b[38;5;241;43m*\u001b[39;49m\u001b[38;5;241;43m*\u001b[39;49m\u001b[43mparams\u001b[49m\u001b[43m)\u001b[49m\n\u001b[1;32m    396\u001b[0m hf_raise_for_status(response)\n","File \u001b[0;32m/opt/conda/lib/python3.10/site-packages/requests/sessions.py:589\u001b[0m, in \u001b[0;36mSession.request\u001b[0;34m(self, method, url, params, data, headers, cookies, files, auth, timeout, allow_redirects, proxies, hooks, stream, verify, cert, json)\u001b[0m\n\u001b[1;32m    588\u001b[0m send_kwargs\u001b[38;5;241m.\u001b[39mupdate(settings)\n\u001b[0;32m--> 589\u001b[0m resp \u001b[38;5;241m=\u001b[39m \u001b[38;5;28;43mself\u001b[39;49m\u001b[38;5;241;43m.\u001b[39;49m\u001b[43msend\u001b[49m\u001b[43m(\u001b[49m\u001b[43mprep\u001b[49m\u001b[43m,\u001b[49m\u001b[43m \u001b[49m\u001b[38;5;241;43m*\u001b[39;49m\u001b[38;5;241;43m*\u001b[39;49m\u001b[43msend_kwargs\u001b[49m\u001b[43m)\u001b[49m\n\u001b[1;32m    591\u001b[0m \u001b[38;5;28;01mreturn\u001b[39;00m resp\n","File \u001b[0;32m/opt/conda/lib/python3.10/site-packages/requests/sessions.py:703\u001b[0m, in \u001b[0;36mSession.send\u001b[0;34m(self, request, **kwargs)\u001b[0m\n\u001b[1;32m    702\u001b[0m \u001b[38;5;66;03m# Send the request\u001b[39;00m\n\u001b[0;32m--> 703\u001b[0m r \u001b[38;5;241m=\u001b[39m \u001b[43madapter\u001b[49m\u001b[38;5;241;43m.\u001b[39;49m\u001b[43msend\u001b[49m\u001b[43m(\u001b[49m\u001b[43mrequest\u001b[49m\u001b[43m,\u001b[49m\u001b[43m \u001b[49m\u001b[38;5;241;43m*\u001b[39;49m\u001b[38;5;241;43m*\u001b[39;49m\u001b[43mkwargs\u001b[49m\u001b[43m)\u001b[49m\n\u001b[1;32m    705\u001b[0m \u001b[38;5;66;03m# Total elapsed time of the request (approximately)\u001b[39;00m\n","File \u001b[0;32m/opt/conda/lib/python3.10/site-packages/huggingface_hub/utils/_http.py:66\u001b[0m, in \u001b[0;36mUniqueRequestIdAdapter.send\u001b[0;34m(self, request, *args, **kwargs)\u001b[0m\n\u001b[1;32m     65\u001b[0m \u001b[38;5;28;01mtry\u001b[39;00m:\n\u001b[0;32m---> 66\u001b[0m     \u001b[38;5;28;01mreturn\u001b[39;00m \u001b[38;5;28;43msuper\u001b[39;49m\u001b[43m(\u001b[49m\u001b[43m)\u001b[49m\u001b[38;5;241;43m.\u001b[39;49m\u001b[43msend\u001b[49m\u001b[43m(\u001b[49m\u001b[43mrequest\u001b[49m\u001b[43m,\u001b[49m\u001b[43m \u001b[49m\u001b[38;5;241;43m*\u001b[39;49m\u001b[43margs\u001b[49m\u001b[43m,\u001b[49m\u001b[43m \u001b[49m\u001b[38;5;241;43m*\u001b[39;49m\u001b[38;5;241;43m*\u001b[39;49m\u001b[43mkwargs\u001b[49m\u001b[43m)\u001b[49m\n\u001b[1;32m     67\u001b[0m \u001b[38;5;28;01mexcept\u001b[39;00m requests\u001b[38;5;241m.\u001b[39mRequestException \u001b[38;5;28;01mas\u001b[39;00m e:\n","File \u001b[0;32m/opt/conda/lib/python3.10/site-packages/requests/adapters.py:700\u001b[0m, in \u001b[0;36mHTTPAdapter.send\u001b[0;34m(self, request, stream, timeout, verify, cert, proxies)\u001b[0m\n\u001b[1;32m    698\u001b[0m         \u001b[38;5;28;01mraise\u001b[39;00m SSLError(e, request\u001b[38;5;241m=\u001b[39mrequest)\n\u001b[0;32m--> 700\u001b[0m     \u001b[38;5;28;01mraise\u001b[39;00m \u001b[38;5;167;01mConnectionError\u001b[39;00m(e, request\u001b[38;5;241m=\u001b[39mrequest)\n\u001b[1;32m    702\u001b[0m \u001b[38;5;28;01mexcept\u001b[39;00m ClosedPoolError \u001b[38;5;28;01mas\u001b[39;00m e:\n","\u001b[0;31mConnectionError\u001b[0m: (MaxRetryError('HTTPSConnectionPool(host=\\'huggingface.co\\', port=443): Max retries exceeded with url: /cardiffnlp/twitter-roberta-base-sentiment/resolve/main/config.json (Caused by NameResolutionError(\"<urllib3.connection.HTTPSConnection object at 0x7cb53539f5e0>: Failed to resolve \\'huggingface.co\\' ([Errno -3] Temporary failure in name resolution)\"))'), '(Request ID: 12e3ca9b-fff7-4ec2-98d3-be3129ff720f)')","\nThe above exception was the direct cause of the following exception:\n","\u001b[0;31mLocalEntryNotFoundError\u001b[0m                   Traceback (most recent call last)","File \u001b[0;32m/opt/conda/lib/python3.10/site-packages/transformers/utils/hub.py:399\u001b[0m, in \u001b[0;36mcached_file\u001b[0;34m(path_or_repo_id, filename, cache_dir, force_download, resume_download, proxies, token, revision, local_files_only, subfolder, repo_type, user_agent, _raise_exceptions_for_gated_repo, _raise_exceptions_for_missing_entries, _raise_exceptions_for_connection_errors, _commit_hash, **deprecated_kwargs)\u001b[0m\n\u001b[1;32m    397\u001b[0m \u001b[38;5;28;01mtry\u001b[39;00m:\n\u001b[1;32m    398\u001b[0m     \u001b[38;5;66;03m# Load from URL or cache if already cached\u001b[39;00m\n\u001b[0;32m--> 399\u001b[0m     resolved_file \u001b[38;5;241m=\u001b[39m \u001b[43mhf_hub_download\u001b[49m\u001b[43m(\u001b[49m\n\u001b[1;32m    400\u001b[0m \u001b[43m        \u001b[49m\u001b[43mpath_or_repo_id\u001b[49m\u001b[43m,\u001b[49m\n\u001b[1;32m    401\u001b[0m \u001b[43m        \u001b[49m\u001b[43mfilename\u001b[49m\u001b[43m,\u001b[49m\n\u001b[1;32m    402\u001b[0m \u001b[43m        \u001b[49m\u001b[43msubfolder\u001b[49m\u001b[38;5;241;43m=\u001b[39;49m\u001b[38;5;28;43;01mNone\u001b[39;49;00m\u001b[43m \u001b[49m\u001b[38;5;28;43;01mif\u001b[39;49;00m\u001b[43m \u001b[49m\u001b[38;5;28;43mlen\u001b[39;49m\u001b[43m(\u001b[49m\u001b[43msubfolder\u001b[49m\u001b[43m)\u001b[49m\u001b[43m \u001b[49m\u001b[38;5;241;43m==\u001b[39;49m\u001b[43m \u001b[49m\u001b[38;5;241;43m0\u001b[39;49m\u001b[43m \u001b[49m\u001b[38;5;28;43;01melse\u001b[39;49;00m\u001b[43m \u001b[49m\u001b[43msubfolder\u001b[49m\u001b[43m,\u001b[49m\n\u001b[1;32m    403\u001b[0m \u001b[43m        \u001b[49m\u001b[43mrepo_type\u001b[49m\u001b[38;5;241;43m=\u001b[39;49m\u001b[43mrepo_type\u001b[49m\u001b[43m,\u001b[49m\n\u001b[1;32m    404\u001b[0m \u001b[43m        \u001b[49m\u001b[43mrevision\u001b[49m\u001b[38;5;241;43m=\u001b[39;49m\u001b[43mrevision\u001b[49m\u001b[43m,\u001b[49m\n\u001b[1;32m    405\u001b[0m \u001b[43m        \u001b[49m\u001b[43mcache_dir\u001b[49m\u001b[38;5;241;43m=\u001b[39;49m\u001b[43mcache_dir\u001b[49m\u001b[43m,\u001b[49m\n\u001b[1;32m    406\u001b[0m \u001b[43m        \u001b[49m\u001b[43muser_agent\u001b[49m\u001b[38;5;241;43m=\u001b[39;49m\u001b[43muser_agent\u001b[49m\u001b[43m,\u001b[49m\n\u001b[1;32m    407\u001b[0m \u001b[43m        \u001b[49m\u001b[43mforce_download\u001b[49m\u001b[38;5;241;43m=\u001b[39;49m\u001b[43mforce_download\u001b[49m\u001b[43m,\u001b[49m\n\u001b[1;32m    408\u001b[0m \u001b[43m        \u001b[49m\u001b[43mproxies\u001b[49m\u001b[38;5;241;43m=\u001b[39;49m\u001b[43mproxies\u001b[49m\u001b[43m,\u001b[49m\n\u001b[1;32m    409\u001b[0m \u001b[43m        \u001b[49m\u001b[43mresume_download\u001b[49m\u001b[38;5;241;43m=\u001b[39;49m\u001b[43mresume_download\u001b[49m\u001b[43m,\u001b[49m\n\u001b[1;32m    410\u001b[0m \u001b[43m        \u001b[49m\u001b[43mtoken\u001b[49m\u001b[38;5;241;43m=\u001b[39;49m\u001b[43mtoken\u001b[49m\u001b[43m,\u001b[49m\n\u001b[1;32m    411\u001b[0m \u001b[43m        \u001b[49m\u001b[43mlocal_files_only\u001b[49m\u001b[38;5;241;43m=\u001b[39;49m\u001b[43mlocal_files_only\u001b[49m\u001b[43m,\u001b[49m\n\u001b[1;32m    412\u001b[0m \u001b[43m    \u001b[49m\u001b[43m)\u001b[49m\n\u001b[1;32m    413\u001b[0m \u001b[38;5;28;01mexcept\u001b[39;00m GatedRepoError \u001b[38;5;28;01mas\u001b[39;00m e:\n","File \u001b[0;32m/opt/conda/lib/python3.10/site-packages/huggingface_hub/utils/_validators.py:114\u001b[0m, in \u001b[0;36mvalidate_hf_hub_args.<locals>._inner_fn\u001b[0;34m(*args, **kwargs)\u001b[0m\n\u001b[1;32m    112\u001b[0m     kwargs \u001b[38;5;241m=\u001b[39m smoothly_deprecate_use_auth_token(fn_name\u001b[38;5;241m=\u001b[39mfn\u001b[38;5;241m.\u001b[39m\u001b[38;5;18m__name__\u001b[39m, has_token\u001b[38;5;241m=\u001b[39mhas_token, kwargs\u001b[38;5;241m=\u001b[39mkwargs)\n\u001b[0;32m--> 114\u001b[0m \u001b[38;5;28;01mreturn\u001b[39;00m \u001b[43mfn\u001b[49m\u001b[43m(\u001b[49m\u001b[38;5;241;43m*\u001b[39;49m\u001b[43margs\u001b[49m\u001b[43m,\u001b[49m\u001b[43m \u001b[49m\u001b[38;5;241;43m*\u001b[39;49m\u001b[38;5;241;43m*\u001b[39;49m\u001b[43mkwargs\u001b[49m\u001b[43m)\u001b[49m\n","File \u001b[0;32m/opt/conda/lib/python3.10/site-packages/huggingface_hub/file_download.py:1221\u001b[0m, in \u001b[0;36mhf_hub_download\u001b[0;34m(repo_id, filename, subfolder, repo_type, revision, library_name, library_version, cache_dir, local_dir, user_agent, force_download, proxies, etag_timeout, token, local_files_only, headers, endpoint, legacy_cache_layout, resume_download, force_filename, local_dir_use_symlinks)\u001b[0m\n\u001b[1;32m   1220\u001b[0m \u001b[38;5;28;01melse\u001b[39;00m:\n\u001b[0;32m-> 1221\u001b[0m     \u001b[38;5;28;01mreturn\u001b[39;00m \u001b[43m_hf_hub_download_to_cache_dir\u001b[49m\u001b[43m(\u001b[49m\n\u001b[1;32m   1222\u001b[0m \u001b[43m        \u001b[49m\u001b[38;5;66;43;03m# Destination\u001b[39;49;00m\n\u001b[1;32m   1223\u001b[0m \u001b[43m        \u001b[49m\u001b[43mcache_dir\u001b[49m\u001b[38;5;241;43m=\u001b[39;49m\u001b[43mcache_dir\u001b[49m\u001b[43m,\u001b[49m\n\u001b[1;32m   1224\u001b[0m \u001b[43m        \u001b[49m\u001b[38;5;66;43;03m# File info\u001b[39;49;00m\n\u001b[1;32m   1225\u001b[0m \u001b[43m        \u001b[49m\u001b[43mrepo_id\u001b[49m\u001b[38;5;241;43m=\u001b[39;49m\u001b[43mrepo_id\u001b[49m\u001b[43m,\u001b[49m\n\u001b[1;32m   1226\u001b[0m \u001b[43m        \u001b[49m\u001b[43mfilename\u001b[49m\u001b[38;5;241;43m=\u001b[39;49m\u001b[43mfilename\u001b[49m\u001b[43m,\u001b[49m\n\u001b[1;32m   1227\u001b[0m \u001b[43m        \u001b[49m\u001b[43mrepo_type\u001b[49m\u001b[38;5;241;43m=\u001b[39;49m\u001b[43mrepo_type\u001b[49m\u001b[43m,\u001b[49m\n\u001b[1;32m   1228\u001b[0m \u001b[43m        \u001b[49m\u001b[43mrevision\u001b[49m\u001b[38;5;241;43m=\u001b[39;49m\u001b[43mrevision\u001b[49m\u001b[43m,\u001b[49m\n\u001b[1;32m   1229\u001b[0m \u001b[43m        \u001b[49m\u001b[38;5;66;43;03m# HTTP info\u001b[39;49;00m\n\u001b[1;32m   1230\u001b[0m \u001b[43m        \u001b[49m\u001b[43mheaders\u001b[49m\u001b[38;5;241;43m=\u001b[39;49m\u001b[43mheaders\u001b[49m\u001b[43m,\u001b[49m\n\u001b[1;32m   1231\u001b[0m \u001b[43m        \u001b[49m\u001b[43mproxies\u001b[49m\u001b[38;5;241;43m=\u001b[39;49m\u001b[43mproxies\u001b[49m\u001b[43m,\u001b[49m\n\u001b[1;32m   1232\u001b[0m \u001b[43m        \u001b[49m\u001b[43metag_timeout\u001b[49m\u001b[38;5;241;43m=\u001b[39;49m\u001b[43metag_timeout\u001b[49m\u001b[43m,\u001b[49m\n\u001b[1;32m   1233\u001b[0m \u001b[43m        \u001b[49m\u001b[43mendpoint\u001b[49m\u001b[38;5;241;43m=\u001b[39;49m\u001b[43mendpoint\u001b[49m\u001b[43m,\u001b[49m\n\u001b[1;32m   1234\u001b[0m \u001b[43m        \u001b[49m\u001b[38;5;66;43;03m# Additional options\u001b[39;49;00m\n\u001b[1;32m   1235\u001b[0m \u001b[43m        \u001b[49m\u001b[43mlocal_files_only\u001b[49m\u001b[38;5;241;43m=\u001b[39;49m\u001b[43mlocal_files_only\u001b[49m\u001b[43m,\u001b[49m\n\u001b[1;32m   1236\u001b[0m \u001b[43m        \u001b[49m\u001b[43mforce_download\u001b[49m\u001b[38;5;241;43m=\u001b[39;49m\u001b[43mforce_download\u001b[49m\u001b[43m,\u001b[49m\n\u001b[1;32m   1237\u001b[0m \u001b[43m    \u001b[49m\u001b[43m)\u001b[49m\n","File \u001b[0;32m/opt/conda/lib/python3.10/site-packages/huggingface_hub/file_download.py:1325\u001b[0m, in \u001b[0;36m_hf_hub_download_to_cache_dir\u001b[0;34m(cache_dir, repo_id, filename, repo_type, revision, headers, proxies, etag_timeout, endpoint, local_files_only, force_download)\u001b[0m\n\u001b[1;32m   1324\u001b[0m     \u001b[38;5;66;03m# Otherwise, raise appropriate error\u001b[39;00m\n\u001b[0;32m-> 1325\u001b[0m     \u001b[43m_raise_on_head_call_error\u001b[49m\u001b[43m(\u001b[49m\u001b[43mhead_call_error\u001b[49m\u001b[43m,\u001b[49m\u001b[43m \u001b[49m\u001b[43mforce_download\u001b[49m\u001b[43m,\u001b[49m\u001b[43m \u001b[49m\u001b[43mlocal_files_only\u001b[49m\u001b[43m)\u001b[49m\n\u001b[1;32m   1327\u001b[0m \u001b[38;5;66;03m# From now on, etag, commit_hash, url and size are not None.\u001b[39;00m\n","File \u001b[0;32m/opt/conda/lib/python3.10/site-packages/huggingface_hub/file_download.py:1826\u001b[0m, in \u001b[0;36m_raise_on_head_call_error\u001b[0;34m(head_call_error, force_download, local_files_only)\u001b[0m\n\u001b[1;32m   1824\u001b[0m \u001b[38;5;28;01melse\u001b[39;00m:\n\u001b[1;32m   1825\u001b[0m     \u001b[38;5;66;03m# Otherwise: most likely a connection issue or Hub downtime => let's warn the user\u001b[39;00m\n\u001b[0;32m-> 1826\u001b[0m     \u001b[38;5;28;01mraise\u001b[39;00m LocalEntryNotFoundError(\n\u001b[1;32m   1827\u001b[0m         \u001b[38;5;124m\"\u001b[39m\u001b[38;5;124mAn error happened while trying to locate the file on the Hub and we cannot find the requested files\u001b[39m\u001b[38;5;124m\"\u001b[39m\n\u001b[1;32m   1828\u001b[0m         \u001b[38;5;124m\"\u001b[39m\u001b[38;5;124m in the local cache. Please check your connection and try again or make sure your Internet connection\u001b[39m\u001b[38;5;124m\"\u001b[39m\n\u001b[1;32m   1829\u001b[0m         \u001b[38;5;124m\"\u001b[39m\u001b[38;5;124m is on.\u001b[39m\u001b[38;5;124m\"\u001b[39m\n\u001b[1;32m   1830\u001b[0m     ) \u001b[38;5;28;01mfrom\u001b[39;00m \u001b[38;5;21;01mhead_call_error\u001b[39;00m\n","\u001b[0;31mLocalEntryNotFoundError\u001b[0m: An error happened while trying to locate the file on the Hub and we cannot find the requested files in the local cache. Please check your connection and try again or make sure your Internet connection is on.","\nThe above exception was the direct cause of the following exception:\n","\u001b[0;31mOSError\u001b[0m                                   Traceback (most recent call last)","Cell \u001b[0;32mIn[13], line 2\u001b[0m\n\u001b[1;32m      1\u001b[0m MODEL \u001b[38;5;241m=\u001b[39m \u001b[38;5;124mf\u001b[39m\u001b[38;5;124m\"\u001b[39m\u001b[38;5;124mcardiffnlp/twitter-roberta-base-sentiment\u001b[39m\u001b[38;5;124m\"\u001b[39m\n\u001b[0;32m----> 2\u001b[0m tokenizer \u001b[38;5;241m=\u001b[39m \u001b[43mAutoTokenizer\u001b[49m\u001b[38;5;241;43m.\u001b[39;49m\u001b[43mfrom_pretrained\u001b[49m\u001b[43m(\u001b[49m\u001b[43mMODEL\u001b[49m\u001b[43m)\u001b[49m\n\u001b[1;32m      3\u001b[0m model \u001b[38;5;241m=\u001b[39m AutoModelForSequenceClassification\u001b[38;5;241m.\u001b[39mfrom_pretrained(MODEL)\n","File \u001b[0;32m/opt/conda/lib/python3.10/site-packages/transformers/models/auto/tokenization_auto.py:837\u001b[0m, in \u001b[0;36mAutoTokenizer.from_pretrained\u001b[0;34m(cls, pretrained_model_name_or_path, *inputs, **kwargs)\u001b[0m\n\u001b[1;32m    835\u001b[0m         config \u001b[38;5;241m=\u001b[39m AutoConfig\u001b[38;5;241m.\u001b[39mfor_model(\u001b[38;5;241m*\u001b[39m\u001b[38;5;241m*\u001b[39mconfig_dict)\n\u001b[1;32m    836\u001b[0m     \u001b[38;5;28;01melse\u001b[39;00m:\n\u001b[0;32m--> 837\u001b[0m         config \u001b[38;5;241m=\u001b[39m \u001b[43mAutoConfig\u001b[49m\u001b[38;5;241;43m.\u001b[39;49m\u001b[43mfrom_pretrained\u001b[49m\u001b[43m(\u001b[49m\n\u001b[1;32m    838\u001b[0m \u001b[43m            \u001b[49m\u001b[43mpretrained_model_name_or_path\u001b[49m\u001b[43m,\u001b[49m\u001b[43m \u001b[49m\u001b[43mtrust_remote_code\u001b[49m\u001b[38;5;241;43m=\u001b[39;49m\u001b[43mtrust_remote_code\u001b[49m\u001b[43m,\u001b[49m\u001b[43m \u001b[49m\u001b[38;5;241;43m*\u001b[39;49m\u001b[38;5;241;43m*\u001b[39;49m\u001b[43mkwargs\u001b[49m\n\u001b[1;32m    839\u001b[0m \u001b[43m        \u001b[49m\u001b[43m)\u001b[49m\n\u001b[1;32m    840\u001b[0m config_tokenizer_class \u001b[38;5;241m=\u001b[39m config\u001b[38;5;241m.\u001b[39mtokenizer_class\n\u001b[1;32m    841\u001b[0m \u001b[38;5;28;01mif\u001b[39;00m \u001b[38;5;28mhasattr\u001b[39m(config, \u001b[38;5;124m\"\u001b[39m\u001b[38;5;124mauto_map\u001b[39m\u001b[38;5;124m\"\u001b[39m) \u001b[38;5;129;01mand\u001b[39;00m \u001b[38;5;124m\"\u001b[39m\u001b[38;5;124mAutoTokenizer\u001b[39m\u001b[38;5;124m\"\u001b[39m \u001b[38;5;129;01min\u001b[39;00m config\u001b[38;5;241m.\u001b[39mauto_map:\n","File \u001b[0;32m/opt/conda/lib/python3.10/site-packages/transformers/models/auto/configuration_auto.py:934\u001b[0m, in \u001b[0;36mAutoConfig.from_pretrained\u001b[0;34m(cls, pretrained_model_name_or_path, **kwargs)\u001b[0m\n\u001b[1;32m    931\u001b[0m trust_remote_code \u001b[38;5;241m=\u001b[39m kwargs\u001b[38;5;241m.\u001b[39mpop(\u001b[38;5;124m\"\u001b[39m\u001b[38;5;124mtrust_remote_code\u001b[39m\u001b[38;5;124m\"\u001b[39m, \u001b[38;5;28;01mNone\u001b[39;00m)\n\u001b[1;32m    932\u001b[0m code_revision \u001b[38;5;241m=\u001b[39m kwargs\u001b[38;5;241m.\u001b[39mpop(\u001b[38;5;124m\"\u001b[39m\u001b[38;5;124mcode_revision\u001b[39m\u001b[38;5;124m\"\u001b[39m, \u001b[38;5;28;01mNone\u001b[39;00m)\n\u001b[0;32m--> 934\u001b[0m config_dict, unused_kwargs \u001b[38;5;241m=\u001b[39m \u001b[43mPretrainedConfig\u001b[49m\u001b[38;5;241;43m.\u001b[39;49m\u001b[43mget_config_dict\u001b[49m\u001b[43m(\u001b[49m\u001b[43mpretrained_model_name_or_path\u001b[49m\u001b[43m,\u001b[49m\u001b[43m \u001b[49m\u001b[38;5;241;43m*\u001b[39;49m\u001b[38;5;241;43m*\u001b[39;49m\u001b[43mkwargs\u001b[49m\u001b[43m)\u001b[49m\n\u001b[1;32m    935\u001b[0m has_remote_code \u001b[38;5;241m=\u001b[39m \u001b[38;5;124m\"\u001b[39m\u001b[38;5;124mauto_map\u001b[39m\u001b[38;5;124m\"\u001b[39m \u001b[38;5;129;01min\u001b[39;00m config_dict \u001b[38;5;129;01mand\u001b[39;00m \u001b[38;5;124m\"\u001b[39m\u001b[38;5;124mAutoConfig\u001b[39m\u001b[38;5;124m\"\u001b[39m \u001b[38;5;129;01min\u001b[39;00m config_dict[\u001b[38;5;124m\"\u001b[39m\u001b[38;5;124mauto_map\u001b[39m\u001b[38;5;124m\"\u001b[39m]\n\u001b[1;32m    936\u001b[0m has_local_code \u001b[38;5;241m=\u001b[39m \u001b[38;5;124m\"\u001b[39m\u001b[38;5;124mmodel_type\u001b[39m\u001b[38;5;124m\"\u001b[39m \u001b[38;5;129;01min\u001b[39;00m config_dict \u001b[38;5;129;01mand\u001b[39;00m config_dict[\u001b[38;5;124m\"\u001b[39m\u001b[38;5;124mmodel_type\u001b[39m\u001b[38;5;124m\"\u001b[39m] \u001b[38;5;129;01min\u001b[39;00m CONFIG_MAPPING\n","File \u001b[0;32m/opt/conda/lib/python3.10/site-packages/transformers/configuration_utils.py:632\u001b[0m, in \u001b[0;36mPretrainedConfig.get_config_dict\u001b[0;34m(cls, pretrained_model_name_or_path, **kwargs)\u001b[0m\n\u001b[1;32m    630\u001b[0m original_kwargs \u001b[38;5;241m=\u001b[39m copy\u001b[38;5;241m.\u001b[39mdeepcopy(kwargs)\n\u001b[1;32m    631\u001b[0m \u001b[38;5;66;03m# Get config dict associated with the base config file\u001b[39;00m\n\u001b[0;32m--> 632\u001b[0m config_dict, kwargs \u001b[38;5;241m=\u001b[39m \u001b[38;5;28;43mcls\u001b[39;49m\u001b[38;5;241;43m.\u001b[39;49m\u001b[43m_get_config_dict\u001b[49m\u001b[43m(\u001b[49m\u001b[43mpretrained_model_name_or_path\u001b[49m\u001b[43m,\u001b[49m\u001b[43m \u001b[49m\u001b[38;5;241;43m*\u001b[39;49m\u001b[38;5;241;43m*\u001b[39;49m\u001b[43mkwargs\u001b[49m\u001b[43m)\u001b[49m\n\u001b[1;32m    633\u001b[0m \u001b[38;5;28;01mif\u001b[39;00m \u001b[38;5;124m\"\u001b[39m\u001b[38;5;124m_commit_hash\u001b[39m\u001b[38;5;124m\"\u001b[39m \u001b[38;5;129;01min\u001b[39;00m config_dict:\n\u001b[1;32m    634\u001b[0m     original_kwargs[\u001b[38;5;124m\"\u001b[39m\u001b[38;5;124m_commit_hash\u001b[39m\u001b[38;5;124m\"\u001b[39m] \u001b[38;5;241m=\u001b[39m config_dict[\u001b[38;5;124m\"\u001b[39m\u001b[38;5;124m_commit_hash\u001b[39m\u001b[38;5;124m\"\u001b[39m]\n","File \u001b[0;32m/opt/conda/lib/python3.10/site-packages/transformers/configuration_utils.py:689\u001b[0m, in \u001b[0;36mPretrainedConfig._get_config_dict\u001b[0;34m(cls, pretrained_model_name_or_path, **kwargs)\u001b[0m\n\u001b[1;32m    685\u001b[0m configuration_file \u001b[38;5;241m=\u001b[39m kwargs\u001b[38;5;241m.\u001b[39mpop(\u001b[38;5;124m\"\u001b[39m\u001b[38;5;124m_configuration_file\u001b[39m\u001b[38;5;124m\"\u001b[39m, CONFIG_NAME) \u001b[38;5;28;01mif\u001b[39;00m gguf_file \u001b[38;5;129;01mis\u001b[39;00m \u001b[38;5;28;01mNone\u001b[39;00m \u001b[38;5;28;01melse\u001b[39;00m gguf_file\n\u001b[1;32m    687\u001b[0m \u001b[38;5;28;01mtry\u001b[39;00m:\n\u001b[1;32m    688\u001b[0m     \u001b[38;5;66;03m# Load from local folder or from cache or download from model Hub and cache\u001b[39;00m\n\u001b[0;32m--> 689\u001b[0m     resolved_config_file \u001b[38;5;241m=\u001b[39m \u001b[43mcached_file\u001b[49m\u001b[43m(\u001b[49m\n\u001b[1;32m    690\u001b[0m \u001b[43m        \u001b[49m\u001b[43mpretrained_model_name_or_path\u001b[49m\u001b[43m,\u001b[49m\n\u001b[1;32m    691\u001b[0m \u001b[43m        \u001b[49m\u001b[43mconfiguration_file\u001b[49m\u001b[43m,\u001b[49m\n\u001b[1;32m    692\u001b[0m \u001b[43m        \u001b[49m\u001b[43mcache_dir\u001b[49m\u001b[38;5;241;43m=\u001b[39;49m\u001b[43mcache_dir\u001b[49m\u001b[43m,\u001b[49m\n\u001b[1;32m    693\u001b[0m \u001b[43m        \u001b[49m\u001b[43mforce_download\u001b[49m\u001b[38;5;241;43m=\u001b[39;49m\u001b[43mforce_download\u001b[49m\u001b[43m,\u001b[49m\n\u001b[1;32m    694\u001b[0m \u001b[43m        \u001b[49m\u001b[43mproxies\u001b[49m\u001b[38;5;241;43m=\u001b[39;49m\u001b[43mproxies\u001b[49m\u001b[43m,\u001b[49m\n\u001b[1;32m    695\u001b[0m \u001b[43m        \u001b[49m\u001b[43mresume_download\u001b[49m\u001b[38;5;241;43m=\u001b[39;49m\u001b[43mresume_download\u001b[49m\u001b[43m,\u001b[49m\n\u001b[1;32m    696\u001b[0m \u001b[43m        \u001b[49m\u001b[43mlocal_files_only\u001b[49m\u001b[38;5;241;43m=\u001b[39;49m\u001b[43mlocal_files_only\u001b[49m\u001b[43m,\u001b[49m\n\u001b[1;32m    697\u001b[0m \u001b[43m        \u001b[49m\u001b[43mtoken\u001b[49m\u001b[38;5;241;43m=\u001b[39;49m\u001b[43mtoken\u001b[49m\u001b[43m,\u001b[49m\n\u001b[1;32m    698\u001b[0m \u001b[43m        \u001b[49m\u001b[43muser_agent\u001b[49m\u001b[38;5;241;43m=\u001b[39;49m\u001b[43muser_agent\u001b[49m\u001b[43m,\u001b[49m\n\u001b[1;32m    699\u001b[0m \u001b[43m        \u001b[49m\u001b[43mrevision\u001b[49m\u001b[38;5;241;43m=\u001b[39;49m\u001b[43mrevision\u001b[49m\u001b[43m,\u001b[49m\n\u001b[1;32m    700\u001b[0m \u001b[43m        \u001b[49m\u001b[43msubfolder\u001b[49m\u001b[38;5;241;43m=\u001b[39;49m\u001b[43msubfolder\u001b[49m\u001b[43m,\u001b[49m\n\u001b[1;32m    701\u001b[0m \u001b[43m        \u001b[49m\u001b[43m_commit_hash\u001b[49m\u001b[38;5;241;43m=\u001b[39;49m\u001b[43mcommit_hash\u001b[49m\u001b[43m,\u001b[49m\n\u001b[1;32m    702\u001b[0m \u001b[43m    \u001b[49m\u001b[43m)\u001b[49m\n\u001b[1;32m    703\u001b[0m     commit_hash \u001b[38;5;241m=\u001b[39m extract_commit_hash(resolved_config_file, commit_hash)\n\u001b[1;32m    704\u001b[0m \u001b[38;5;28;01mexcept\u001b[39;00m \u001b[38;5;167;01mEnvironmentError\u001b[39;00m:\n\u001b[1;32m    705\u001b[0m     \u001b[38;5;66;03m# Raise any environment error raise by `cached_file`. It will have a helpful error message adapted to\u001b[39;00m\n\u001b[1;32m    706\u001b[0m     \u001b[38;5;66;03m# the original exception.\u001b[39;00m\n","File \u001b[0;32m/opt/conda/lib/python3.10/site-packages/transformers/utils/hub.py:442\u001b[0m, in \u001b[0;36mcached_file\u001b[0;34m(path_or_repo_id, filename, cache_dir, force_download, resume_download, proxies, token, revision, local_files_only, subfolder, repo_type, user_agent, _raise_exceptions_for_gated_repo, _raise_exceptions_for_missing_entries, _raise_exceptions_for_connection_errors, _commit_hash, **deprecated_kwargs)\u001b[0m\n\u001b[1;32m    436\u001b[0m     \u001b[38;5;28;01mif\u001b[39;00m (\n\u001b[1;32m    437\u001b[0m         resolved_file \u001b[38;5;129;01mis\u001b[39;00m \u001b[38;5;129;01mnot\u001b[39;00m \u001b[38;5;28;01mNone\u001b[39;00m\n\u001b[1;32m    438\u001b[0m         \u001b[38;5;129;01mor\u001b[39;00m \u001b[38;5;129;01mnot\u001b[39;00m _raise_exceptions_for_missing_entries\n\u001b[1;32m    439\u001b[0m         \u001b[38;5;129;01mor\u001b[39;00m \u001b[38;5;129;01mnot\u001b[39;00m _raise_exceptions_for_connection_errors\n\u001b[1;32m    440\u001b[0m     ):\n\u001b[1;32m    441\u001b[0m         \u001b[38;5;28;01mreturn\u001b[39;00m resolved_file\n\u001b[0;32m--> 442\u001b[0m     \u001b[38;5;28;01mraise\u001b[39;00m \u001b[38;5;167;01mEnvironmentError\u001b[39;00m(\n\u001b[1;32m    443\u001b[0m         \u001b[38;5;124mf\u001b[39m\u001b[38;5;124m\"\u001b[39m\u001b[38;5;124mWe couldn\u001b[39m\u001b[38;5;124m'\u001b[39m\u001b[38;5;124mt connect to \u001b[39m\u001b[38;5;124m'\u001b[39m\u001b[38;5;132;01m{\u001b[39;00mHUGGINGFACE_CO_RESOLVE_ENDPOINT\u001b[38;5;132;01m}\u001b[39;00m\u001b[38;5;124m'\u001b[39m\u001b[38;5;124m to load this file, couldn\u001b[39m\u001b[38;5;124m'\u001b[39m\u001b[38;5;124mt find it in the\u001b[39m\u001b[38;5;124m\"\u001b[39m\n\u001b[1;32m    444\u001b[0m         \u001b[38;5;124mf\u001b[39m\u001b[38;5;124m\"\u001b[39m\u001b[38;5;124m cached files and it looks like \u001b[39m\u001b[38;5;132;01m{\u001b[39;00mpath_or_repo_id\u001b[38;5;132;01m}\u001b[39;00m\u001b[38;5;124m is not the path to a directory containing a file named\u001b[39m\u001b[38;5;124m\"\u001b[39m\n\u001b[1;32m    445\u001b[0m         \u001b[38;5;124mf\u001b[39m\u001b[38;5;124m\"\u001b[39m\u001b[38;5;124m \u001b[39m\u001b[38;5;132;01m{\u001b[39;00mfull_filename\u001b[38;5;132;01m}\u001b[39;00m\u001b[38;5;124m.\u001b[39m\u001b[38;5;130;01m\\n\u001b[39;00m\u001b[38;5;124mCheckout your internet connection or see how to run the library in offline mode at\u001b[39m\u001b[38;5;124m\"\u001b[39m\n\u001b[1;32m    446\u001b[0m         \u001b[38;5;124m\"\u001b[39m\u001b[38;5;124m \u001b[39m\u001b[38;5;124m'\u001b[39m\u001b[38;5;124mhttps://huggingface.co/docs/transformers/installation#offline-mode\u001b[39m\u001b[38;5;124m'\u001b[39m\u001b[38;5;124m.\u001b[39m\u001b[38;5;124m\"\u001b[39m\n\u001b[1;32m    447\u001b[0m     ) \u001b[38;5;28;01mfrom\u001b[39;00m \u001b[38;5;21;01me\u001b[39;00m\n\u001b[1;32m    448\u001b[0m \u001b[38;5;28;01mexcept\u001b[39;00m EntryNotFoundError \u001b[38;5;28;01mas\u001b[39;00m e:\n\u001b[1;32m    449\u001b[0m     \u001b[38;5;28;01mif\u001b[39;00m \u001b[38;5;129;01mnot\u001b[39;00m _raise_exceptions_for_missing_entries:\n","\u001b[0;31mOSError\u001b[0m: We couldn't connect to 'https://huggingface.co' to load this file, couldn't find it in the cached files and it looks like cardiffnlp/twitter-roberta-base-sentiment is not the path to a directory containing a file named config.json.\nCheckout your internet connection or see how to run the library in offline mode at 'https://huggingface.co/docs/transformers/installation#offline-mode'."],"ename":"OSError","evalue":"We couldn't connect to 'https://huggingface.co' to load this file, couldn't find it in the cached files and it looks like cardiffnlp/twitter-roberta-base-sentiment is not the path to a directory containing a file named config.json.\nCheckout your internet connection or see how to run the library in offline mode at 'https://huggingface.co/docs/transformers/installation#offline-mode'.","output_type":"error"}]},{"cell_type":"code","source":"encoded_text = tokenizer(example, return_tensors='pt')\noutput = model(**encoded_text)\nscores = output[0][0].detach().numpy()\nscores = softmax(scores)\nscores_dict = {\n    'roberta_neg' : scores[0],\n    'roberta_neu' : scores[1],\n    'roberta_pos' : scores[2]\n}\nprint(scores_dict)","metadata":{"execution":{"iopub.status.busy":"2024-06-29T06:15:03.153795Z","iopub.status.idle":"2024-06-29T06:15:03.154239Z","shell.execute_reply.started":"2024-06-29T06:15:03.154028Z","shell.execute_reply":"2024-06-29T06:15:03.154045Z"},"trusted":true},"execution_count":null,"outputs":[]},{"cell_type":"code","source":"def polarity_scores_roberta(example):\n    encoded_text = tokenizer(example, return_tensors='pt')\n    output = model(**encoded_text)\n    scores = output[0][0].detach().numpy()\n    scores = softmax(scores)\n    scores_dict = {\n        'roberta_neg' : scores[0],\n        'roberta_neu' : scores[1],\n        'roberta_pos' : scores[2]\n    }\n    return scores_dict","metadata":{"execution":{"iopub.status.busy":"2024-06-29T06:15:03.155606Z","iopub.status.idle":"2024-06-29T06:15:03.156038Z","shell.execute_reply.started":"2024-06-29T06:15:03.155842Z","shell.execute_reply":"2024-06-29T06:15:03.155858Z"},"trusted":true},"execution_count":null,"outputs":[]},{"cell_type":"code","source":"res = {}\nfor i, row in tqdm(df.iterrows(), total=len(df)):\n    try:\n        text = row['Text']\n        myid = row['Id']\n        vader_result = sia.polarity_scores(text)\n        vader_result_rename = {}\n        for key, value in vader_result.items():\n            vader_result_rename[f\"vader_{key}\"] = value\n        roberta_result = polarity_scores_roberta(text)\n        both = {**vader_result_rename, **roberta_result}\n        res[myid] = both\n    except RuntimeError:\n        print(f'Broke for id {myid}')","metadata":{"execution":{"iopub.status.busy":"2024-06-29T06:15:03.158104Z","iopub.status.idle":"2024-06-29T06:15:03.158557Z","shell.execute_reply.started":"2024-06-29T06:15:03.158328Z","shell.execute_reply":"2024-06-29T06:15:03.158345Z"},"trusted":true},"execution_count":null,"outputs":[]},{"cell_type":"code","source":"results_df = pd.DataFrame(res).T\nresults_df = results_df.reset_index().rename(columns={'index': 'Id'})\nresults_df = results_df.merge(df, how='left')","metadata":{"execution":{"iopub.status.busy":"2024-06-29T06:15:03.159807Z","iopub.status.idle":"2024-06-29T06:15:03.160202Z","shell.execute_reply.started":"2024-06-29T06:15:03.160010Z","shell.execute_reply":"2024-06-29T06:15:03.160026Z"},"trusted":true},"execution_count":null,"outputs":[]},{"cell_type":"code","source":"results_df.columns","metadata":{"execution":{"iopub.status.busy":"2024-06-29T06:15:03.161583Z","iopub.status.idle":"2024-06-29T06:15:03.161970Z","shell.execute_reply.started":"2024-06-29T06:15:03.161785Z","shell.execute_reply":"2024-06-29T06:15:03.161801Z"},"trusted":true},"execution_count":null,"outputs":[]},{"cell_type":"code","source":"sns.pairplot(data=results_df,\n             vars=['vader_neg', 'vader_neu', 'vader_pos',\n                  'roberta_neg', 'roberta_neu', 'roberta_pos'],\n            hue='Score',\n            palette='tab10')\nplt.show()","metadata":{"execution":{"iopub.status.busy":"2024-06-29T06:15:03.163388Z","iopub.status.idle":"2024-06-29T06:15:03.163803Z","shell.execute_reply.started":"2024-06-29T06:15:03.163614Z","shell.execute_reply":"2024-06-29T06:15:03.163631Z"},"trusted":true},"execution_count":null,"outputs":[]},{"cell_type":"markdown","source":"The Transformers Pipeline","metadata":{}},{"cell_type":"code","source":"from transformers import pipeline\n\nsent_pipeline = pipeline(\"sentiment-analysis\")","metadata":{"execution":{"iopub.status.busy":"2024-06-29T06:15:03.165104Z","iopub.status.idle":"2024-06-29T06:15:03.165488Z","shell.execute_reply.started":"2024-06-29T06:15:03.165301Z","shell.execute_reply":"2024-06-29T06:15:03.165317Z"},"trusted":true},"execution_count":null,"outputs":[]},{"cell_type":"code","source":"sent_pipeline('I love sentiment analysis!')","metadata":{"execution":{"iopub.status.busy":"2024-06-29T06:15:03.167212Z","iopub.status.idle":"2024-06-29T06:15:03.167800Z","shell.execute_reply.started":"2024-06-29T06:15:03.167501Z","shell.execute_reply":"2024-06-29T06:15:03.167542Z"},"trusted":true},"execution_count":null,"outputs":[]}]}